
*** Running vivado
    with args -log prova_gr_ov7670_grayscale_0_0.vds -m64 -product Vivado -mode batch -messageDb vivado.pb -notrace -source prova_gr_ov7670_grayscale_0_0.tcl


****** Vivado v2018.1 (64-bit)
  **** SW Build 2188600 on Wed Apr  4 18:39:19 MDT 2018
  **** IP Build 2185939 on Wed Apr  4 20:55:05 MDT 2018
    ** Copyright 1986-2018 Xilinx, Inc. All Rights Reserved.

source prova_gr_ov7670_grayscale_0_0.tcl -notrace
Command: synth_design -top prova_gr_ov7670_grayscale_0_0 -part xczu3eg-sbva484-1-e -mode out_of_context
Starting synth_design
Attempting to get a license for feature 'Synthesis' and/or device 'xczu3eg'
INFO: [Common 17-349] Got license for feature 'Synthesis' and/or device 'xczu3eg'
INFO: Launching helper process for spawning children vivado processes
INFO: Helper process launched with PID 21657 
---------------------------------------------------------------------------------
Starting RTL Elaboration : Time (s): cpu = 00:00:10 ; elapsed = 00:00:10 . Memory (MB): peak = 1565.688 ; gain = 0.000 ; free physical = 745 ; free virtual = 19101
---------------------------------------------------------------------------------
INFO: [Synth 8-6157] synthesizing module 'prova_gr_ov7670_grayscale_0_0' [/media/kidre/Dati/GIT_TEST/bare-metalProva/myproj/project_1.srcs/sources_1/bd/prova_gr/ip/prova_gr_ov7670_grayscale_0_0/synth/prova_gr_ov7670_grayscale_0_0.v:57]
INFO: [Synth 8-6157] synthesizing module 'ov7670_grayscale' [/media/kidre/Dati/GIT_TEST/bare-metalProva/myproj/project_1.srcs/sources_1/bd/prova_gr/ipshared/9196/hdl/verilog/ov7670_grayscale.v:12]
	Parameter ap_ST_fsm_state1 bound to: 3'b001 
	Parameter ap_ST_fsm_state2 bound to: 3'b010 
	Parameter ap_ST_fsm_state3 bound to: 3'b100 
INFO: [Synth 8-5534] Detected attribute (* fsm_encoding = "none" *) [/media/kidre/Dati/GIT_TEST/bare-metalProva/myproj/project_1.srcs/sources_1/bd/prova_gr/ipshared/9196/hdl/verilog/ov7670_grayscale.v:49]
INFO: [Synth 8-6155] done synthesizing module 'ov7670_grayscale' (1#1) [/media/kidre/Dati/GIT_TEST/bare-metalProva/myproj/project_1.srcs/sources_1/bd/prova_gr/ipshared/9196/hdl/verilog/ov7670_grayscale.v:12]
INFO: [Synth 8-6155] done synthesizing module 'prova_gr_ov7670_grayscale_0_0' (2#1) [/media/kidre/Dati/GIT_TEST/bare-metalProva/myproj/project_1.srcs/sources_1/bd/prova_gr/ip/prova_gr_ov7670_grayscale_0_0/synth/prova_gr_ov7670_grayscale_0_0.v:57]
---------------------------------------------------------------------------------
Finished RTL Elaboration : Time (s): cpu = 00:00:10 ; elapsed = 00:00:11 . Memory (MB): peak = 1565.688 ; gain = 0.000 ; free physical = 693 ; free virtual = 19065
---------------------------------------------------------------------------------

Report Check Netlist: 
+------+------------------+-------+---------+-------+------------------+
|      |Item              |Errors |Warnings |Status |Description       |
+------+------------------+-------+---------+-------+------------------+
|1     |multi_driven_nets |      0|        0|Passed |Multi driven nets |
+------+------------------+-------+---------+-------+------------------+
---------------------------------------------------------------------------------
Start Handling Custom Attributes
---------------------------------------------------------------------------------
---------------------------------------------------------------------------------
Finished Handling Custom Attributes : Time (s): cpu = 00:00:11 ; elapsed = 00:00:11 . Memory (MB): peak = 1565.688 ; gain = 0.000 ; free physical = 678 ; free virtual = 19051
---------------------------------------------------------------------------------
---------------------------------------------------------------------------------
Finished RTL Optimization Phase 1 : Time (s): cpu = 00:00:11 ; elapsed = 00:00:11 . Memory (MB): peak = 1565.688 ; gain = 0.000 ; free physical = 677 ; free virtual = 19051
---------------------------------------------------------------------------------
INFO: [Device 21-403] Loading part xczu3eg-sbva484-1-e
INFO: [Project 1-570] Preparing netlist for logic optimization

Processing XDC Constraints
Initializing timing engine
Parsing XDC File [/media/kidre/Dati/GIT_TEST/bare-metalProva/myproj/project_1.srcs/sources_1/bd/prova_gr/ip/prova_gr_ov7670_grayscale_0_0/constraints/ov7670_grayscale_ooc.xdc] for cell 'inst'
Finished Parsing XDC File [/media/kidre/Dati/GIT_TEST/bare-metalProva/myproj/project_1.srcs/sources_1/bd/prova_gr/ip/prova_gr_ov7670_grayscale_0_0/constraints/ov7670_grayscale_ooc.xdc] for cell 'inst'
Parsing XDC File [/media/kidre/Dati/GIT_TEST/bare-metalProva/myproj/project_1.runs/prova_gr_ov7670_grayscale_0_0_synth_1/dont_touch.xdc]
Finished Parsing XDC File [/media/kidre/Dati/GIT_TEST/bare-metalProva/myproj/project_1.runs/prova_gr_ov7670_grayscale_0_0_synth_1/dont_touch.xdc]
Completed Processing XDC Constraints

INFO: [Project 1-111] Unisim Transformation Summary:
No Unisim elements were transformed.

Constraint Validation Runtime : Time (s): cpu = 00:00:00.02 ; elapsed = 00:00:00.03 . Memory (MB): peak = 2317.965 ; gain = 0.000 ; free physical = 152 ; free virtual = 17715
---------------------------------------------------------------------------------
Finished Constraint Validation : Time (s): cpu = 00:00:34 ; elapsed = 00:00:46 . Memory (MB): peak = 2317.965 ; gain = 752.277 ; free physical = 141 ; free virtual = 17489
---------------------------------------------------------------------------------
---------------------------------------------------------------------------------
Start Loading Part and Timing Information
---------------------------------------------------------------------------------
Loading part: xczu3eg-sbva484-1-e
---------------------------------------------------------------------------------
Finished Loading Part and Timing Information : Time (s): cpu = 00:00:34 ; elapsed = 00:00:46 . Memory (MB): peak = 2317.965 ; gain = 752.277 ; free physical = 140 ; free virtual = 17489
---------------------------------------------------------------------------------
---------------------------------------------------------------------------------
Start Applying 'set_property' XDC Constraints
---------------------------------------------------------------------------------
Applied set_property DONT_TOUCH = true for inst. (constraint file  /media/kidre/Dati/GIT_TEST/bare-metalProva/myproj/project_1.runs/prova_gr_ov7670_grayscale_0_0_synth_1/dont_touch.xdc, line 9).
---------------------------------------------------------------------------------
Finished applying 'set_property' XDC Constraints : Time (s): cpu = 00:00:34 ; elapsed = 00:00:46 . Memory (MB): peak = 2317.965 ; gain = 752.277 ; free physical = 136 ; free virtual = 17489
---------------------------------------------------------------------------------
INFO: [Synth 8-4490] FSM extraction disabled for register 'ap_CS_fsm_reg' through user attribute
---------------------------------------------------------------------------------
Finished RTL Optimization Phase 2 : Time (s): cpu = 00:00:34 ; elapsed = 00:00:46 . Memory (MB): peak = 2317.965 ; gain = 752.277 ; free physical = 118 ; free virtual = 17475
---------------------------------------------------------------------------------

Report RTL Partitions: 
+-+--------------+------------+----------+
| |RTL Partition |Replication |Instances |
+-+--------------+------------+----------+
+-+--------------+------------+----------+
---------------------------------------------------------------------------------
Start RTL Component Statistics 
---------------------------------------------------------------------------------
Detailed RTL Component Info : 
+---XORs : 
	   2 Input      1 Bit         XORs := 1     
+---Registers : 
	                8 Bit    Registers := 4     
	                3 Bit    Registers := 1     
	                2 Bit    Registers := 2     
	                1 Bit    Registers := 6     
+---Muxes : 
	   2 Input      8 Bit        Muxes := 2     
	   5 Input      3 Bit        Muxes := 1     
	   2 Input      3 Bit        Muxes := 1     
	   2 Input      2 Bit        Muxes := 3     
	   4 Input      2 Bit        Muxes := 2     
	   2 Input      1 Bit        Muxes := 2     
---------------------------------------------------------------------------------
Finished RTL Component Statistics 
---------------------------------------------------------------------------------
---------------------------------------------------------------------------------
Start RTL Hierarchical Component Statistics 
---------------------------------------------------------------------------------
Hierarchical RTL Component report 
Module ov7670_grayscale 
Detailed RTL Component Info : 
+---XORs : 
	   2 Input      1 Bit         XORs := 1     
+---Registers : 
	                8 Bit    Registers := 4     
	                3 Bit    Registers := 1     
	                2 Bit    Registers := 2     
	                1 Bit    Registers := 6     
+---Muxes : 
	   2 Input      8 Bit        Muxes := 2     
	   5 Input      3 Bit        Muxes := 1     
	   2 Input      3 Bit        Muxes := 1     
	   2 Input      2 Bit        Muxes := 3     
	   4 Input      2 Bit        Muxes := 2     
	   2 Input      1 Bit        Muxes := 2     
---------------------------------------------------------------------------------
Finished RTL Hierarchical Component Statistics
---------------------------------------------------------------------------------
---------------------------------------------------------------------------------
Start Part Resource Summary
---------------------------------------------------------------------------------
Part Resources:
DSPs: 360 (col length:72)
BRAMs: 432 (col length: RAMB18 72 RAMB36 36)
---------------------------------------------------------------------------------
Finished Part Resource Summary
---------------------------------------------------------------------------------
---------------------------------------------------------------------------------
Start Cross Boundary and Area Optimization
---------------------------------------------------------------------------------
Warning: Parallel synthesis criteria is not met 
---------------------------------------------------------------------------------
Finished Cross Boundary and Area Optimization : Time (s): cpu = 00:00:35 ; elapsed = 00:00:47 . Memory (MB): peak = 2317.965 ; gain = 752.277 ; free physical = 133 ; free virtual = 17408
---------------------------------------------------------------------------------

Report RTL Partitions: 
+-+--------------+------------+----------+
| |RTL Partition |Replication |Instances |
+-+--------------+------------+----------+
+-+--------------+------------+----------+
---------------------------------------------------------------------------------
Start Applying XDC Timing Constraints
---------------------------------------------------------------------------------
---------------------------------------------------------------------------------
Finished Applying XDC Timing Constraints : Time (s): cpu = 00:01:06 ; elapsed = 00:01:41 . Memory (MB): peak = 2724.379 ; gain = 1158.691 ; free physical = 123 ; free virtual = 15377
---------------------------------------------------------------------------------
---------------------------------------------------------------------------------
Start Timing Optimization
---------------------------------------------------------------------------------
---------------------------------------------------------------------------------
Finished Timing Optimization : Time (s): cpu = 00:01:06 ; elapsed = 00:01:42 . Memory (MB): peak = 2734.395 ; gain = 1168.707 ; free physical = 144 ; free virtual = 15315
---------------------------------------------------------------------------------

Report RTL Partitions: 
+-+--------------+------------+----------+
| |RTL Partition |Replication |Instances |
+-+--------------+------------+----------+
+-+--------------+------------+----------+
---------------------------------------------------------------------------------
Start Technology Mapping
---------------------------------------------------------------------------------
---------------------------------------------------------------------------------
Finished Technology Mapping : Time (s): cpu = 00:01:06 ; elapsed = 00:01:42 . Memory (MB): peak = 2734.395 ; gain = 1168.707 ; free physical = 143 ; free virtual = 15318
---------------------------------------------------------------------------------

Report RTL Partitions: 
+-+--------------+------------+----------+
| |RTL Partition |Replication |Instances |
+-+--------------+------------+----------+
+-+--------------+------------+----------+
---------------------------------------------------------------------------------
Start IO Insertion
---------------------------------------------------------------------------------
---------------------------------------------------------------------------------
Start Flattening Before IO Insertion
---------------------------------------------------------------------------------
---------------------------------------------------------------------------------
Finished Flattening Before IO Insertion
---------------------------------------------------------------------------------
---------------------------------------------------------------------------------
Start Final Netlist Cleanup
---------------------------------------------------------------------------------
---------------------------------------------------------------------------------
Finished Final Netlist Cleanup
---------------------------------------------------------------------------------
---------------------------------------------------------------------------------
Finished IO Insertion : Time (s): cpu = 00:01:07 ; elapsed = 00:01:42 . Memory (MB): peak = 2734.395 ; gain = 1168.707 ; free physical = 164 ; free virtual = 15101
---------------------------------------------------------------------------------

Report Check Netlist: 
+------+------------------+-------+---------+-------+------------------+
|      |Item              |Errors |Warnings |Status |Description       |
+------+------------------+-------+---------+-------+------------------+
|1     |multi_driven_nets |      0|        0|Passed |Multi driven nets |
+------+------------------+-------+---------+-------+------------------+
---------------------------------------------------------------------------------
Start Renaming Generated Instances
---------------------------------------------------------------------------------
---------------------------------------------------------------------------------
Finished Renaming Generated Instances : Time (s): cpu = 00:01:07 ; elapsed = 00:01:43 . Memory (MB): peak = 2734.395 ; gain = 1168.707 ; free physical = 105 ; free virtual = 15022
---------------------------------------------------------------------------------

Report RTL Partitions: 
+-+--------------+------------+----------+
| |RTL Partition |Replication |Instances |
+-+--------------+------------+----------+
+-+--------------+------------+----------+
---------------------------------------------------------------------------------
Start Rebuilding User Hierarchy
---------------------------------------------------------------------------------
---------------------------------------------------------------------------------
Finished Rebuilding User Hierarchy : Time (s): cpu = 00:01:07 ; elapsed = 00:01:43 . Memory (MB): peak = 2734.395 ; gain = 1168.707 ; free physical = 104 ; free virtual = 14876
---------------------------------------------------------------------------------
---------------------------------------------------------------------------------
Start Renaming Generated Ports
---------------------------------------------------------------------------------
---------------------------------------------------------------------------------
Finished Renaming Generated Ports : Time (s): cpu = 00:01:07 ; elapsed = 00:01:44 . Memory (MB): peak = 2734.395 ; gain = 1168.707 ; free physical = 98 ; free virtual = 14872
---------------------------------------------------------------------------------
---------------------------------------------------------------------------------
Start Handling Custom Attributes
---------------------------------------------------------------------------------
---------------------------------------------------------------------------------
Finished Handling Custom Attributes : Time (s): cpu = 00:01:07 ; elapsed = 00:01:53 . Memory (MB): peak = 2734.395 ; gain = 1168.707 ; free physical = 131 ; free virtual = 14303
---------------------------------------------------------------------------------
---------------------------------------------------------------------------------
Start Renaming Generated Nets
---------------------------------------------------------------------------------
---------------------------------------------------------------------------------
Finished Renaming Generated Nets : Time (s): cpu = 00:01:07 ; elapsed = 00:01:53 . Memory (MB): peak = 2734.395 ; gain = 1168.707 ; free physical = 129 ; free virtual = 14303
---------------------------------------------------------------------------------
---------------------------------------------------------------------------------
Start Writing Synthesis Report
---------------------------------------------------------------------------------

Report BlackBoxes: 
+-+--------------+----------+
| |BlackBox name |Instances |
+-+--------------+----------+
+-+--------------+----------+

Report Cell Usage: 
+------+-----+------+
|      |Cell |Count |
+------+-----+------+
|1     |LUT1 |     1|
|2     |LUT2 |     2|
|3     |LUT3 |    22|
|4     |LUT4 |     2|
|5     |LUT5 |     6|
|6     |LUT6 |     4|
|7     |FDRE |    44|
|8     |FDSE |     1|
+------+-----+------+

Report Instance Areas: 
+------+---------+-----------------+------+
|      |Instance |Module           |Cells |
+------+---------+-----------------+------+
|1     |top      |                 |    82|
|2     |  inst   |ov7670_grayscale |    82|
+------+---------+-----------------+------+
---------------------------------------------------------------------------------
Finished Writing Synthesis Report : Time (s): cpu = 00:01:07 ; elapsed = 00:01:53 . Memory (MB): peak = 2734.395 ; gain = 1168.707 ; free physical = 127 ; free virtual = 14303
---------------------------------------------------------------------------------
Synthesis finished with 0 errors, 0 critical warnings and 0 warnings.
Synthesis Optimization Runtime : Time (s): cpu = 00:00:53 ; elapsed = 00:01:28 . Memory (MB): peak = 2734.395 ; gain = 416.430 ; free physical = 142 ; free virtual = 14341
Synthesis Optimization Complete : Time (s): cpu = 00:01:07 ; elapsed = 00:01:53 . Memory (MB): peak = 2734.402 ; gain = 1168.707 ; free physical = 115 ; free virtual = 14326
INFO: [Project 1-571] Translating synthesized netlist
INFO: [Project 1-570] Preparing netlist for logic optimization
INFO: [Opt 31-138] Pushed 0 inverter(s) to 0 load pin(s).
INFO: [Project 1-111] Unisim Transformation Summary:
No Unisim elements were transformed.

INFO: [Common 17-83] Releasing license: Synthesis
15 Infos, 0 Warnings, 0 Critical Warnings and 0 Errors encountered.
synth_design completed successfully
synth_design: Time (s): cpu = 00:01:09 ; elapsed = 00:01:57 . Memory (MB): peak = 2787.043 ; gain = 1229.359 ; free physical = 199 ; free virtual = 14297
INFO: [Common 17-1381] The checkpoint '/media/kidre/Dati/GIT_TEST/bare-metalProva/myproj/project_1.runs/prova_gr_ov7670_grayscale_0_0_synth_1/prova_gr_ov7670_grayscale_0_0.dcp' has been generated.
