

================================================================
== Vivado HLS Report for 'ov7670_buffer'
================================================================
* Date:           Wed Sep 23 10:37:07 2020

* Version:        2018.1 (Build 2188600 on Wed Apr 04 19:04:02 MDT 2018)
* Project:        filtro_buffer
* Solution:       solution1
* Product family: zynquplus
* Target device:  xczu3eg-sbva484-1-e


================================================================
== Performance Estimates
================================================================
+ Timing (ns): 
    * Summary: 
    +--------+-------+----------+------------+
    |  Clock | Target| Estimated| Uncertainty|
    +--------+-------+----------+------------+
    |ap_clk  |  10.00|      0.33|        1.25|
    +--------+-------+----------+------------+

+ Latency (clock cycles): 
    * Summary: 
    +-----+-----+-----+-----+---------+
    |  Latency  |  Interval | Pipeline|
    | min | max | min | max |   Type  |
    +-----+-----+-----+-----+---------+
    |    2|    2|    2|    2|   none  |
    +-----+-----+-----+-----+---------+

    + Detail: 
        * Instance: 
        N/A

        * Loop: 
        N/A

============================================================
+ Verbose Summary: Synthesis Manager
============================================================
InlineROM: 1
ExposeGlobal: 0
============================================================
+ Verbose Summary: CDFG Model
============================================================
IsTopModel: 1
ResetActiveHigh: 1
IsCombinational: 0
IsDatapathOnly: 0
HasWiredReturn: 1
HasMFsm: 0
HasVarLatency: 1
IsPipeline: 0
IsRtlPipelined: 0
IsInstanceOverlapped: 0
IsDontTouch: 0
HasImplIP: 0
IsGatedGlobalClock: 0


============================================================
+ Verbose Summary: Schedule
============================================================
* Number of FSM states : 3
* Pipeline : 0
* Dataflow Pipeline: 0

* FSM state transitions: 
1 --> 
	2  / true
2 --> 
	3  / true
3 --> 

* FSM state operations: 

 <State 1> : 0.00ns
ST_1 : Operation 4 [2/2] (0.00ns)   --->   "%tmp_V = call i8 @_ssdm_op_Read.axis.volatile.i8P(i8* %inStream_V_V)" [filtro_buffer/.settings/filtrob.cpp:45]   --->   Core 5 'AXI4Stream' <Latency = 0> <II = 1> <Delay = 1.00> <Adapter> <Opcode : >

 <State 2> : 0.00ns
ST_2 : Operation 5 [1/1] (0.00ns)   --->   "call void (...)* @_ssdm_op_SpecBitsMap(i8* %gmem), !map !34"
ST_2 : Operation 6 [1/1] (0.00ns)   --->   "call void (...)* @_ssdm_op_SpecBitsMap(i8* %inStream_V_V), !map !40"
ST_2 : Operation 7 [1/1] (0.00ns)   --->   "call void (...)* @_ssdm_op_SpecBitsMap(i1 %enable_raw_stream), !map !44"
ST_2 : Operation 8 [1/1] (0.00ns)   --->   "call void (...)* @_ssdm_op_SpecBitsMap(i8* %outStream_LUMA_V_V), !map !50"
ST_2 : Operation 9 [1/1] (0.00ns)   --->   "call void (...)* @_ssdm_op_SpecBitsMap(i8* %outStream_CHROMA_V_V), !map !54"
ST_2 : Operation 10 [1/1] (0.00ns)   --->   "call void (...)* @_ssdm_op_SpecTopModule([14 x i8]* @ov7670_buffer_str) nounwind"
ST_2 : Operation 11 [1/1] (0.00ns)   --->   "%enable_raw_stream_re = call i1 @_ssdm_op_Read.ap_none.i1(i1 %enable_raw_stream)"
ST_2 : Operation 12 [1/1] (0.00ns)   --->   "call void (...)* @_ssdm_op_SpecInterface(i1 %enable_raw_stream, [8 x i8]* @p_str, i32 0, i32 0, [1 x i8]* @p_str1, i32 0, i32 0, [1 x i8]* @p_str1, [1 x i8]* @p_str1, [1 x i8]* @p_str1, i32 0, i32 0, i32 0, i32 0, [1 x i8]* @p_str1, [1 x i8]* @p_str1) nounwind" [filtro_buffer/.settings/filtrob.cpp:27]
ST_2 : Operation 13 [1/1] (0.00ns)   --->   "call void (...)* @_ssdm_op_SpecInterface(i8* %inStream_V_V, [5 x i8]* @p_str2, i32 1, i32 1, [5 x i8]* @p_str3, i32 0, i32 0, [1 x i8]* @p_str1, [1 x i8]* @p_str1, [1 x i8]* @p_str1, i32 0, i32 0, i32 0, i32 0, [1 x i8]* @p_str1, [1 x i8]* @p_str1) nounwind" [filtro_buffer/.settings/filtrob.cpp:28]
ST_2 : Operation 14 [1/1] (0.00ns)   --->   "call void (...)* @_ssdm_op_SpecInterface(i8* %gmem, [6 x i8]* @p_str4, i32 0, i32 0, [1 x i8]* @p_str1, i32 0, i32 32, [5 x i8]* @p_str5, [6 x i8]* @p_str6, [1 x i8]* @p_str1, i32 16, i32 16, i32 16, i32 16, [1 x i8]* @p_str1, [1 x i8]* @p_str1) nounwind" [filtro_buffer/.settings/filtrob.cpp:29]
ST_2 : Operation 15 [1/1] (0.00ns)   --->   "call void (...)* @_ssdm_op_SpecInterface(i32 %outStream_grayscale_V, [10 x i8]* @mode, i32 0, i32 0, [1 x i8]* @p_str1, i32 0, i32 32, [1 x i8]* @bundle, [6 x i8]* @p_str6, [1 x i8]* @p_str1, i32 16, i32 16, i32 16, i32 16, [1 x i8]* @p_str1, [1 x i8]* @p_str1) nounwind" [filtro_buffer/.settings/filtrob.cpp:29]
ST_2 : Operation 16 [1/1] (0.00ns)   --->   "call void (...)* @_ssdm_op_SpecInterface(i8* %outStream_LUMA_V_V, [5 x i8]* @p_str2, i32 1, i32 1, [5 x i8]* @p_str3, i32 0, i32 0, [1 x i8]* @p_str1, [1 x i8]* @p_str1, [1 x i8]* @p_str1, i32 0, i32 0, i32 0, i32 0, [1 x i8]* @p_str1, [1 x i8]* @p_str1) nounwind" [filtro_buffer/.settings/filtrob.cpp:30]
ST_2 : Operation 17 [1/1] (0.00ns)   --->   "call void (...)* @_ssdm_op_SpecInterface(i8* %outStream_CHROMA_V_V, [5 x i8]* @p_str2, i32 1, i32 1, [5 x i8]* @p_str3, i32 0, i32 0, [1 x i8]* @p_str1, [1 x i8]* @p_str1, [1 x i8]* @p_str1, i32 0, i32 0, i32 0, i32 0, [1 x i8]* @p_str1, [1 x i8]* @p_str1) nounwind" [filtro_buffer/.settings/filtrob.cpp:31]
ST_2 : Operation 18 [1/1] (0.00ns)   --->   "call void (...)* @_ssdm_op_SpecReset(i32 0, i32 1, [1 x i8]* @p_str1) nounwind" [filtro_buffer/.settings/filtrob.cpp:36]
ST_2 : Operation 19 [1/1] (0.00ns)   --->   "call void (...)* @_ssdm_op_SpecReset(i32 0, i32 1, [1 x i8]* @p_str1) nounwind" [filtro_buffer/.settings/filtrob.cpp:39]
ST_2 : Operation 20 [1/1] (0.00ns)   --->   "call void (...)* @_ssdm_op_SpecReset(i1* @grayscale_valid, i32 1, [1 x i8]* @p_str1) nounwind" [filtro_buffer/.settings/filtrob.cpp:42]
ST_2 : Operation 21 [1/2] (0.00ns)   --->   "%tmp_V = call i8 @_ssdm_op_Read.axis.volatile.i8P(i8* %inStream_V_V)" [filtro_buffer/.settings/filtrob.cpp:45]   --->   Core 5 'AXI4Stream' <Latency = 0> <II = 1> <Delay = 1.00> <Adapter> <Opcode : >
ST_2 : Operation 22 [1/1] (0.00ns)   --->   "%grayscale_valid_load = load i1* @grayscale_valid, align 1" [filtro_buffer/.settings/filtrob.cpp:47]
ST_2 : Operation 23 [1/1] (0.00ns)   --->   "br i1 %grayscale_valid_load, label %1, label %3" [filtro_buffer/.settings/filtrob.cpp:47]
ST_2 : Operation 24 [1/1] (0.00ns)   --->   "br i1 %enable_raw_stream_re, label %4, label %._crit_edge18" [filtro_buffer/.settings/filtrob.cpp:61]
ST_2 : Operation 25 [2/2] (0.00ns)   --->   "call void @_ssdm_op_Write.axis.volatile.i8P(i8* %outStream_CHROMA_V_V, i8 %tmp_V)" [filtro_buffer/.settings/filtrob.cpp:62]   --->   Core 5 'AXI4Stream' <Latency = 0> <II = 1> <Delay = 1.00> <Adapter> <Opcode : >
ST_2 : Operation 26 [1/1] (0.00ns)   --->   "br i1 %enable_raw_stream_re, label %2, label %._crit_edge" [filtro_buffer/.settings/filtrob.cpp:56]
ST_2 : Operation 27 [2/2] (0.00ns)   --->   "call void @_ssdm_op_Write.axis.volatile.i8P(i8* %outStream_LUMA_V_V, i8 %tmp_V)" [filtro_buffer/.settings/filtrob.cpp:57]   --->   Core 5 'AXI4Stream' <Latency = 0> <II = 1> <Delay = 1.00> <Adapter> <Opcode : >

 <State 3> : 0.33ns
ST_3 : Operation 28 [1/2] (0.00ns)   --->   "call void @_ssdm_op_Write.axis.volatile.i8P(i8* %outStream_CHROMA_V_V, i8 %tmp_V)" [filtro_buffer/.settings/filtrob.cpp:62]   --->   Core 5 'AXI4Stream' <Latency = 0> <II = 1> <Delay = 1.00> <Adapter> <Opcode : >
ST_3 : Operation 29 [1/1] (0.00ns)   --->   "br label %._crit_edge18" [filtro_buffer/.settings/filtrob.cpp:62]
ST_3 : Operation 30 [1/1] (0.00ns)   --->   "br label %5"
ST_3 : Operation 31 [1/2] (0.00ns)   --->   "call void @_ssdm_op_Write.axis.volatile.i8P(i8* %outStream_LUMA_V_V, i8 %tmp_V)" [filtro_buffer/.settings/filtrob.cpp:57]   --->   Core 5 'AXI4Stream' <Latency = 0> <II = 1> <Delay = 1.00> <Adapter> <Opcode : >
ST_3 : Operation 32 [1/1] (0.00ns)   --->   "br label %._crit_edge" [filtro_buffer/.settings/filtrob.cpp:57]
ST_3 : Operation 33 [1/1] (0.00ns)   --->   "br label %5" [filtro_buffer/.settings/filtrob.cpp:58]
ST_3 : Operation 34 [1/1] (0.33ns)   --->   "%tmp_5 = xor i1 %grayscale_valid_load, true" [filtro_buffer/.settings/filtrob.cpp:65]   --->   Core 27 'LogicGate' <Latency = 0> <II = 1> <Delay = 0.33> <FuncUnit> <Opcode : 'and' 'or' 'xor'> <InPorts = 2> <OutPorts = 1>
ST_3 : Operation 35 [1/1] (0.00ns)   --->   "store i1 %tmp_5, i1* @grayscale_valid, align 1" [filtro_buffer/.settings/filtrob.cpp:65]
ST_3 : Operation 36 [1/1] (0.00ns)   --->   "ret void" [filtro_buffer/.settings/filtrob.cpp:67]


============================================================
+ Verbose Summary: Timing violations
============================================================
Target clock period: 10ns, clock uncertainty: 1.25ns.

 <State 1>: 0ns
The critical path consists of the following:

 <State 2>: 0ns
The critical path consists of the following:

 <State 3>: 0.331ns
The critical path consists of the following:
	'xor' operation ('tmp_5', filtro_buffer/.settings/filtrob.cpp:65) [42]  (0.331 ns)


============================================================
+ Verbose Summary: Binding
============================================================
N/A
* FSMD analyzer results:
  - Output states:
 - Input state : 
  - Chain level:
	State 1
	State 2
	State 3


============================================================
+ Verbose Summary: Datapath Resource usage 
============================================================
N/A
