==============================================================
File generated on Tue Oct 06 16:34:10 CEST 2020
Vivado(TM) HLS - High-Level Synthesis from C, C++ and SystemC v2018.3 (64-bit)
SW Build 2405991 on Thu Dec  6 23:36:41 MST 2018
IP Build 2404404 on Fri Dec  7 01:43:56 MST 2018
Copyright 1986-2018 Xilinx, Inc. All Rights Reserved.
==============================================================
==============================================================
File generated on Tue Oct 06 16:36:31 CEST 2020
Vivado(TM) HLS - High-Level Synthesis from C, C++ and SystemC v2018.3 (64-bit)
SW Build 2405991 on Thu Dec  6 23:36:41 MST 2018
IP Build 2404404 on Fri Dec  7 01:43:56 MST 2018
Copyright 1986-2018 Xilinx, Inc. All Rights Reserved.
==============================================================
==============================================================
File generated on Tue Oct 06 16:36:50 CEST 2020
Vivado(TM) HLS - High-Level Synthesis from C, C++ and SystemC v2018.3 (64-bit)
SW Build 2405991 on Thu Dec  6 23:36:41 MST 2018
IP Build 2404404 on Fri Dec  7 01:43:56 MST 2018
Copyright 1986-2018 Xilinx, Inc. All Rights Reserved.
==============================================================
==============================================================
File generated on Tue Oct 06 16:37:32 CEST 2020
Vivado(TM) HLS - High-Level Synthesis from C, C++ and SystemC v2018.3 (64-bit)
SW Build 2405991 on Thu Dec  6 23:36:41 MST 2018
IP Build 2404404 on Fri Dec  7 01:43:56 MST 2018
Copyright 1986-2018 Xilinx, Inc. All Rights Reserved.
==============================================================
==============================================================
File generated on Tue Oct 06 16:38:29 CEST 2020
Vivado(TM) HLS - High-Level Synthesis from C, C++ and SystemC v2018.3 (64-bit)
SW Build 2405991 on Thu Dec  6 23:36:41 MST 2018
IP Build 2404404 on Fri Dec  7 01:43:56 MST 2018
Copyright 1986-2018 Xilinx, Inc. All Rights Reserved.
==============================================================
==============================================================
File generated on Tue Oct 06 16:38:59 CEST 2020
Vivado(TM) HLS - High-Level Synthesis from C, C++ and SystemC v2018.3 (64-bit)
SW Build 2405991 on Thu Dec  6 23:36:41 MST 2018
IP Build 2404404 on Fri Dec  7 01:43:56 MST 2018
Copyright 1986-2018 Xilinx, Inc. All Rights Reserved.
==============================================================
==============================================================
File generated on Tue Oct 06 16:39:37 CEST 2020
Vivado(TM) HLS - High-Level Synthesis from C, C++ and SystemC v2018.3 (64-bit)
SW Build 2405991 on Thu Dec  6 23:36:41 MST 2018
IP Build 2404404 on Fri Dec  7 01:43:56 MST 2018
Copyright 1986-2018 Xilinx, Inc. All Rights Reserved.
==============================================================
==============================================================
File generated on Tue Oct 06 16:40:30 CEST 2020
Vivado(TM) HLS - High-Level Synthesis from C, C++ and SystemC v2018.3 (64-bit)
SW Build 2405991 on Thu Dec  6 23:36:41 MST 2018
IP Build 2404404 on Fri Dec  7 01:43:56 MST 2018
Copyright 1986-2018 Xilinx, Inc. All Rights Reserved.
==============================================================
==============================================================
File generated on Tue Oct 06 16:40:51 CEST 2020
Vivado(TM) HLS - High-Level Synthesis from C, C++ and SystemC v2018.3 (64-bit)
SW Build 2405991 on Thu Dec  6 23:36:41 MST 2018
IP Build 2404404 on Fri Dec  7 01:43:56 MST 2018
Copyright 1986-2018 Xilinx, Inc. All Rights Reserved.
==============================================================
==============================================================
File generated on Tue Oct 06 16:41:13 CEST 2020
Vivado(TM) HLS - High-Level Synthesis from C, C++ and SystemC v2018.3 (64-bit)
SW Build 2405991 on Thu Dec  6 23:36:41 MST 2018
IP Build 2404404 on Fri Dec  7 01:43:56 MST 2018
Copyright 1986-2018 Xilinx, Inc. All Rights Reserved.
==============================================================
==============================================================
File generated on Tue Oct 06 16:41:46 CEST 2020
Vivado(TM) HLS - High-Level Synthesis from C, C++ and SystemC v2018.3 (64-bit)
SW Build 2405991 on Thu Dec  6 23:36:41 MST 2018
IP Build 2404404 on Fri Dec  7 01:43:56 MST 2018
Copyright 1986-2018 Xilinx, Inc. All Rights Reserved.
==============================================================
==============================================================
File generated on Tue Oct 06 16:42:11 CEST 2020
Vivado(TM) HLS - High-Level Synthesis from C, C++ and SystemC v2018.3 (64-bit)
SW Build 2405991 on Thu Dec  6 23:36:41 MST 2018
IP Build 2404404 on Fri Dec  7 01:43:56 MST 2018
Copyright 1986-2018 Xilinx, Inc. All Rights Reserved.
==============================================================
==============================================================
File generated on Tue Oct 06 16:42:35 CEST 2020
Vivado(TM) HLS - High-Level Synthesis from C, C++ and SystemC v2018.3 (64-bit)
SW Build 2405991 on Thu Dec  6 23:36:41 MST 2018
IP Build 2404404 on Fri Dec  7 01:43:56 MST 2018
Copyright 1986-2018 Xilinx, Inc. All Rights Reserved.
==============================================================
==============================================================
File generated on Tue Oct 06 16:43:16 CEST 2020
Vivado(TM) HLS - High-Level Synthesis from C, C++ and SystemC v2018.3 (64-bit)
SW Build 2405991 on Thu Dec  6 23:36:41 MST 2018
IP Build 2404404 on Fri Dec  7 01:43:56 MST 2018
Copyright 1986-2018 Xilinx, Inc. All Rights Reserved.
==============================================================
