Copyright 1986-2018 Xilinx, Inc. All Rights Reserved.
---------------------------------------------------------------------------------------------------
| Tool Version      : Vivado v.2018.1 (lin64) Build 2188600 Wed Apr  4 18:39:19 MDT 2018
| Date              : Fri Jul 17 11:17:20 2020
| Host              : kidre-N551JX running 64-bit Ubuntu 16.04.6 LTS
| Command           : report_clock_utilization -file design_1_wrapper_clock_utilization_routed.rpt
| Design            : design_1_wrapper
| Device            : xczu3eg-sbva484
| Speed File        : -1  PRODUCTION 1.19 03-17-2018
| Temperature Grade : E
---------------------------------------------------------------------------------------------------

Clock Utilization Report

Table of Contents
-----------------
1. Clock Primitive Utilization
2. Global Clock Resources
3. Global Clock Source Details
4. Local Clock Details
5. Clock Regions : Clock Primitives
6. Clock Regions : Load Primitives
7. Clock Regions : Global Clock Summary
8. Clock Regions : Routing Resource Utilization
9. Device Cell Placement Summary for Global Clock g0
10. Device Cell Placement Summary for Global Clock g1
11. Device Cell Placement Summary for Global Clock g2
12. Device Cell Placement Summary for Global Clock g3
13. Device Cell Placement Summary for Global Clock g4
14. Clock Region Cell Placement per Global Clock: Region X0Y0
15. Clock Region Cell Placement per Global Clock: Region X1Y0
16. Clock Region Cell Placement per Global Clock: Region X0Y1
17. Clock Region Cell Placement per Global Clock: Region X1Y1
18. Clock Region Cell Placement per Global Clock: Region X0Y2
19. Clock Region Cell Placement per Global Clock: Region X1Y2

1. Clock Primitive Utilization
------------------------------

+------------+------+-----------+-----+--------------+--------+
| Type       | Used | Available | LOC | Clock Region | Pblock |
+------------+------+-----------+-----+--------------+--------+
| BUFGCE     |    4 |        88 |   0 |            0 |      0 |
| BUFGCE_DIV |    0 |        12 |   0 |            0 |      0 |
| BUFGCTRL   |    0 |        24 |   0 |            0 |      0 |
| MMCM       |    1 |         3 |   0 |            0 |      0 |
| PLL        |    0 |         6 |   0 |            0 |      0 |
+------------+------+-----------+-----+--------------+--------+


2. Global Clock Resources
-------------------------

+-----------+-----------+-----------------+------------+---------------+--------------+------+-------------------+-------------------+-------------+-----------------+--------------+-------------------------------------+---------------------------------------------------------------------------+-------------------------------------------------------------------------+
| Global Id | Source Id | Driver Type/Pin | Constraint | Site          | Clock Region | Root | Clock Delay Group | Load Clock Region | Clock Loads | Non-Clock Loads | Clock Period | Clock                               | Driver Pin                                                                | Net                                                                     |
+-----------+-----------+-----------------+------------+---------------+--------------+------+-------------------+-------------------+-------------+-----------------+--------------+-------------------------------------+---------------------------------------------------------------------------+-------------------------------------------------------------------------+
| g0        | src0      | BUFG_PS/O       | None       | BUFG_PS_X0Y48 | X0Y2         | X0Y1 |                   |                 5 |       15578 |               1 |       10.000 | clk_pl_0                            | design_1_i/zynq_ultra_ps_e_0/inst/buffer_pl_clk_0.PL_CLK_0_BUFG/O         | design_1_i/zynq_ultra_ps_e_0/inst/pl_clk0                               |
| g1        | src1      | BUFGCE/O        | None       | BUFGCE_X0Y2   | X1Y0         | X1Y0 | n/a               |                 1 |           0 |               1 |       41.665 | clk_out2_design_1_clk_gen_25M_24M_0 | design_1_i/clk_gen_25M_24M/inst/clkout2_buf/O                             | design_1_i/clk_gen_25M_24M/inst/clk_out2                                |
| g2        | src1      | BUFGCE/O        | None       | BUFGCE_X0Y20  | X1Y0         | X1Y0 | n/a               |                 1 |           0 |               1 |       70.000 | clkfbout_design_1_clk_gen_25M_24M_0 | design_1_i/clk_gen_25M_24M/inst/clkf_buf/O                                | design_1_i/clk_gen_25M_24M/inst/clkfbout_buf_design_1_clk_gen_25M_24M_0 |
| g3        | src2      | BUFGCE/O        | None       | BUFGCE_X0Y56  | X1Y2         | X1Y2 | n/a               |                 2 |           0 |            2915 |          n/a | n/a                                 | design_1_i/reset_100M/U0/ACTIVE_LOW_PR_OUT_DFF[0].FDRE_PER_N_bufg_place/O | design_1_i/reset_100M/U0/peripheral_aresetn[0]                          |
| g4        | src3      | BUFGCE/O        | None       | BUFGCE_X0Y62  | X1Y2         | X1Y2 | n/a               |                 3 |           0 |            1123 |          n/a | n/a                                 | design_1_i/reset_24M/U0/ACTIVE_LOW_PR_OUT_DFF[0].FDRE_PER_N_bufg_place/O  | design_1_i/reset_24M/U0/peripheral_aresetn[0]                           |
+-----------+-----------+-----------------+------------+---------------+--------------+------+-------------------+-------------------+-------------+-----------------+--------------+-------------------------------------+---------------------------------------------------------------------------+-------------------------------------------------------------------------+
* Clock Loads column represents the clock pin loads (pin count)
** Non-Clock Loads column represents the non-clock pin loads (pin count)


3. Global Clock Source Details
------------------------------

+-----------+-----------+---------------------+------------+---------------+--------------+-------------+-----------------+---------------------+-------------------------------------+----------------------------------------------------------------+---------------------------------------------------------------------+
| Source Id | Global Id | Driver Type/Pin     | Constraint | Site          | Clock Region | Clock Loads | Non-Clock Loads | Source Clock Period | Source Clock                        | Driver Pin                                                     | Net                                                                 |
+-----------+-----------+---------------------+------------+---------------+--------------+-------------+-----------------+---------------------+-------------------------------------+----------------------------------------------------------------+---------------------------------------------------------------------+
| src0      | g0        | PS8/PLCLK[0]        | None       | PS8_X0Y0      | X0Y0         |           1 |               0 |              10.000 | clk_pl_0                            | design_1_i/zynq_ultra_ps_e_0/inst/PS8_i/PLCLK[0]               | design_1_i/zynq_ultra_ps_e_0/inst/pl_clk_unbuffered[0]              |
| src1      | g1        | MMCME4_ADV/CLKOUT1  | None       | MMCM_X0Y0     | X1Y0         |           1 |               0 |              41.665 | clk_out2_design_1_clk_gen_25M_24M_0 | design_1_i/clk_gen_25M_24M/inst/mmcme4_adv_inst/CLKOUT1        | design_1_i/clk_gen_25M_24M/inst/clk_out2_design_1_clk_gen_25M_24M_0 |
| src1      | g2        | MMCME4_ADV/CLKFBOUT | None       | MMCM_X0Y0     | X1Y0         |           1 |               0 |              70.000 | clkfbout_design_1_clk_gen_25M_24M_0 | design_1_i/clk_gen_25M_24M/inst/mmcme4_adv_inst/CLKFBOUT       | design_1_i/clk_gen_25M_24M/inst/clkfbout_design_1_clk_gen_25M_24M_0 |
| src2      | g3        | FDRE/Q              | None       | SLICE_X16Y107 | X0Y1         |           1 |              88 |                     |                                     | design_1_i/reset_100M/U0/ACTIVE_LOW_PR_OUT_DFF[0].FDRE_PER_N/Q | design_1_i/reset_100M/U0/peripheral_aresetn[0]_bufg_place           |
| src3      | g4        | FDRE/Q              | None       | SLICE_X13Y126 | X0Y2         |           1 |              42 |                     |                                     | design_1_i/reset_24M/U0/ACTIVE_LOW_PR_OUT_DFF[0].FDRE_PER_N/Q  | design_1_i/reset_24M/U0/peripheral_aresetn[0]_bufg_place            |
+-----------+-----------+---------------------+------------+---------------+--------------+-------------+-----------------+---------------------+-------------------------------------+----------------------------------------------------------------+---------------------------------------------------------------------+
* Clock Loads column represents the clock pin loads (pin count)
** Non-Clock Loads column represents the non-clock pin loads (pin count)


4. Local Clock Details
----------------------

+----------+-----------------+------------+---------------------+--------------+-------------+-----------------+--------------+-------+--------------------------------+------------------+
| Local Id | Driver Type/Pin | Constraint | Site/BEL            | Clock Region | Clock Loads | Non-Clock Loads | Clock Period | Clock | Driver Pin                     | Net              |
+----------+-----------------+------------+---------------------+--------------+-------------+-----------------+--------------+-------+--------------------------------+------------------||
| 0        | IBUFCTRL/O      | IOB_X0Y113 | IOB_X0Y113/IBUFCTRL | X0Y2         |        3730 |               0 |              |       | PCLK_IBUF_inst/IBUFCTRL_INST/O | PCLK_IBUF_inst/O - Static -
+----------+-----------------+------------+---------------------+--------------+-------------+-----------------+--------------+-------+--------------------------------+------------------||
* Local Clocks in this context represents only clocks driven by non-global buffers
** Clock Loads column represents the clock pin loads (pin count)
*** Non-Clock Loads column represents the non-clock pin loads (pin count)


5. Clock Regions : Clock Primitives
-----------------------------------

+-------------------+--------------+--------------+--------------+--------------+--------------+--------------+--------------+
|                   | Global Clock |    BUFGCE    |  BUFGCE_DIV  |   BUFGCTRL   |    BUFG_GT   |     MMCM     |      PLL     |
+-------------------+------+-------+------+-------+------+-------+------+-------+------+-------+------+-------+------+-------+
| Clock Region Name | Used | Avail | Used | Avail | Used | Avail | Used | Avail | Used | Avail | Used | Avail | Used | Avail |
+-------------------+------+-------+------+-------+------+-------+------+-------+------+-------+------+-------+------+-------+
| X0Y0              |    3 |    24 |    0 |     4 |    0 |     0 |    0 |     0 |    0 |     0 |    0 |     0 |    0 |     0 |
| X1Y0              |    5 |    24 |    2 |    28 |    0 |     4 |    0 |     8 |    0 |     0 |    1 |     1 |    0 |     2 |
| X0Y1              |    3 |    24 |    0 |     4 |    0 |     0 |    0 |     0 |    0 |     0 |    0 |     0 |    0 |     0 |
| X1Y1              |    4 |    24 |    0 |    24 |    0 |     4 |    0 |     8 |    0 |     0 |    0 |     1 |    0 |     2 |
| X0Y2              |    3 |    24 |    0 |     4 |    0 |     0 |    0 |     0 |    0 |     0 |    0 |     0 |    0 |     0 |
| X1Y2              |    3 |    24 |    2 |    24 |    0 |     4 |    0 |     8 |    0 |     0 |    0 |     1 |    0 |     2 |
+-------------------+------+-------+------+-------+------+-------+------+-------+------+-------+------+-------+------+-------+
* Global Clock column represents track count; while other columns represents cell counts


6. Clock Regions : Load Primitives
----------------------------------

+-------------------+------------------+------------------+------------------+------------------+------------------+------------------+------------------+
|                   |   Global Clock   |        FF        |      LUTRAM      |  Block RAM (18K) |        DSP       |        GT        |      HARD IP     |
+-------------------+--------+---------+--------+---------+--------+---------+--------+---------+--------+---------+--------+---------+--------+---------+
| Clock Region Name | Used   | Avail   | Used   | Avail   | Used   | Avail   | Used   | Avail   | Used   | Avail   | Used   | Avail   | Used   | Avail   |
+-------------------+--------+---------+--------+---------+--------+---------+--------+---------+--------+---------+--------+---------+--------+---------+
| X0Y0              |      3 |      24 |   9498 |   27840 |    278 |    4800 |      2 |      72 |      4 |      72 |      0 |       0 |      0 |       0 |
| X1Y0              |      5 |      24 |    885 |   19200 |      8 |    4800 |      0 |      72 |      0 |      48 |      0 |       0 |      0 |       0 |
| X0Y1              |      3 |      24 |   7115 |   27840 |    347 |    4800 |     16 |      72 |      7 |      72 |      0 |       0 |      0 |       0 |
| X1Y1              |      4 |      24 |    108 |   19200 |      0 |    4800 |      0 |      72 |      0 |      48 |      0 |       0 |      0 |       0 |
| X0Y2              |      3 |      24 |    974 |   27840 |      3 |    4800 |      5 |      72 |      0 |      72 |      0 |       0 |      0 |       0 |
| X1Y2              |      3 |      24 |      0 |   19200 |      0 |    4800 |      0 |      72 |      0 |      48 |      0 |       0 |      0 |       0 |
+-------------------+--------+---------+--------+---------+--------+---------+--------+---------+--------+---------+--------+---------+--------+---------+
* Global Clock column represents track count; while other columns represents cell counts


7. Clock Regions : Global Clock Summary
---------------------------------------

All Modules
+----+----+----+
|    | X0 | X1 |
+----+----+----+
| Y2 |  3 |  2 |
| Y1 |  3 |  3 |
| Y0 |  3 |  4 |
+----+----+----+


8. Clock Regions : Routing Resource Utilization
-----------------------------------------------

All Modules
+-------------------+----------------------+----------------------+----------------------+----------------------+
|                   |        HROUTES       |        HDISTRS       |        VROUTES       |        VDISTRS       |
+-------------------+------+-------+-------+------+-------+-------+------+-------+-------+------+-------+-------+
| Clock Region Name | Used | Avail | Util% | Used | Avail | Util% | Used | Avail | Util% | Used | Avail | Util% |
+-------------------+------+-------+-------+------+-------+-------+------+-------+-------+------+-------+-------+
| X0Y0              |    0 |    24 |  0.00 |    3 |    24 | 12.50 |    0 |    24 |  0.00 |    1 |    24 |  4.17 |
| X1Y0              |    0 |    24 |  0.00 |    4 |    24 | 16.67 |    0 |    24 |  0.00 |    3 |    24 | 12.50 |
| X0Y1              |    0 |    24 |  0.00 |    3 |    24 | 12.50 |    1 |    24 |  4.17 |    1 |    24 |  4.17 |
| X1Y1              |    0 |    24 |  0.00 |    3 |    24 | 12.50 |    0 |    24 |  0.00 |    3 |    24 | 12.50 |
| X0Y2              |    1 |    24 |  4.17 |    3 |    24 | 12.50 |    1 |    24 |  4.17 |    0 |    24 |  0.00 |
| X1Y2              |    0 |    24 |  0.00 |    2 |    24 |  8.33 |    0 |    24 |  0.00 |    2 |    24 |  8.33 |
+-------------------+------+-------+-------+------+-------+-------+------+-------+-------+------+-------+-------+


9. Device Cell Placement Summary for Global Clock g0
----------------------------------------------------

+-----------+-----------------+-------------------+----------+-------------+---------------+----------+-------------+----------+----------------+----------+-------------------------------------------+
| Global Id | Driver Type/Pin | Driver Region (D) | Clock    | Period (ns) | Waveform (ns) | Root (R) | Slice Loads | IO Loads | Clocking Loads | GT Loads | Net                                       |
+-----------+-----------------+-------------------+----------+-------------+---------------+----------+-------------+----------+----------------+----------+-------------------------------------------+
| g0        | BUFG_PS/O       | X0Y2              | clk_pl_0 |      10.000 | {0.000 5.000} | X0Y1     |       15525 |        0 |              1 |        0 | design_1_i/zynq_ultra_ps_e_0/inst/pl_clk0 |
+-----------+-----------------+-------------------+----------+-------------+---------------+----------+-------------+----------+----------------+----------+-------------------------------------------+
* Logic Loads column represents load cell count of all cell types other than IO, GT and clock resources
** IO Loads column represents load cell count of IO types
*** Clocking Loads column represents load cell count that are clock resources (global clock buffer, MMCM, PLL, etc)
**** GT Loads column represents load cell count of GT types


+----+----------+------+
|    | X0       | X1   |
+----+----------+------+
| Y2 |  (D) 104 |    0 |
| Y1 | (R) 4655 |  108 |
| Y0 |     9765 |  894 |
+----+----------+------+


10. Device Cell Placement Summary for Global Clock g1
-----------------------------------------------------

+-----------+-----------------+-------------------+-------------------------------------+-------------+----------------+----------+-------------+----------+----------------+----------+------------------------------------------+
| Global Id | Driver Type/Pin | Driver Region (D) | Clock                               | Period (ns) | Waveform (ns)  | Root (R) | Slice Loads | IO Loads | Clocking Loads | GT Loads | Net                                      |
+-----------+-----------------+-------------------+-------------------------------------+-------------+----------------+----------+-------------+----------+----------------+----------+------------------------------------------+
| g1        | BUFGCE/O        | X1Y0              | clk_out2_design_1_clk_gen_25M_24M_0 |      41.665 | {0.000 20.832} | X1Y0     |           0 |        1 |              0 |        0 | design_1_i/clk_gen_25M_24M/inst/clk_out2 |
+-----------+-----------------+-------------------+-------------------------------------+-------------+----------------+----------+-------------+----------+----------------+----------+------------------------------------------+
* Logic Loads column represents load cell count of all cell types other than IO, GT and clock resources
** IO Loads column represents load cell count of IO types
*** Clocking Loads column represents load cell count that are clock resources (global clock buffer, MMCM, PLL, etc)
**** GT Loads column represents load cell count of GT types


+----+----+-----------+
|    | X0 | X1        |
+----+----+-----------+
| Y2 |  1 |         0 |
| Y1 |  0 |         0 |
| Y0 |  0 | (R) (D) 0 |
+----+----+-----------+


11. Device Cell Placement Summary for Global Clock g2
-----------------------------------------------------

+-----------+-----------------+-------------------+-------------------------------------+-------------+----------------+----------+-------------+----------+----------------+----------+-------------------------------------------------------------------------+
| Global Id | Driver Type/Pin | Driver Region (D) | Clock                               | Period (ns) | Waveform (ns)  | Root (R) | Slice Loads | IO Loads | Clocking Loads | GT Loads | Net                                                                     |
+-----------+-----------------+-------------------+-------------------------------------+-------------+----------------+----------+-------------+----------+----------------+----------+-------------------------------------------------------------------------+
| g2        | BUFGCE/O        | X1Y0              | clkfbout_design_1_clk_gen_25M_24M_0 |      70.000 | {0.000 35.000} | X1Y0     |           0 |        0 |              1 |        0 | design_1_i/clk_gen_25M_24M/inst/clkfbout_buf_design_1_clk_gen_25M_24M_0 |
+-----------+-----------------+-------------------+-------------------------------------+-------------+----------------+----------+-------------+----------+----------------+----------+-------------------------------------------------------------------------+
* Logic Loads column represents load cell count of all cell types other than IO, GT and clock resources
** IO Loads column represents load cell count of IO types
*** Clocking Loads column represents load cell count that are clock resources (global clock buffer, MMCM, PLL, etc)
**** GT Loads column represents load cell count of GT types


+----+----+-----------+
|    | X0 | X1        |
+----+----+-----------+
| Y2 |  0 |         0 |
| Y1 |  0 |         0 |
| Y0 |  0 | (R) (D) 1 |
+----+----+-----------+


12. Device Cell Placement Summary for Global Clock g3
-----------------------------------------------------

+-----------+-----------------+-------------------+-------+-------------+---------------+----------+-------------+----------+----------------+----------+------------------------------------------------+
| Global Id | Driver Type/Pin | Driver Region (D) | Clock | Period (ns) | Waveform (ns) | Root (R) | Slice Loads | IO Loads | Clocking Loads | GT Loads | Net                                            |
+-----------+-----------------+-------------------+-------+-------------+---------------+----------+-------------+----------+----------------+----------+------------------------------------------------+
| g3        | BUFGCE/O        | X1Y2              |       |             |               | X1Y2     |        2915 |        0 |              0 |        0 | design_1_i/reset_100M/U0/peripheral_aresetn[0] |
+-----------+-----------------+-------------------+-------+-------------+---------------+----------+-------------+----------+----------------+----------+------------------------------------------------+
* Logic Loads column represents load cell count of all cell types other than IO, GT and clock resources
** IO Loads column represents load cell count of IO types
*** Clocking Loads column represents load cell count that are clock resources (global clock buffer, MMCM, PLL, etc)
**** GT Loads column represents load cell count of GT types


+----+-------+-----------+
|    | X0    | X1        |
+----+-------+-----------+
| Y2 |     0 | (R) (D) 0 |
| Y1 |  2152 |         0 |
| Y0 |   763 |         0 |
+----+-------+-----------+


13. Device Cell Placement Summary for Global Clock g4
-----------------------------------------------------

+-----------+-----------------+-------------------+-------+-------------+---------------+----------+-------------+----------+----------------+----------+-----------------------------------------------+
| Global Id | Driver Type/Pin | Driver Region (D) | Clock | Period (ns) | Waveform (ns) | Root (R) | Slice Loads | IO Loads | Clocking Loads | GT Loads | Net                                           |
+-----------+-----------------+-------------------+-------+-------------+---------------+----------+-------------+----------+----------------+----------+-----------------------------------------------+
| g4        | BUFGCE/O        | X1Y2              |       |             |               | X1Y2     |        1123 |        0 |              0 |        0 | design_1_i/reset_24M/U0/peripheral_aresetn[0] |
+-----------+-----------------+-------------------+-------+-------------+---------------+----------+-------------+----------+----------------+----------+-----------------------------------------------+
* Logic Loads column represents load cell count of all cell types other than IO, GT and clock resources
** IO Loads column represents load cell count of IO types
*** Clocking Loads column represents load cell count that are clock resources (global clock buffer, MMCM, PLL, etc)
**** GT Loads column represents load cell count of GT types


+----+------+-----------+
|    | X0   | X1        |
+----+------+-----------+
| Y2 |  119 | (R) (D) 0 |
| Y1 |  999 |         0 |
| Y0 |    5 |         0 |
+----+------+-----------+


14. Clock Region Cell Placement per Global Clock: Region X0Y0
-------------------------------------------------------------

+-----------+-------+-----------------+------------+-------------+-----------------+------+--------+------+-----+----+------+-----+---------+------------------------------------------------+
| Global Id | Track | Driver Type/Pin | Constraint | Clock Loads | Non-Clock Loads | FF   | LUTRAM | RAMB | DSP | GT | MMCM | PLL | Hard IP | Net                                            |
+-----------+-------+-----------------+------------+-------------+-----------------+------+--------+------+-----+----+------+-----+---------+------------------------------------------------+
| g0        | 0     | BUFG_PS/O       | None       |        9765 |               0 | 9481 |    278 |    1 |   4 |  0 |    0 |   0 |       0 | design_1_i/zynq_ultra_ps_e_0/inst/pl_clk0      |
| g3        | 8     | BUFGCE/O        | None       |           0 |             763 |  763 |      0 |    0 |   0 |  0 |    0 |   0 |       0 | design_1_i/reset_100M/U0/peripheral_aresetn[0] |
| g4        | 14    | BUFGCE/O        | None       |           0 |               5 |    5 |      0 |    0 |   0 |  0 |    0 |   0 |       0 | design_1_i/reset_24M/U0/peripheral_aresetn[0]  |
+-----------+-------+-----------------+------------+-------------+-----------------+------+--------+------+-----+----+------+-----+---------+------------------------------------------------+
* Clock Loads column represents the clock pin loads (pin count)
** Non-Clock Loads column represents the non-clock pin loads (pin count)
*** Columns FF, LUTRAM, RAMB through 'Hard IP' represents load cell counts


15. Clock Region Cell Placement per Global Clock: Region X1Y0
-------------------------------------------------------------

+-----------+-------+-----------------+------------+-------------+-----------------+-----+--------+------+-----+----+------+-----+---------+-------------------------------------------------------------------------+
| Global Id | Track | Driver Type/Pin | Constraint | Clock Loads | Non-Clock Loads | FF  | LUTRAM | RAMB | DSP | GT | MMCM | PLL | Hard IP | Net                                                                     |
+-----------+-------+-----------------+------------+-------------+-----------------+-----+--------+------+-----+----+------+-----+---------+-------------------------------------------------------------------------+
| g0        | 0     | BUFG_PS/O       | None       |         893 |               1 | 885 |      8 |    0 |   0 |  0 |    1 |   0 |       0 | design_1_i/zynq_ultra_ps_e_0/inst/pl_clk0                               |
| g1+       | 2     | BUFGCE/O        | None       |           0 |               0 |   0 |      0 |    0 |   0 |  0 |    0 |   0 |       0 | design_1_i/clk_gen_25M_24M/inst/clk_out2                                |
| g2        | 20    | BUFGCE/O        | None       |           0 |               1 |   0 |      0 |    0 |   0 |  0 |    1 |   0 |       0 | design_1_i/clk_gen_25M_24M/inst/clkfbout_buf_design_1_clk_gen_25M_24M_0 |
| g3+       | 8     | BUFGCE/O        | None       |           0 |               0 |   0 |      0 |    0 |   0 |  0 |    0 |   0 |       0 | design_1_i/reset_100M/U0/peripheral_aresetn[0]                          |
| g4+       | 14    | BUFGCE/O        | None       |           0 |               0 |   0 |      0 |    0 |   0 |  0 |    0 |   0 |       0 | design_1_i/reset_24M/U0/peripheral_aresetn[0]                           |
+-----------+-------+-----------------+------------+-------------+-----------------+-----+--------+------+-----+----+------+-----+---------+-------------------------------------------------------------------------+
* Clock Loads column represents the clock pin loads (pin count)
** Non-Clock Loads column represents the non-clock pin loads (pin count)
*** Columns FF, LUTRAM, RAMB through 'Hard IP' represents load cell counts
**** In Global Id column, sympbol '+' indicates that global clock was used only to route through the clock region.


16. Clock Region Cell Placement per Global Clock: Region X0Y1
-------------------------------------------------------------

+-----------+-------+-----------------+------------+-------------+-----------------+------+--------+------+-----+----+------+-----+---------+------------------------------------------------+
| Global Id | Track | Driver Type/Pin | Constraint | Clock Loads | Non-Clock Loads | FF   | LUTRAM | RAMB | DSP | GT | MMCM | PLL | Hard IP | Net                                            |
+-----------+-------+-----------------+------------+-------------+-----------------+------+--------+------+-----+----+------+-----+---------+------------------------------------------------+
| g0        | 0     | BUFG_PS/O       | None       |        4655 |               0 | 4397 |    246 |    8 |   4 |  0 |    0 |   0 |       0 | design_1_i/zynq_ultra_ps_e_0/inst/pl_clk0      |
| g3        | 8     | BUFGCE/O        | None       |           0 |            2152 | 2152 |      0 |    0 |   0 |  0 |    0 |   0 |       0 | design_1_i/reset_100M/U0/peripheral_aresetn[0] |
| g4        | 14    | BUFGCE/O        | None       |           0 |             999 |  999 |      0 |    0 |   0 |  0 |    0 |   0 |       0 | design_1_i/reset_24M/U0/peripheral_aresetn[0]  |
+-----------+-------+-----------------+------------+-------------+-----------------+------+--------+------+-----+----+------+-----+---------+------------------------------------------------+
* Clock Loads column represents the clock pin loads (pin count)
** Non-Clock Loads column represents the non-clock pin loads (pin count)
*** Columns FF, LUTRAM, RAMB through 'Hard IP' represents load cell counts


17. Clock Region Cell Placement per Global Clock: Region X1Y1
-------------------------------------------------------------

+-----------+-------+-----------------+------------+-------------+-----------------+-----+--------+------+-----+----+------+-----+---------+------------------------------------------------+
| Global Id | Track | Driver Type/Pin | Constraint | Clock Loads | Non-Clock Loads | FF  | LUTRAM | RAMB | DSP | GT | MMCM | PLL | Hard IP | Net                                            |
+-----------+-------+-----------------+------------+-------------+-----------------+-----+--------+------+-----+----+------+-----+---------+------------------------------------------------+
| g0        | 0     | BUFG_PS/O       | None       |         108 |               0 | 108 |      0 |    0 |   0 |  0 |    0 |   0 |       0 | design_1_i/zynq_ultra_ps_e_0/inst/pl_clk0      |
| g1+       | 2     | BUFGCE/O        | None       |           0 |               0 |   0 |      0 |    0 |   0 |  0 |    0 |   0 |       0 | design_1_i/clk_gen_25M_24M/inst/clk_out2       |
| g3+       | 8     | BUFGCE/O        | None       |           0 |               0 |   0 |      0 |    0 |   0 |  0 |    0 |   0 |       0 | design_1_i/reset_100M/U0/peripheral_aresetn[0] |
| g4+       | 14    | BUFGCE/O        | None       |           0 |               0 |   0 |      0 |    0 |   0 |  0 |    0 |   0 |       0 | design_1_i/reset_24M/U0/peripheral_aresetn[0]  |
+-----------+-------+-----------------+------------+-------------+-----------------+-----+--------+------+-----+----+------+-----+---------+------------------------------------------------+
* Clock Loads column represents the clock pin loads (pin count)
** Non-Clock Loads column represents the non-clock pin loads (pin count)
*** Columns FF, LUTRAM, RAMB through 'Hard IP' represents load cell counts
**** In Global Id column, sympbol '+' indicates that global clock was used only to route through the clock region.


18. Clock Region Cell Placement per Global Clock: Region X0Y2
-------------------------------------------------------------

+-----------+-------+-----------------+------------+-------------+-----------------+-----+--------+------+-----+----+------+-----+---------+-----------------------------------------------+
| Global Id | Track | Driver Type/Pin | Constraint | Clock Loads | Non-Clock Loads | FF  | LUTRAM | RAMB | DSP | GT | MMCM | PLL | Hard IP | Net                                           |
+-----------+-------+-----------------+------------+-------------+-----------------+-----+--------+------+-----+----+------+-----+---------+-----------------------------------------------+
| g0        | 0     | BUFG_PS/O       | None       |         104 |               0 | 102 |      1 |    1 |   0 |  0 |    0 |   0 |       0 | design_1_i/zynq_ultra_ps_e_0/inst/pl_clk0     |
| g1        | 2     | BUFGCE/O        | None       |           0 |               1 |   0 |      0 |    0 |   0 |  0 |    0 |   0 |       0 | design_1_i/clk_gen_25M_24M/inst/clk_out2      |
| g4        | 14    | BUFGCE/O        | None       |           0 |             119 | 119 |      0 |    0 |   0 |  0 |    0 |   0 |       0 | design_1_i/reset_24M/U0/peripheral_aresetn[0] |
+-----------+-------+-----------------+------------+-------------+-----------------+-----+--------+------+-----+----+------+-----+---------+-----------------------------------------------+
* Clock Loads column represents the clock pin loads (pin count)
** Non-Clock Loads column represents the non-clock pin loads (pin count)
*** Columns FF, LUTRAM, RAMB through 'Hard IP' represents load cell counts


19. Clock Region Cell Placement per Global Clock: Region X1Y2
-------------------------------------------------------------

+-----------+-------+-----------------+------------+-------------+-----------------+----+--------+------+-----+----+------+-----+---------+------------------------------------------------+
| Global Id | Track | Driver Type/Pin | Constraint | Clock Loads | Non-Clock Loads | FF | LUTRAM | RAMB | DSP | GT | MMCM | PLL | Hard IP | Net                                            |
+-----------+-------+-----------------+------------+-------------+-----------------+----+--------+------+-----+----+------+-----+---------+------------------------------------------------+
| g1+       | 2     | BUFGCE/O        | None       |           0 |               0 |  0 |      0 |    0 |   0 |  0 |    0 |   0 |       0 | design_1_i/clk_gen_25M_24M/inst/clk_out2       |
| g3+       | 8     | BUFGCE/O        | None       |           0 |               0 |  0 |      0 |    0 |   0 |  0 |    0 |   0 |       0 | design_1_i/reset_100M/U0/peripheral_aresetn[0] |
| g4+       | 14    | BUFGCE/O        | None       |           0 |               0 |  0 |      0 |    0 |   0 |  0 |    0 |   0 |       0 | design_1_i/reset_24M/U0/peripheral_aresetn[0]  |
+-----------+-------+-----------------+------------+-------------+-----------------+----+--------+------+-----+----+------+-----+---------+------------------------------------------------+
* Clock Loads column represents the clock pin loads (pin count)
** Non-Clock Loads column represents the non-clock pin loads (pin count)
*** Columns FF, LUTRAM, RAMB through 'Hard IP' represents load cell counts
**** In Global Id column, sympbol '+' indicates that global clock was used only to route through the clock region.


