Copyright 1986-2018 Xilinx, Inc. All Rights Reserved.
---------------------------------------------------------------------------------------------------------------------------------
| Tool Version : Vivado v.2018.1 (lin64) Build 2188600 Wed Apr  4 18:39:19 MDT 2018
| Date         : Fri Sep  4 13:07:18 2020
| Host         : kidre-N551JX running 64-bit Ubuntu 16.04.7 LTS
| Command      : report_utilization -file hls_prova3_wrapper_utilization_placed.rpt -pb hls_prova3_wrapper_utilization_placed.pb
| Design       : hls_prova3_wrapper
| Device       : xczu3egsbva484-1
| Design State : Fully Placed
---------------------------------------------------------------------------------------------------------------------------------

Utilization Design Information

Table of Contents
-----------------
1. CLB Logic
1.1 Summary of Registers by Type
2. CLB Logic Distribution
3. BLOCKRAM
4. ARITHMETIC
5. I/O
6. CLOCK
7. ADVANCED
8. CONFIGURATION
9. Primitives
10. Black Boxes
11. Instantiated Netlists

1. CLB Logic
------------

+----------------------------+-------+-------+-----------+-------+
|          Site Type         |  Used | Fixed | Available | Util% |
+----------------------------+-------+-------+-----------+-------+
| CLB LUTs                   |  7616 |     0 |     70560 | 10.79 |
|   LUT as Logic             |  7240 |     0 |     70560 | 10.26 |
|   LUT as Memory            |   376 |     0 |     28800 |  1.31 |
|     LUT as Distributed RAM |   112 |     0 |           |       |
|     LUT as Shift Register  |   264 |     0 |           |       |
| CLB Registers              | 10578 |     0 |    141120 |  7.50 |
|   Register as Flip Flop    | 10578 |     0 |    141120 |  7.50 |
|   Register as Latch        |     0 |     0 |    141120 |  0.00 |
| CARRY8                     |   211 |     0 |      8820 |  2.39 |
| F7 Muxes                   |    31 |     0 |     35280 |  0.09 |
| F8 Muxes                   |     0 |     0 |     17640 |  0.00 |
| F9 Muxes                   |     0 |     0 |      8820 |  0.00 |
+----------------------------+-------+-------+-----------+-------+


1.1 Summary of Registers by Type
--------------------------------

+-------+--------------+-------------+--------------+
| Total | Clock Enable | Synchronous | Asynchronous |
+-------+--------------+-------------+--------------+
| 0     |            _ |           - |            - |
| 0     |            _ |           - |          Set |
| 0     |            _ |           - |        Reset |
| 0     |            _ |         Set |            - |
| 0     |            _ |       Reset |            - |
| 0     |          Yes |           - |            - |
| 66    |          Yes |           - |          Set |
| 138   |          Yes |           - |        Reset |
| 210   |          Yes |         Set |            - |
| 10164 |          Yes |       Reset |            - |
+-------+--------------+-------------+--------------+


2. CLB Logic Distribution
-------------------------

+-------------------------------------------+------+-------+-----------+-------+
|                 Site Type                 | Used | Fixed | Available | Util% |
+-------------------------------------------+------+-------+-----------+-------+
| CLB                                       | 1726 |     0 |      8820 | 19.57 |
|   CLBL                                    | 1105 |     0 |           |       |
|   CLBM                                    |  621 |     0 |           |       |
| LUT as Logic                              | 7240 |     0 |     70560 | 10.26 |
|   using O5 output only                    |  191 |       |           |       |
|   using O6 output only                    | 4974 |       |           |       |
|   using O5 and O6                         | 2075 |       |           |       |
| LUT as Memory                             |  376 |     0 |     28800 |  1.31 |
|   LUT as Distributed RAM                  |  112 |     0 |           |       |
|     using O5 output only                  |    0 |       |           |       |
|     using O6 output only                  |    0 |       |           |       |
|     using O5 and O6                       |  112 |       |           |       |
|   LUT as Shift Register                   |  264 |     0 |           |       |
|     using O5 output only                  |    0 |       |           |       |
|     using O6 output only                  |  183 |       |           |       |
|     using O5 and O6                       |   81 |       |           |       |
| LUT Flip Flop Pairs                       | 4078 |     0 |     70560 |  5.78 |
|   fully used LUT-FF pairs                 | 1275 |       |           |       |
|   LUT-FF pairs with one unused LUT output | 2609 |       |           |       |
|   LUT-FF pairs with one unused Flip Flop  | 2054 |       |           |       |
| Unique Control Sets                       |  543 |       |           |       |
+-------------------------------------------+------+-------+-----------+-------+
* Note: Review the Control Sets Report for more information regarding control sets.


3. BLOCKRAM
-----------

+-------------------+------+-------+-----------+-------+
|     Site Type     | Used | Fixed | Available | Util% |
+-------------------+------+-------+-----------+-------+
| Block RAM Tile    |   12 |     0 |       216 |  5.56 |
|   RAMB36/FIFO*    |   10 |     0 |       216 |  4.63 |
|     RAMB36E2 only |   10 |       |           |       |
|   RAMB18          |    4 |     0 |       432 |  0.93 |
|     RAMB18E2 only |    4 |       |           |       |
+-------------------+------+-------+-----------+-------+
* Note: Each Block RAM Tile only has one FIFO logic available and therefore can accommodate only one FIFO36E2 or one FIFO18E2. However, if a FIFO18E2 occupies a Block RAM Tile, that tile can still accommodate a RAMB18E2


4. ARITHMETIC
-------------

+----------------+------+-------+-----------+-------+
|    Site Type   | Used | Fixed | Available | Util% |
+----------------+------+-------+-----------+-------+
| DSPs           |   11 |     0 |       360 |  3.06 |
|   DSP48E2 only |   11 |       |           |       |
+----------------+------+-------+-----------+-------+


5. I/O
------

+------------------+------+-------+-----------+-------+
|     Site Type    | Used | Fixed | Available | Util% |
+------------------+------+-------+-----------+-------+
| Bonded IOB       |   14 |    14 |        82 | 17.07 |
| HPIOB_M          |    0 |     0 |        26 |  0.00 |
| HPIOB_S          |    0 |     0 |        26 |  0.00 |
| HDIOB_M          |    6 |     6 |        12 | 50.00 |
|   INPUT          |    4 |       |           |       |
|   OUTPUT         |    2 |       |           |       |
|   BIDIR          |    0 |       |           |       |
| HDIOB_S          |    8 |     8 |        12 | 66.67 |
|   INPUT          |    7 |       |           |       |
|   OUTPUT         |    1 |       |           |       |
|   BIDIR          |    0 |       |           |       |
| HPIOB_SNGL       |    0 |     0 |         6 |  0.00 |
| HPIOBDIFFINBUF   |    0 |     0 |        72 |  0.00 |
| HPIOBDIFFOUTBUF  |    0 |     0 |        72 |  0.00 |
| HDIOBDIFFINBUF   |    0 |     0 |        48 |  0.00 |
| BITSLICE_CONTROL |    0 |     0 |        24 |  0.00 |
| BITSLICE_RX_TX   |    0 |     0 |       156 |  0.00 |
| BITSLICE_TX      |    0 |     0 |        24 |  0.00 |
| RIU_OR           |    0 |     0 |        12 |  0.00 |
+------------------+------+-------+-----------+-------+


6. CLOCK
--------

+----------------------+------+-------+-----------+-------+
|       Site Type      | Used | Fixed | Available | Util% |
+----------------------+------+-------+-----------+-------+
| GLOBAL CLOCK BUFFERs |    5 |     0 |       196 |  2.55 |
|   BUFGCE             |    4 |     0 |        88 |  4.55 |
|   BUFGCE_DIV         |    0 |     0 |        12 |  0.00 |
|   BUFG_PS            |    1 |     0 |        72 |  1.39 |
|   BUFGCTRL*          |    0 |     0 |        24 |  0.00 |
| PLL                  |    0 |     0 |         6 |  0.00 |
| MMCM                 |    1 |     0 |         3 | 33.33 |
+----------------------+------+-------+-----------+-------+
* Note: Each used BUFGCTRL counts as two global buffer resources. This table does not include global clocking resources, only buffer cell usage. See the Clock Utilization Report (report_clock_utilization) for detailed accounting of global clocking resource availability.


7. ADVANCED
-----------

+-----------+------+-------+-----------+--------+
| Site Type | Used | Fixed | Available |  Util% |
+-----------+------+-------+-----------+--------+
| PS8       |    1 |     0 |         1 | 100.00 |
| SYSMONE4  |    0 |     0 |         1 |   0.00 |
+-----------+------+-------+-----------+--------+


8. CONFIGURATION
----------------

+-------------+------+-------+-----------+-------+
|  Site Type  | Used | Fixed | Available | Util% |
+-------------+------+-------+-----------+-------+
| BSCANE2     |    0 |     0 |         4 |  0.00 |
| DNA_PORTE2  |    0 |     0 |         1 |  0.00 |
| EFUSE_USR   |    0 |     0 |         1 |  0.00 |
| FRAME_ECCE4 |    0 |     0 |         1 |  0.00 |
| ICAPE3      |    0 |     0 |         2 |  0.00 |
| MASTER_JTAG |    0 |     0 |         1 |  0.00 |
| STARTUPE3   |    0 |     0 |         1 |  0.00 |
+-------------+------+-------+-----------+-------+


9. Primitives
-------------

+------------+-------+---------------------+
|  Ref Name  |  Used | Functional Category |
+------------+-------+---------------------+
| FDRE       | 10164 |            Register |
| LUT3       |  2563 |                 CLB |
| LUT6       |  2261 |                 CLB |
| LUT5       |  1574 |                 CLB |
| LUT4       |  1436 |                 CLB |
| LUT2       |  1294 |                 CLB |
| SRL16E     |   249 |                 CLB |
| CARRY8     |   211 |                 CLB |
| FDSE       |   210 |            Register |
| RAMD32     |   196 |                 CLB |
| LUT1       |   187 |                 CLB |
| FDCE       |   138 |            Register |
| SRLC32E    |    96 |                 CLB |
| FDPE       |    66 |            Register |
| MUXF7      |    31 |                 CLB |
| RAMS32     |    28 |                 CLB |
| INBUF      |    11 |                 I/O |
| IBUFCTRL   |    11 |              Others |
| DSP48E2    |    11 |          Arithmetic |
| RAMB36E2   |    10 |           Block Ram |
| RAMB18E2   |     4 |           Block Ram |
| BUFGCE     |     4 |               Clock |
| OBUF       |     3 |                 I/O |
| PS8        |     1 |            Advanced |
| MMCME4_ADV |     1 |               Clock |
| BUFG_PS    |     1 |               Clock |
+------------+-------+---------------------+


10. Black Boxes
---------------

+----------+------+
| Ref Name | Used |
+----------+------+


11. Instantiated Netlists
-------------------------

+------------------------------------------------+------+
|                    Ref Name                    | Used |
+------------------------------------------------+------+
| hls_prova3_zynq_ultra_ps_e_0_0                 |    1 |
| hls_prova3_xbar_2                              |    1 |
| hls_prova3_xbar_1                              |    1 |
| hls_prova3_xbar_0                              |    1 |
| hls_prova3_reset_24M_0                         |    1 |
| hls_prova3_reset_100M_0                        |    1 |
| hls_prova3_proc_sys_reset_0_0                  |    1 |
| hls_prova3_ov7670_interface_0_0                |    1 |
| hls_prova3_ov7670_LUMA_CHROMA_0_0              |    1 |
| hls_prova3_mux_sd_ov_1_0                       |    1 |
| hls_prova3_ddr_to_axis_reader_SD_0_0           |    1 |
| hls_prova3_ddr_to_axis_reader_0_0              |    1 |
| hls_prova3_clk_wiz_0_0                         |    1 |
| hls_prova3_c_counter_binary_0_0                |    1 |
| hls_prova3_axis_to_ddr_writer_LUMA_0           |    1 |
| hls_prova3_axis_to_ddr_writer_CHROMA_0         |    1 |
| hls_prova3_axis_data_fifo_raw_LUMA_0           |    1 |
| hls_prova3_axis_data_fifo_raw_CHROMA_0         |    1 |
| hls_prova3_axis_data_fifo_pipeline_to_writer_0 |    1 |
| hls_prova3_axi_write_prova_0_0                 |    1 |
| hls_prova3_axi_gpio_pl_reset_0                 |    1 |
| hls_prova3_axi_gpio_frame_intr_0               |    1 |
| hls_prova3_auto_us_0                           |    1 |
| hls_prova3_auto_pc_1                           |    1 |
| hls_prova3_auto_pc_0                           |    1 |
| hls_prova3_auto_ds_1                           |    1 |
| hls_prova3_auto_ds_0                           |    1 |
| hls_prova3_LF_valid_to_AXIS_0                  |    1 |
+------------------------------------------------+------+


