Copyright 1986-2018 Xilinx, Inc. All Rights Reserved.
------------------------------------------------------------------------------------------------------------------------------------------------
| Tool Version : Vivado v.2018.1 (lin64) Build 2188600 Wed Apr  4 18:39:19 MDT 2018
| Date         : Fri Sep  4 13:08:46 2020
| Host         : kidre-N551JX running 64-bit Ubuntu 16.04.7 LTS
| Command      : report_drc -file hls_prova3_wrapper_drc_routed.rpt -pb hls_prova3_wrapper_drc_routed.pb -rpx hls_prova3_wrapper_drc_routed.rpx
| Design       : hls_prova3_wrapper
| Device       : xczu3eg-sbva484-1-e
| Speed File   : -1
| Design State : Routed
------------------------------------------------------------------------------------------------------------------------------------------------

Report DRC

Table of Contents
-----------------
1. REPORT SUMMARY
2. REPORT DETAILS

1. REPORT SUMMARY
-----------------
            Netlist: netlist
          Floorplan: design_1
      Design limits: <entire design considered>
           Ruledeck: default
             Max violations: <unlimited>
             Violations found: 31
+-------------+----------+-------------------------------------------------------------+------------+
| Rule        | Severity | Description                                                 | Violations |
+-------------+----------+-------------------------------------------------------------+------------+
| DPIP-2      | Warning  | Input pipelining                                            | 6          |
| DPOP-3      | Warning  | PREG Output pipelining                                      | 11         |
| DPOP-4      | Warning  | MREG Output pipelining                                      | 11         |
| PDRC-153    | Warning  | Gated clock check                                           | 1          |
| PLHOLDVIO-2 | Warning  | Non-Optimal connections which could lead to hold violations | 1          |
| RTSTAT-10   | Warning  | No routable loads                                           | 1          |
+-------------+----------+-------------------------------------------------------------+------------+

2. REPORT DETAILS
-----------------
DPIP-2#1 Warning
Input pipelining  
DSP hls_prova3_i/OV7670_GRAYSCALE_TO_AXIS/ddr_to_axis_reader_SD_0/inst/tmp_s_fu_587_p2 input hls_prova3_i/OV7670_GRAYSCALE_TO_AXIS/ddr_to_axis_reader_SD_0/inst/tmp_s_fu_587_p2/A[29:0] is not pipelined. Pipelining DSP48 input will improve performance.
Related violations: <none>

DPIP-2#2 Warning
Input pipelining  
DSP hls_prova3_i/OV7670_GRAYSCALE_TO_AXIS/ddr_to_axis_reader_SD_0/inst/tmp_s_fu_587_p2__0 input hls_prova3_i/OV7670_GRAYSCALE_TO_AXIS/ddr_to_axis_reader_SD_0/inst/tmp_s_fu_587_p2__0/B[17:0] is not pipelined. Pipelining DSP48 input will improve performance.
Related violations: <none>

DPIP-2#3 Warning
Input pipelining  
DSP hls_prova3_i/OV7670_GRAYSCALE_TO_AXIS/ddr_to_axis_reader_SD_0/inst/tmp_s_fu_587_p2__1 input hls_prova3_i/OV7670_GRAYSCALE_TO_AXIS/ddr_to_axis_reader_SD_0/inst/tmp_s_fu_587_p2__1/B[17:0] is not pipelined. Pipelining DSP48 input will improve performance.
Related violations: <none>

DPIP-2#4 Warning
Input pipelining  
DSP hls_prova3_i/VDMA/axi_write_prova_0/inst/r_V_fu_444_p2 input hls_prova3_i/VDMA/axi_write_prova_0/inst/r_V_fu_444_p2/A[29:0] is not pipelined. Pipelining DSP48 input will improve performance.
Related violations: <none>

DPIP-2#5 Warning
Input pipelining  
DSP hls_prova3_i/VDMA/axi_write_prova_0/inst/r_V_fu_444_p2__0 input hls_prova3_i/VDMA/axi_write_prova_0/inst/r_V_fu_444_p2__0/A[29:0] is not pipelined. Pipelining DSP48 input will improve performance.
Related violations: <none>

DPIP-2#6 Warning
Input pipelining  
DSP hls_prova3_i/VDMA/ddr_to_axis_reader_0/inst/r_V_fu_385_p2 input hls_prova3_i/VDMA/ddr_to_axis_reader_0/inst/r_V_fu_385_p2/B[17:0] is not pipelined. Pipelining DSP48 input will improve performance.
Related violations: <none>

DPOP-3#1 Warning
PREG Output pipelining  
DSP hls_prova3_i/OV7670_GRAYSCALE_TO_AXIS/ddr_to_axis_reader_SD_0/inst/tmp_s_fu_587_p2 output hls_prova3_i/OV7670_GRAYSCALE_TO_AXIS/ddr_to_axis_reader_SD_0/inst/tmp_s_fu_587_p2/P[47:0] is not pipelined (PREG=0). Pipelining the DSP48 output will improve performance and often saves power so it is suggested whenever possible to fully pipeline this function.  If this DSP48 function was inferred, it is suggested to describe an additional register stage after this function.  If the DSP48 was instantiated in the design, it is suggested to set the PREG attribute to 1.
Related violations: <none>

DPOP-3#2 Warning
PREG Output pipelining  
DSP hls_prova3_i/OV7670_GRAYSCALE_TO_AXIS/ddr_to_axis_reader_SD_0/inst/tmp_s_fu_587_p2__0 output hls_prova3_i/OV7670_GRAYSCALE_TO_AXIS/ddr_to_axis_reader_SD_0/inst/tmp_s_fu_587_p2__0/P[47:0] is not pipelined (PREG=0). Pipelining the DSP48 output will improve performance and often saves power so it is suggested whenever possible to fully pipeline this function.  If this DSP48 function was inferred, it is suggested to describe an additional register stage after this function.  If the DSP48 was instantiated in the design, it is suggested to set the PREG attribute to 1.
Related violations: <none>

DPOP-3#3 Warning
PREG Output pipelining  
DSP hls_prova3_i/OV7670_GRAYSCALE_TO_AXIS/ddr_to_axis_reader_SD_0/inst/tmp_s_fu_587_p2__1 output hls_prova3_i/OV7670_GRAYSCALE_TO_AXIS/ddr_to_axis_reader_SD_0/inst/tmp_s_fu_587_p2__1/P[47:0] is not pipelined (PREG=0). Pipelining the DSP48 output will improve performance and often saves power so it is suggested whenever possible to fully pipeline this function.  If this DSP48 function was inferred, it is suggested to describe an additional register stage after this function.  If the DSP48 was instantiated in the design, it is suggested to set the PREG attribute to 1.
Related violations: <none>

DPOP-3#4 Warning
PREG Output pipelining  
DSP hls_prova3_i/VDMA/axi_write_prova_0/inst/r_V_fu_444_p2 output hls_prova3_i/VDMA/axi_write_prova_0/inst/r_V_fu_444_p2/P[47:0] is not pipelined (PREG=0). Pipelining the DSP48 output will improve performance and often saves power so it is suggested whenever possible to fully pipeline this function.  If this DSP48 function was inferred, it is suggested to describe an additional register stage after this function.  If the DSP48 was instantiated in the design, it is suggested to set the PREG attribute to 1.
Related violations: <none>

DPOP-3#5 Warning
PREG Output pipelining  
DSP hls_prova3_i/VDMA/axi_write_prova_0/inst/r_V_fu_444_p2__0 output hls_prova3_i/VDMA/axi_write_prova_0/inst/r_V_fu_444_p2__0/P[47:0] is not pipelined (PREG=0). Pipelining the DSP48 output will improve performance and often saves power so it is suggested whenever possible to fully pipeline this function.  If this DSP48 function was inferred, it is suggested to describe an additional register stage after this function.  If the DSP48 was instantiated in the design, it is suggested to set the PREG attribute to 1.
Related violations: <none>

DPOP-3#6 Warning
PREG Output pipelining  
DSP hls_prova3_i/VDMA/axis_to_ddr_writer_CHROMA/inst/r_V_fu_404_p2 output hls_prova3_i/VDMA/axis_to_ddr_writer_CHROMA/inst/r_V_fu_404_p2/P[47:0] is not pipelined (PREG=0). Pipelining the DSP48 output will improve performance and often saves power so it is suggested whenever possible to fully pipeline this function.  If this DSP48 function was inferred, it is suggested to describe an additional register stage after this function.  If the DSP48 was instantiated in the design, it is suggested to set the PREG attribute to 1.
Related violations: <none>

DPOP-3#7 Warning
PREG Output pipelining  
DSP hls_prova3_i/VDMA/axis_to_ddr_writer_CHROMA/inst/r_V_fu_404_p2__0 output hls_prova3_i/VDMA/axis_to_ddr_writer_CHROMA/inst/r_V_fu_404_p2__0/P[47:0] is not pipelined (PREG=0). Pipelining the DSP48 output will improve performance and often saves power so it is suggested whenever possible to fully pipeline this function.  If this DSP48 function was inferred, it is suggested to describe an additional register stage after this function.  If the DSP48 was instantiated in the design, it is suggested to set the PREG attribute to 1.
Related violations: <none>

DPOP-3#8 Warning
PREG Output pipelining  
DSP hls_prova3_i/VDMA/axis_to_ddr_writer_LUMA/inst/r_V_fu_404_p2 output hls_prova3_i/VDMA/axis_to_ddr_writer_LUMA/inst/r_V_fu_404_p2/P[47:0] is not pipelined (PREG=0). Pipelining the DSP48 output will improve performance and often saves power so it is suggested whenever possible to fully pipeline this function.  If this DSP48 function was inferred, it is suggested to describe an additional register stage after this function.  If the DSP48 was instantiated in the design, it is suggested to set the PREG attribute to 1.
Related violations: <none>

DPOP-3#9 Warning
PREG Output pipelining  
DSP hls_prova3_i/VDMA/axis_to_ddr_writer_LUMA/inst/r_V_fu_404_p2__0 output hls_prova3_i/VDMA/axis_to_ddr_writer_LUMA/inst/r_V_fu_404_p2__0/P[47:0] is not pipelined (PREG=0). Pipelining the DSP48 output will improve performance and often saves power so it is suggested whenever possible to fully pipeline this function.  If this DSP48 function was inferred, it is suggested to describe an additional register stage after this function.  If the DSP48 was instantiated in the design, it is suggested to set the PREG attribute to 1.
Related violations: <none>

DPOP-3#10 Warning
PREG Output pipelining  
DSP hls_prova3_i/VDMA/ddr_to_axis_reader_0/inst/r_V_fu_385_p2 output hls_prova3_i/VDMA/ddr_to_axis_reader_0/inst/r_V_fu_385_p2/P[47:0] is not pipelined (PREG=0). Pipelining the DSP48 output will improve performance and often saves power so it is suggested whenever possible to fully pipeline this function.  If this DSP48 function was inferred, it is suggested to describe an additional register stage after this function.  If the DSP48 was instantiated in the design, it is suggested to set the PREG attribute to 1.
Related violations: <none>

DPOP-3#11 Warning
PREG Output pipelining  
DSP hls_prova3_i/VDMA/ddr_to_axis_reader_0/inst/r_V_fu_385_p2__0 output hls_prova3_i/VDMA/ddr_to_axis_reader_0/inst/r_V_fu_385_p2__0/P[47:0] is not pipelined (PREG=0). Pipelining the DSP48 output will improve performance and often saves power so it is suggested whenever possible to fully pipeline this function.  If this DSP48 function was inferred, it is suggested to describe an additional register stage after this function.  If the DSP48 was instantiated in the design, it is suggested to set the PREG attribute to 1.
Related violations: <none>

DPOP-4#1 Warning
MREG Output pipelining  
DSP hls_prova3_i/OV7670_GRAYSCALE_TO_AXIS/ddr_to_axis_reader_SD_0/inst/tmp_s_fu_587_p2 multiplier stage hls_prova3_i/OV7670_GRAYSCALE_TO_AXIS/ddr_to_axis_reader_SD_0/inst/tmp_s_fu_587_p2/P[47:0] is not pipelined (MREG=0). Pipelining the multiplier function will improve performance and will save significant power so it is suggested whenever possible to fully pipeline this function.  If this multiplier was inferred, it is suggested to describe an additional register stage after this function.  If there is no registered adder/accumulator following the multiply function, two pipeline stages are suggested to allow both the MREG and PREG registers to be used.  If the DSP48 was instantiated in the design, it is suggested to set both the MREG and PREG attributes to 1 when performing multiply functions.
Related violations: <none>

DPOP-4#2 Warning
MREG Output pipelining  
DSP hls_prova3_i/OV7670_GRAYSCALE_TO_AXIS/ddr_to_axis_reader_SD_0/inst/tmp_s_fu_587_p2__0 multiplier stage hls_prova3_i/OV7670_GRAYSCALE_TO_AXIS/ddr_to_axis_reader_SD_0/inst/tmp_s_fu_587_p2__0/P[47:0] is not pipelined (MREG=0). Pipelining the multiplier function will improve performance and will save significant power so it is suggested whenever possible to fully pipeline this function.  If this multiplier was inferred, it is suggested to describe an additional register stage after this function.  If there is no registered adder/accumulator following the multiply function, two pipeline stages are suggested to allow both the MREG and PREG registers to be used.  If the DSP48 was instantiated in the design, it is suggested to set both the MREG and PREG attributes to 1 when performing multiply functions.
Related violations: <none>

DPOP-4#3 Warning
MREG Output pipelining  
DSP hls_prova3_i/OV7670_GRAYSCALE_TO_AXIS/ddr_to_axis_reader_SD_0/inst/tmp_s_fu_587_p2__1 multiplier stage hls_prova3_i/OV7670_GRAYSCALE_TO_AXIS/ddr_to_axis_reader_SD_0/inst/tmp_s_fu_587_p2__1/P[47:0] is not pipelined (MREG=0). Pipelining the multiplier function will improve performance and will save significant power so it is suggested whenever possible to fully pipeline this function.  If this multiplier was inferred, it is suggested to describe an additional register stage after this function.  If there is no registered adder/accumulator following the multiply function, two pipeline stages are suggested to allow both the MREG and PREG registers to be used.  If the DSP48 was instantiated in the design, it is suggested to set both the MREG and PREG attributes to 1 when performing multiply functions.
Related violations: <none>

DPOP-4#4 Warning
MREG Output pipelining  
DSP hls_prova3_i/VDMA/axi_write_prova_0/inst/r_V_fu_444_p2 multiplier stage hls_prova3_i/VDMA/axi_write_prova_0/inst/r_V_fu_444_p2/P[47:0] is not pipelined (MREG=0). Pipelining the multiplier function will improve performance and will save significant power so it is suggested whenever possible to fully pipeline this function.  If this multiplier was inferred, it is suggested to describe an additional register stage after this function.  If there is no registered adder/accumulator following the multiply function, two pipeline stages are suggested to allow both the MREG and PREG registers to be used.  If the DSP48 was instantiated in the design, it is suggested to set both the MREG and PREG attributes to 1 when performing multiply functions.
Related violations: <none>

DPOP-4#5 Warning
MREG Output pipelining  
DSP hls_prova3_i/VDMA/axi_write_prova_0/inst/r_V_fu_444_p2__0 multiplier stage hls_prova3_i/VDMA/axi_write_prova_0/inst/r_V_fu_444_p2__0/P[47:0] is not pipelined (MREG=0). Pipelining the multiplier function will improve performance and will save significant power so it is suggested whenever possible to fully pipeline this function.  If this multiplier was inferred, it is suggested to describe an additional register stage after this function.  If there is no registered adder/accumulator following the multiply function, two pipeline stages are suggested to allow both the MREG and PREG registers to be used.  If the DSP48 was instantiated in the design, it is suggested to set both the MREG and PREG attributes to 1 when performing multiply functions.
Related violations: <none>

DPOP-4#6 Warning
MREG Output pipelining  
DSP hls_prova3_i/VDMA/axis_to_ddr_writer_CHROMA/inst/r_V_fu_404_p2 multiplier stage hls_prova3_i/VDMA/axis_to_ddr_writer_CHROMA/inst/r_V_fu_404_p2/P[47:0] is not pipelined (MREG=0). Pipelining the multiplier function will improve performance and will save significant power so it is suggested whenever possible to fully pipeline this function.  If this multiplier was inferred, it is suggested to describe an additional register stage after this function.  If there is no registered adder/accumulator following the multiply function, two pipeline stages are suggested to allow both the MREG and PREG registers to be used.  If the DSP48 was instantiated in the design, it is suggested to set both the MREG and PREG attributes to 1 when performing multiply functions.
Related violations: <none>

DPOP-4#7 Warning
MREG Output pipelining  
DSP hls_prova3_i/VDMA/axis_to_ddr_writer_CHROMA/inst/r_V_fu_404_p2__0 multiplier stage hls_prova3_i/VDMA/axis_to_ddr_writer_CHROMA/inst/r_V_fu_404_p2__0/P[47:0] is not pipelined (MREG=0). Pipelining the multiplier function will improve performance and will save significant power so it is suggested whenever possible to fully pipeline this function.  If this multiplier was inferred, it is suggested to describe an additional register stage after this function.  If there is no registered adder/accumulator following the multiply function, two pipeline stages are suggested to allow both the MREG and PREG registers to be used.  If the DSP48 was instantiated in the design, it is suggested to set both the MREG and PREG attributes to 1 when performing multiply functions.
Related violations: <none>

DPOP-4#8 Warning
MREG Output pipelining  
DSP hls_prova3_i/VDMA/axis_to_ddr_writer_LUMA/inst/r_V_fu_404_p2 multiplier stage hls_prova3_i/VDMA/axis_to_ddr_writer_LUMA/inst/r_V_fu_404_p2/P[47:0] is not pipelined (MREG=0). Pipelining the multiplier function will improve performance and will save significant power so it is suggested whenever possible to fully pipeline this function.  If this multiplier was inferred, it is suggested to describe an additional register stage after this function.  If there is no registered adder/accumulator following the multiply function, two pipeline stages are suggested to allow both the MREG and PREG registers to be used.  If the DSP48 was instantiated in the design, it is suggested to set both the MREG and PREG attributes to 1 when performing multiply functions.
Related violations: <none>

DPOP-4#9 Warning
MREG Output pipelining  
DSP hls_prova3_i/VDMA/axis_to_ddr_writer_LUMA/inst/r_V_fu_404_p2__0 multiplier stage hls_prova3_i/VDMA/axis_to_ddr_writer_LUMA/inst/r_V_fu_404_p2__0/P[47:0] is not pipelined (MREG=0). Pipelining the multiplier function will improve performance and will save significant power so it is suggested whenever possible to fully pipeline this function.  If this multiplier was inferred, it is suggested to describe an additional register stage after this function.  If there is no registered adder/accumulator following the multiply function, two pipeline stages are suggested to allow both the MREG and PREG registers to be used.  If the DSP48 was instantiated in the design, it is suggested to set both the MREG and PREG attributes to 1 when performing multiply functions.
Related violations: <none>

DPOP-4#10 Warning
MREG Output pipelining  
DSP hls_prova3_i/VDMA/ddr_to_axis_reader_0/inst/r_V_fu_385_p2 multiplier stage hls_prova3_i/VDMA/ddr_to_axis_reader_0/inst/r_V_fu_385_p2/P[47:0] is not pipelined (MREG=0). Pipelining the multiplier function will improve performance and will save significant power so it is suggested whenever possible to fully pipeline this function.  If this multiplier was inferred, it is suggested to describe an additional register stage after this function.  If there is no registered adder/accumulator following the multiply function, two pipeline stages are suggested to allow both the MREG and PREG registers to be used.  If the DSP48 was instantiated in the design, it is suggested to set both the MREG and PREG attributes to 1 when performing multiply functions.
Related violations: <none>

DPOP-4#11 Warning
MREG Output pipelining  
DSP hls_prova3_i/VDMA/ddr_to_axis_reader_0/inst/r_V_fu_385_p2__0 multiplier stage hls_prova3_i/VDMA/ddr_to_axis_reader_0/inst/r_V_fu_385_p2__0/P[47:0] is not pipelined (MREG=0). Pipelining the multiplier function will improve performance and will save significant power so it is suggested whenever possible to fully pipeline this function.  If this multiplier was inferred, it is suggested to describe an additional register stage after this function.  If there is no registered adder/accumulator following the multiply function, two pipeline stages are suggested to allow both the MREG and PREG registers to be used.  If the DSP48 was instantiated in the design, it is suggested to set both the MREG and PREG attributes to 1 when performing multiply functions.
Related violations: <none>

PDRC-153#1 Warning
Gated clock check  
Net hls_prova3_i/OV7670_GRAYSCALE_TO_AXIS/ov7670_interface_0/inst/frame_valid_V[0] is a gated clock net sourced by a combinational pin hls_prova3_i/OV7670_GRAYSCALE_TO_AXIS/ov7670_interface_0/inst/frame_valid_V[0]_INST_0/O, cell hls_prova3_i/OV7670_GRAYSCALE_TO_AXIS/ov7670_interface_0/inst/frame_valid_V[0]_INST_0. This is not good design practice and will likely impact performance. For SLICE registers, for example, use the CE pin to control the loading of data.
Related violations: <none>

PLHOLDVIO-2#1 Warning
Non-Optimal connections which could lead to hold violations  
A LUT hls_prova3_i/OV7670_GRAYSCALE_TO_AXIS/ov7670_interface_0/inst/frame_valid_V[0]_INST_0 is driving clock pin of 5 cells. This could lead to large hold time violations. First few involved cells are:
    hls_prova3_i/OV7670_GRAYSCALE_TO_AXIS/c_counter_binary_0/U0/i_synth/i_baseblox.i_baseblox_counter/i_out_q_thresh0.q_thresh0_i_reg {FDRE}
    hls_prova3_i/OV7670_GRAYSCALE_TO_AXIS/c_counter_binary_0/U0/i_synth/i_baseblox.i_baseblox_counter/the_addsub/no_pipelining.the_addsub/i_lut6.i_lut6_addsub/i_q.i_simple.qreg/i_no_async_controls.output_reg[3] {FDRE}
    hls_prova3_i/OV7670_GRAYSCALE_TO_AXIS/c_counter_binary_0/U0/i_synth/i_baseblox.i_baseblox_counter/the_addsub/no_pipelining.the_addsub/i_lut6.i_lut6_addsub/i_q.i_simple.qreg/i_no_async_controls.output_reg[1] {FDRE}
    hls_prova3_i/OV7670_GRAYSCALE_TO_AXIS/c_counter_binary_0/U0/i_synth/i_baseblox.i_baseblox_counter/the_addsub/no_pipelining.the_addsub/i_lut6.i_lut6_addsub/i_q.i_simple.qreg/i_no_async_controls.output_reg[4] {FDRE}
    hls_prova3_i/OV7670_GRAYSCALE_TO_AXIS/c_counter_binary_0/U0/i_synth/i_baseblox.i_baseblox_counter/the_addsub/no_pipelining.the_addsub/i_lut6.i_lut6_addsub/i_q.i_simple.qreg/i_no_async_controls.output_reg[2] {FDRE}

Related violations: <none>

RTSTAT-10#1 Warning
No routable loads  
39 net(s) have no routable loads. The problem bus(es) and/or net(s) are hls_prova3_i/VDMA/axis_data_fifo_raw_CHROMA/inst/gen_fifo_generator.fifo_generator_inst/inst_fifo_gen/gaxis_fifo.gaxisf.axisf/grf.rf/gntv_or_sync_fifo.mem/gbm.gbmg.gbmga.ngecc.bmg/inst_blk_mem_gen/gnbram.gnativebmg.native_blk_mem_gen/valid.cstr/ramloop[0].ram.r/ENA_dly_D, hls_prova3_i/VDMA/axis_data_fifo_raw_LUMA/inst/gen_fifo_generator.fifo_generator_inst/inst_fifo_gen/gaxis_fifo.gaxisf.axisf/grf.rf/gntv_or_sync_fifo.mem/gbm.gbmg.gbmga.ngecc.bmg/inst_blk_mem_gen/gnbram.gnativebmg.native_blk_mem_gen/valid.cstr/ramloop[0].ram.r/ENA_dly_D, hls_prova3_i/VDMA/axis_data_fifo_pipeline_to_writer/inst/gen_fifo_generator.fifo_generator_inst/inst_fifo_gen/gaxis_fifo.gaxisf.axisf/grf.rf/gntv_or_sync_fifo.mem/gbm.gbmg.gbmga.ngecc.bmg/inst_blk_mem_gen/gnbram.gnativebmg.native_blk_mem_gen/valid.cstr/ramloop[0].ram.r/ENA_dly_D, hls_prova3_i/VDMA/axis_data_fifo_raw_CHROMA/inst/gen_fifo_generator.fifo_generator_inst/inst_fifo_gen/gaxis_fifo.gaxisf.axisf/grf.rf/gntv_or_sync_fifo.gl0.rd/gr1.gr1_int.rfwft/aempty_fwft_i, hls_prova3_i/processing_system7_0_axi_periph/s00_couplers/auto_ds/inst/gen_downsizer.gen_simple_downsizer.axi_downsizer_inst/USE_WRITE.write_addr_inst/USE_B_CHANNEL.cmd_b_queue/inst/fifo_gen_inst/inst_fifo_gen/gconvfifo.rf/grf.rf/gntv_or_sync_fifo.gl0.rd/gr1.gr1_int.rfwft/aempty_fwft_i, hls_prova3_i/VDMA/axis_data_fifo_raw_LUMA/inst/gen_fifo_generator.fifo_generator_inst/inst_fifo_gen/gaxis_fifo.gaxisf.axisf/grf.rf/gntv_or_sync_fifo.gl0.rd/gr1.gr1_int.rfwft/aempty_fwft_i, hls_prova3_i/processing_system7_0_axi_periph/s00_couplers/auto_ds/inst/gen_downsizer.gen_simple_downsizer.axi_downsizer_inst/USE_READ.read_addr_inst/cmd_queue/inst/fifo_gen_inst/inst_fifo_gen/gconvfifo.rf/grf.rf/gntv_or_sync_fifo.gl0.rd/gr1.gr1_int.rfwft/aempty_fwft_i, hls_prova3_i/OV7670_GRAYSCALE_TO_AXIS/axi_interconnect_0/s00_couplers/auto_ds/inst/gen_downsizer.gen_simple_downsizer.axi_downsizer_inst/USE_WRITE.write_addr_inst/cmd_queue/inst/fifo_gen_inst/inst_fifo_gen/gconvfifo.rf/grf.rf/gntv_or_sync_fifo.gl0.rd/gr1.gr1_int.rfwft/aempty_fwft_i, hls_prova3_i/processing_system7_0_axi_periph/s00_couplers/auto_ds/inst/gen_downsizer.gen_simple_downsizer.axi_downsizer_inst/USE_WRITE.write_addr_inst/cmd_queue/inst/fifo_gen_inst/inst_fifo_gen/gconvfifo.rf/grf.rf/gntv_or_sync_fifo.gl0.rd/gr1.gr1_int.rfwft/aempty_fwft_i, hls_prova3_i/OV7670_GRAYSCALE_TO_AXIS/axi_interconnect_0/s00_couplers/auto_ds/inst/gen_downsizer.gen_simple_downsizer.axi_downsizer_inst/USE_READ.read_addr_inst/cmd_queue/inst/fifo_gen_inst/inst_fifo_gen/gconvfifo.rf/grf.rf/gntv_or_sync_fifo.gl0.rd/gr1.gr1_int.rfwft/aempty_fwft_i, hls_prova3_i/OV7670_GRAYSCALE_TO_AXIS/axi_interconnect_0/s00_couplers/auto_ds/inst/gen_downsizer.gen_simple_downsizer.axi_downsizer_inst/USE_WRITE.write_addr_inst/USE_B_CHANNEL.cmd_b_queue/inst/fifo_gen_inst/inst_fifo_gen/gconvfifo.rf/grf.rf/gntv_or_sync_fifo.gl0.rd/gr1.gr1_int.rfwft/aempty_fwft_i, hls_prova3_i/VDMA/axis_data_fifo_pipeline_to_writer/inst/gen_fifo_generator.fifo_generator_inst/inst_fifo_gen/gaxis_fifo.gaxisf.axisf/grf.rf/gntv_or_sync_fifo.gl0.rd/gr1.gr1_int.rfwft/aempty_fwft_i, hls_prova3_i/OV7670_GRAYSCALE_TO_AXIS/axi_interconnect_0/s00_couplers/auto_ds/inst/gen_downsizer.gen_simple_downsizer.axi_downsizer_inst/USE_WRITE.write_addr_inst/cmd_queue/inst/fifo_gen_inst/inst_fifo_gen/gconvfifo.rf/grf.rf/gntv_or_sync_fifo.gl0.wr/gwss.wsts/ram_afull_fb, hls_prova3_i/OV7670_GRAYSCALE_TO_AXIS/axi_interconnect_0/s00_couplers/auto_ds/inst/gen_downsizer.gen_simple_downsizer.axi_downsizer_inst/USE_WRITE.write_addr_inst/USE_B_CHANNEL.cmd_b_queue/inst/fifo_gen_inst/inst_fifo_gen/gconvfifo.rf/grf.rf/gntv_or_sync_fifo.gl0.wr/gwss.wsts/ram_afull_fb, hls_prova3_i/processing_system7_0_axi_periph/s00_couplers/auto_ds/inst/gen_downsizer.gen_simple_downsizer.axi_downsizer_inst/USE_READ.read_addr_inst/cmd_queue/inst/fifo_gen_inst/inst_fifo_gen/gconvfifo.rf/grf.rf/gntv_or_sync_fifo.gl0.wr/gwss.wsts/ram_afull_fb (the first 15 of 39 listed).
Related violations: <none>


