
*** Running vivado
    with args -log ma_ov7670_diretto_0_0.vds -m64 -product Vivado -mode batch -messageDb vivado.pb -notrace -source ma_ov7670_diretto_0_0.tcl


****** Vivado v2018.1 (64-bit)
  **** SW Build 2188600 on Wed Apr  4 18:39:19 MDT 2018
  **** IP Build 2185939 on Wed Apr  4 20:55:05 MDT 2018
    ** Copyright 1986-2018 Xilinx, Inc. All Rights Reserved.

source ma_ov7670_diretto_0_0.tcl -notrace
Command: synth_design -top ma_ov7670_diretto_0_0 -part xczu3eg-sbva484-1-e -mode out_of_context
Starting synth_design
Attempting to get a license for feature 'Synthesis' and/or device 'xczu3eg'
INFO: [Common 17-349] Got license for feature 'Synthesis' and/or device 'xczu3eg'
INFO: Launching helper process for spawning children vivado processes
INFO: Helper process launched with PID 10350 
---------------------------------------------------------------------------------
Starting RTL Elaboration : Time (s): cpu = 00:00:08 ; elapsed = 00:00:08 . Memory (MB): peak = 1565.695 ; gain = 0.000 ; free physical = 2179 ; free virtual = 21995
---------------------------------------------------------------------------------
INFO: [Synth 8-6157] synthesizing module 'ma_ov7670_diretto_0_0' [/media/kidre/Dati/GIT_TEST/bare-metalProva/myproj/project_1.srcs/sources_1/bd/ma/ip/ma_ov7670_diretto_0_0/synth/ma_ov7670_diretto_0_0.v:57]
INFO: [Synth 8-6157] synthesizing module 'ov7670_diretto' [/media/kidre/Dati/GIT_TEST/bare-metalProva/myproj/project_1.srcs/sources_1/bd/ma/ipshared/5ce0/hdl/verilog/ov7670_diretto.v:12]
	Parameter ap_ST_fsm_state1 bound to: 4'b0001 
	Parameter ap_ST_fsm_state2 bound to: 4'b0010 
	Parameter ap_ST_fsm_state3 bound to: 4'b0100 
	Parameter ap_ST_fsm_state4 bound to: 4'b1000 
	Parameter C_S_AXI_AXILITES_DATA_WIDTH bound to: 32 - type: integer 
	Parameter C_S_AXI_AXILITES_ADDR_WIDTH bound to: 4 - type: integer 
	Parameter C_S_AXI_DATA_WIDTH bound to: 32 - type: integer 
	Parameter C_S_AXI_AXILITES_WSTRB_WIDTH bound to: 4 - type: integer 
	Parameter C_S_AXI_WSTRB_WIDTH bound to: 4 - type: integer 
INFO: [Synth 8-5534] Detected attribute (* fsm_encoding = "none" *) [/media/kidre/Dati/GIT_TEST/bare-metalProva/myproj/project_1.srcs/sources_1/bd/ma/ipshared/5ce0/hdl/verilog/ov7670_diretto.v:90]
INFO: [Synth 8-6157] synthesizing module 'ov7670_diretto_AXILiteS_s_axi' [/media/kidre/Dati/GIT_TEST/bare-metalProva/myproj/project_1.srcs/sources_1/bd/ma/ipshared/5ce0/hdl/verilog/ov7670_diretto_AXILiteS_s_axi.v:9]
	Parameter C_S_AXI_ADDR_WIDTH bound to: 4 - type: integer 
	Parameter C_S_AXI_DATA_WIDTH bound to: 32 - type: integer 
	Parameter ADDR_AP_CTRL bound to: 4'b0000 
	Parameter ADDR_GIE bound to: 4'b0100 
	Parameter ADDR_IER bound to: 4'b1000 
	Parameter ADDR_ISR bound to: 4'b1100 
	Parameter WRIDLE bound to: 2'b00 
	Parameter WRDATA bound to: 2'b01 
	Parameter WRRESP bound to: 2'b10 
	Parameter WRRESET bound to: 2'b11 
	Parameter RDIDLE bound to: 2'b00 
	Parameter RDDATA bound to: 2'b01 
	Parameter RDRESET bound to: 2'b10 
	Parameter ADDR_BITS bound to: 4 - type: integer 
INFO: [Synth 8-155] case statement is not full and has no default [/media/kidre/Dati/GIT_TEST/bare-metalProva/myproj/project_1.srcs/sources_1/bd/ma/ipshared/5ce0/hdl/verilog/ov7670_diretto_AXILiteS_s_axi.v:189]
INFO: [Synth 8-6155] done synthesizing module 'ov7670_diretto_AXILiteS_s_axi' (1#1) [/media/kidre/Dati/GIT_TEST/bare-metalProva/myproj/project_1.srcs/sources_1/bd/ma/ipshared/5ce0/hdl/verilog/ov7670_diretto_AXILiteS_s_axi.v:9]
INFO: [Synth 8-6155] done synthesizing module 'ov7670_diretto' (2#1) [/media/kidre/Dati/GIT_TEST/bare-metalProva/myproj/project_1.srcs/sources_1/bd/ma/ipshared/5ce0/hdl/verilog/ov7670_diretto.v:12]
INFO: [Synth 8-6155] done synthesizing module 'ma_ov7670_diretto_0_0' (3#1) [/media/kidre/Dati/GIT_TEST/bare-metalProva/myproj/project_1.srcs/sources_1/bd/ma/ip/ma_ov7670_diretto_0_0/synth/ma_ov7670_diretto_0_0.v:57]
WARNING: [Synth 8-3331] design ov7670_diretto_AXILiteS_s_axi has unconnected port WDATA[31]
WARNING: [Synth 8-3331] design ov7670_diretto_AXILiteS_s_axi has unconnected port WDATA[30]
WARNING: [Synth 8-3331] design ov7670_diretto_AXILiteS_s_axi has unconnected port WDATA[29]
WARNING: [Synth 8-3331] design ov7670_diretto_AXILiteS_s_axi has unconnected port WDATA[28]
WARNING: [Synth 8-3331] design ov7670_diretto_AXILiteS_s_axi has unconnected port WDATA[27]
WARNING: [Synth 8-3331] design ov7670_diretto_AXILiteS_s_axi has unconnected port WDATA[26]
WARNING: [Synth 8-3331] design ov7670_diretto_AXILiteS_s_axi has unconnected port WDATA[25]
WARNING: [Synth 8-3331] design ov7670_diretto_AXILiteS_s_axi has unconnected port WDATA[24]
WARNING: [Synth 8-3331] design ov7670_diretto_AXILiteS_s_axi has unconnected port WDATA[23]
WARNING: [Synth 8-3331] design ov7670_diretto_AXILiteS_s_axi has unconnected port WDATA[22]
WARNING: [Synth 8-3331] design ov7670_diretto_AXILiteS_s_axi has unconnected port WDATA[21]
WARNING: [Synth 8-3331] design ov7670_diretto_AXILiteS_s_axi has unconnected port WDATA[20]
WARNING: [Synth 8-3331] design ov7670_diretto_AXILiteS_s_axi has unconnected port WDATA[19]
WARNING: [Synth 8-3331] design ov7670_diretto_AXILiteS_s_axi has unconnected port WDATA[18]
WARNING: [Synth 8-3331] design ov7670_diretto_AXILiteS_s_axi has unconnected port WDATA[17]
WARNING: [Synth 8-3331] design ov7670_diretto_AXILiteS_s_axi has unconnected port WDATA[16]
WARNING: [Synth 8-3331] design ov7670_diretto_AXILiteS_s_axi has unconnected port WDATA[15]
WARNING: [Synth 8-3331] design ov7670_diretto_AXILiteS_s_axi has unconnected port WDATA[14]
WARNING: [Synth 8-3331] design ov7670_diretto_AXILiteS_s_axi has unconnected port WDATA[13]
WARNING: [Synth 8-3331] design ov7670_diretto_AXILiteS_s_axi has unconnected port WDATA[12]
WARNING: [Synth 8-3331] design ov7670_diretto_AXILiteS_s_axi has unconnected port WDATA[11]
WARNING: [Synth 8-3331] design ov7670_diretto_AXILiteS_s_axi has unconnected port WDATA[10]
WARNING: [Synth 8-3331] design ov7670_diretto_AXILiteS_s_axi has unconnected port WDATA[9]
WARNING: [Synth 8-3331] design ov7670_diretto_AXILiteS_s_axi has unconnected port WDATA[8]
WARNING: [Synth 8-3331] design ov7670_diretto_AXILiteS_s_axi has unconnected port WDATA[6]
WARNING: [Synth 8-3331] design ov7670_diretto_AXILiteS_s_axi has unconnected port WDATA[5]
WARNING: [Synth 8-3331] design ov7670_diretto_AXILiteS_s_axi has unconnected port WDATA[4]
WARNING: [Synth 8-3331] design ov7670_diretto_AXILiteS_s_axi has unconnected port WDATA[3]
WARNING: [Synth 8-3331] design ov7670_diretto_AXILiteS_s_axi has unconnected port WDATA[2]
WARNING: [Synth 8-3331] design ov7670_diretto_AXILiteS_s_axi has unconnected port WSTRB[3]
WARNING: [Synth 8-3331] design ov7670_diretto_AXILiteS_s_axi has unconnected port WSTRB[2]
WARNING: [Synth 8-3331] design ov7670_diretto_AXILiteS_s_axi has unconnected port WSTRB[1]
---------------------------------------------------------------------------------
Finished RTL Elaboration : Time (s): cpu = 00:00:08 ; elapsed = 00:00:09 . Memory (MB): peak = 1565.695 ; gain = 0.000 ; free physical = 2170 ; free virtual = 22001
---------------------------------------------------------------------------------

Report Check Netlist: 
+------+------------------+-------+---------+-------+------------------+
|      |Item              |Errors |Warnings |Status |Description       |
+------+------------------+-------+---------+-------+------------------+
|1     |multi_driven_nets |      0|        0|Passed |Multi driven nets |
+------+------------------+-------+---------+-------+------------------+
---------------------------------------------------------------------------------
Start Handling Custom Attributes
---------------------------------------------------------------------------------
---------------------------------------------------------------------------------
Finished Handling Custom Attributes : Time (s): cpu = 00:00:09 ; elapsed = 00:00:09 . Memory (MB): peak = 1565.695 ; gain = 0.000 ; free physical = 2171 ; free virtual = 22002
---------------------------------------------------------------------------------
---------------------------------------------------------------------------------
Finished RTL Optimization Phase 1 : Time (s): cpu = 00:00:09 ; elapsed = 00:00:09 . Memory (MB): peak = 1565.695 ; gain = 0.000 ; free physical = 2171 ; free virtual = 22002
---------------------------------------------------------------------------------
INFO: [Device 21-403] Loading part xczu3eg-sbva484-1-e
INFO: [Project 1-570] Preparing netlist for logic optimization

Processing XDC Constraints
Initializing timing engine
Parsing XDC File [/media/kidre/Dati/GIT_TEST/bare-metalProva/myproj/project_1.srcs/sources_1/bd/ma/ip/ma_ov7670_diretto_0_0/constraints/ov7670_diretto_ooc.xdc] for cell 'inst'
Finished Parsing XDC File [/media/kidre/Dati/GIT_TEST/bare-metalProva/myproj/project_1.srcs/sources_1/bd/ma/ip/ma_ov7670_diretto_0_0/constraints/ov7670_diretto_ooc.xdc] for cell 'inst'
Parsing XDC File [/media/kidre/Dati/GIT_TEST/bare-metalProva/myproj/project_1.runs/ma_ov7670_diretto_0_0_synth_1/dont_touch.xdc]
Finished Parsing XDC File [/media/kidre/Dati/GIT_TEST/bare-metalProva/myproj/project_1.runs/ma_ov7670_diretto_0_0_synth_1/dont_touch.xdc]
Completed Processing XDC Constraints

INFO: [Project 1-111] Unisim Transformation Summary:
No Unisim elements were transformed.

Constraint Validation Runtime : Time (s): cpu = 00:00:00.03 ; elapsed = 00:00:00.03 . Memory (MB): peak = 2317.973 ; gain = 0.000 ; free physical = 1267 ; free virtual = 21240
---------------------------------------------------------------------------------
Finished Constraint Validation : Time (s): cpu = 00:00:29 ; elapsed = 00:00:38 . Memory (MB): peak = 2317.973 ; gain = 752.277 ; free physical = 1321 ; free virtual = 21295
---------------------------------------------------------------------------------
---------------------------------------------------------------------------------
Start Loading Part and Timing Information
---------------------------------------------------------------------------------
Loading part: xczu3eg-sbva484-1-e
---------------------------------------------------------------------------------
Finished Loading Part and Timing Information : Time (s): cpu = 00:00:29 ; elapsed = 00:00:38 . Memory (MB): peak = 2317.973 ; gain = 752.277 ; free physical = 1321 ; free virtual = 21295
---------------------------------------------------------------------------------
---------------------------------------------------------------------------------
Start Applying 'set_property' XDC Constraints
---------------------------------------------------------------------------------
Applied set_property DONT_TOUCH = true for inst. (constraint file  /media/kidre/Dati/GIT_TEST/bare-metalProva/myproj/project_1.runs/ma_ov7670_diretto_0_0_synth_1/dont_touch.xdc, line 9).
---------------------------------------------------------------------------------
Finished applying 'set_property' XDC Constraints : Time (s): cpu = 00:00:29 ; elapsed = 00:00:38 . Memory (MB): peak = 2317.973 ; gain = 752.277 ; free physical = 1321 ; free virtual = 21295
---------------------------------------------------------------------------------
INFO: [Synth 8-802] inferred FSM for state register 'wstate_reg' in module 'ov7670_diretto_AXILiteS_s_axi'
INFO: [Synth 8-802] inferred FSM for state register 'rstate_reg' in module 'ov7670_diretto_AXILiteS_s_axi'
INFO: [Synth 8-5544] ROM "wnext" won't be mapped to Block RAM because address size (1) smaller than threshold (5)
INFO: [Synth 8-5544] ROM "wnext" won't be mapped to Block RAM because address size (1) smaller than threshold (5)
INFO: [Synth 8-4490] FSM extraction disabled for register 'ap_CS_fsm_reg' through user attribute
INFO: [Synth 8-5545] ROM "tmp_7_fu_182_p2" won't be mapped to RAM because address size (32) is larger than maximum supported(25)
INFO: [Synth 8-5545] ROM "tmp_3_fu_160_p2" won't be mapped to RAM because address size (32) is larger than maximum supported(25)
---------------------------------------------------------------------------------------------------
                   State |                     New Encoding |                Previous Encoding 
---------------------------------------------------------------------------------------------------
                  iSTATE |                             0001 |                               11
*
                  WRIDLE |                             0010 |                               00
                  WRDATA |                             0100 |                               01
                  WRRESP |                             1000 |                               10
---------------------------------------------------------------------------------------------------
INFO: [Synth 8-3354] encoded FSM with state register 'wstate_reg' using encoding 'one-hot' in module 'ov7670_diretto_AXILiteS_s_axi'
---------------------------------------------------------------------------------------------------
                   State |                     New Encoding |                Previous Encoding 
---------------------------------------------------------------------------------------------------
                  iSTATE |                              001 |                               10
*
                  RDIDLE |                              010 |                               00
                  RDDATA |                              100 |                               01
---------------------------------------------------------------------------------------------------
INFO: [Synth 8-3354] encoded FSM with state register 'rstate_reg' using encoding 'one-hot' in module 'ov7670_diretto_AXILiteS_s_axi'
---------------------------------------------------------------------------------
Finished RTL Optimization Phase 2 : Time (s): cpu = 00:00:29 ; elapsed = 00:00:38 . Memory (MB): peak = 2317.973 ; gain = 752.277 ; free physical = 1314 ; free virtual = 21288
---------------------------------------------------------------------------------

Report RTL Partitions: 
+-+--------------+------------+----------+
| |RTL Partition |Replication |Instances |
+-+--------------+------------+----------+
+-+--------------+------------+----------+
---------------------------------------------------------------------------------
Start RTL Component Statistics 
---------------------------------------------------------------------------------
Detailed RTL Component Info : 
+---XORs : 
	   2 Input      1 Bit         XORs := 4     
+---Registers : 
	               32 Bit    Registers := 1     
	                8 Bit    Registers := 3     
	                4 Bit    Registers := 2     
	                2 Bit    Registers := 2     
	                1 Bit    Registers := 14    
+---Muxes : 
	   5 Input     32 Bit        Muxes := 1     
	   2 Input      8 Bit        Muxes := 1     
	   4 Input      4 Bit        Muxes := 1     
	   2 Input      4 Bit        Muxes := 6     
	   3 Input      3 Bit        Muxes := 1     
	   2 Input      3 Bit        Muxes := 2     
	   2 Input      2 Bit        Muxes := 2     
	   4 Input      2 Bit        Muxes := 1     
	   2 Input      1 Bit        Muxes := 7     
---------------------------------------------------------------------------------
Finished RTL Component Statistics 
---------------------------------------------------------------------------------
---------------------------------------------------------------------------------
Start RTL Hierarchical Component Statistics 
---------------------------------------------------------------------------------
Hierarchical RTL Component report 
Module ov7670_diretto_AXILiteS_s_axi 
Detailed RTL Component Info : 
+---XORs : 
	   2 Input      1 Bit         XORs := 2     
+---Registers : 
	               32 Bit    Registers := 1     
	                4 Bit    Registers := 1     
	                2 Bit    Registers := 1     
	                1 Bit    Registers := 8     
+---Muxes : 
	   5 Input     32 Bit        Muxes := 1     
	   4 Input      4 Bit        Muxes := 1     
	   2 Input      4 Bit        Muxes := 3     
	   3 Input      3 Bit        Muxes := 1     
	   2 Input      3 Bit        Muxes := 2     
	   2 Input      1 Bit        Muxes := 1     
Module ov7670_diretto 
Detailed RTL Component Info : 
+---XORs : 
	   2 Input      1 Bit         XORs := 2     
+---Registers : 
	                8 Bit    Registers := 3     
	                4 Bit    Registers := 1     
	                2 Bit    Registers := 1     
	                1 Bit    Registers := 6     
+---Muxes : 
	   2 Input      8 Bit        Muxes := 1     
	   2 Input      4 Bit        Muxes := 3     
	   2 Input      2 Bit        Muxes := 2     
	   4 Input      2 Bit        Muxes := 1     
	   2 Input      1 Bit        Muxes := 6     
---------------------------------------------------------------------------------
Finished RTL Hierarchical Component Statistics
---------------------------------------------------------------------------------
---------------------------------------------------------------------------------
Start Part Resource Summary
---------------------------------------------------------------------------------
Part Resources:
DSPs: 360 (col length:72)
BRAMs: 432 (col length: RAMB18 72 RAMB36 36)
---------------------------------------------------------------------------------
Finished Part Resource Summary
---------------------------------------------------------------------------------
---------------------------------------------------------------------------------
Start Cross Boundary and Area Optimization
---------------------------------------------------------------------------------
Warning: Parallel synthesis criteria is not met 
INFO: [Synth 8-5545] ROM "tmp_7_fu_182_p2" won't be mapped to RAM because address size (32) is larger than maximum supported(25)
INFO: [Synth 8-5545] ROM "tmp_3_fu_160_p2" won't be mapped to RAM because address size (32) is larger than maximum supported(25)
WARNING: [Synth 8-3331] design ov7670_diretto has unconnected port s_axi_AXILiteS_WDATA[31]
WARNING: [Synth 8-3331] design ov7670_diretto has unconnected port s_axi_AXILiteS_WDATA[30]
WARNING: [Synth 8-3331] design ov7670_diretto has unconnected port s_axi_AXILiteS_WDATA[29]
WARNING: [Synth 8-3331] design ov7670_diretto has unconnected port s_axi_AXILiteS_WDATA[28]
WARNING: [Synth 8-3331] design ov7670_diretto has unconnected port s_axi_AXILiteS_WDATA[27]
WARNING: [Synth 8-3331] design ov7670_diretto has unconnected port s_axi_AXILiteS_WDATA[26]
WARNING: [Synth 8-3331] design ov7670_diretto has unconnected port s_axi_AXILiteS_WDATA[25]
WARNING: [Synth 8-3331] design ov7670_diretto has unconnected port s_axi_AXILiteS_WDATA[24]
WARNING: [Synth 8-3331] design ov7670_diretto has unconnected port s_axi_AXILiteS_WDATA[23]
WARNING: [Synth 8-3331] design ov7670_diretto has unconnected port s_axi_AXILiteS_WDATA[22]
WARNING: [Synth 8-3331] design ov7670_diretto has unconnected port s_axi_AXILiteS_WDATA[21]
WARNING: [Synth 8-3331] design ov7670_diretto has unconnected port s_axi_AXILiteS_WDATA[20]
WARNING: [Synth 8-3331] design ov7670_diretto has unconnected port s_axi_AXILiteS_WDATA[19]
WARNING: [Synth 8-3331] design ov7670_diretto has unconnected port s_axi_AXILiteS_WDATA[18]
WARNING: [Synth 8-3331] design ov7670_diretto has unconnected port s_axi_AXILiteS_WDATA[17]
WARNING: [Synth 8-3331] design ov7670_diretto has unconnected port s_axi_AXILiteS_WDATA[16]
WARNING: [Synth 8-3331] design ov7670_diretto has unconnected port s_axi_AXILiteS_WDATA[15]
WARNING: [Synth 8-3331] design ov7670_diretto has unconnected port s_axi_AXILiteS_WDATA[14]
WARNING: [Synth 8-3331] design ov7670_diretto has unconnected port s_axi_AXILiteS_WDATA[13]
WARNING: [Synth 8-3331] design ov7670_diretto has unconnected port s_axi_AXILiteS_WDATA[12]
WARNING: [Synth 8-3331] design ov7670_diretto has unconnected port s_axi_AXILiteS_WDATA[11]
WARNING: [Synth 8-3331] design ov7670_diretto has unconnected port s_axi_AXILiteS_WDATA[10]
WARNING: [Synth 8-3331] design ov7670_diretto has unconnected port s_axi_AXILiteS_WDATA[9]
WARNING: [Synth 8-3331] design ov7670_diretto has unconnected port s_axi_AXILiteS_WDATA[8]
WARNING: [Synth 8-3331] design ov7670_diretto has unconnected port s_axi_AXILiteS_WDATA[6]
WARNING: [Synth 8-3331] design ov7670_diretto has unconnected port s_axi_AXILiteS_WDATA[5]
WARNING: [Synth 8-3331] design ov7670_diretto has unconnected port s_axi_AXILiteS_WDATA[4]
WARNING: [Synth 8-3331] design ov7670_diretto has unconnected port s_axi_AXILiteS_WDATA[3]
WARNING: [Synth 8-3331] design ov7670_diretto has unconnected port s_axi_AXILiteS_WDATA[2]
WARNING: [Synth 8-3331] design ov7670_diretto has unconnected port s_axi_AXILiteS_WSTRB[3]
WARNING: [Synth 8-3331] design ov7670_diretto has unconnected port s_axi_AXILiteS_WSTRB[2]
WARNING: [Synth 8-3331] design ov7670_diretto has unconnected port s_axi_AXILiteS_WSTRB[1]
INFO: [Synth 8-3886] merging instance 'inst/ov7670_diretto_AXILiteS_s_axi_U/rdata_reg[4]' (FDE) to 'inst/ov7670_diretto_AXILiteS_s_axi_U/rdata_reg[5]'
INFO: [Synth 8-3886] merging instance 'inst/ov7670_diretto_AXILiteS_s_axi_U/rdata_reg[5]' (FDE) to 'inst/ov7670_diretto_AXILiteS_s_axi_U/rdata_reg[6]'
INFO: [Synth 8-3886] merging instance 'inst/ov7670_diretto_AXILiteS_s_axi_U/rdata_reg[6]' (FDE) to 'inst/ov7670_diretto_AXILiteS_s_axi_U/rdata_reg[8]'
INFO: [Synth 8-3886] merging instance 'inst/ov7670_diretto_AXILiteS_s_axi_U/rdata_reg[8]' (FDE) to 'inst/ov7670_diretto_AXILiteS_s_axi_U/rdata_reg[9]'
INFO: [Synth 8-3886] merging instance 'inst/ov7670_diretto_AXILiteS_s_axi_U/rdata_reg[9]' (FDE) to 'inst/ov7670_diretto_AXILiteS_s_axi_U/rdata_reg[10]'
INFO: [Synth 8-3886] merging instance 'inst/ov7670_diretto_AXILiteS_s_axi_U/rdata_reg[10]' (FDE) to 'inst/ov7670_diretto_AXILiteS_s_axi_U/rdata_reg[11]'
INFO: [Synth 8-3886] merging instance 'inst/ov7670_diretto_AXILiteS_s_axi_U/rdata_reg[11]' (FDE) to 'inst/ov7670_diretto_AXILiteS_s_axi_U/rdata_reg[12]'
INFO: [Synth 8-3886] merging instance 'inst/ov7670_diretto_AXILiteS_s_axi_U/rdata_reg[12]' (FDE) to 'inst/ov7670_diretto_AXILiteS_s_axi_U/rdata_reg[13]'
INFO: [Synth 8-3886] merging instance 'inst/ov7670_diretto_AXILiteS_s_axi_U/rdata_reg[13]' (FDE) to 'inst/ov7670_diretto_AXILiteS_s_axi_U/rdata_reg[14]'
INFO: [Synth 8-3886] merging instance 'inst/ov7670_diretto_AXILiteS_s_axi_U/rdata_reg[14]' (FDE) to 'inst/ov7670_diretto_AXILiteS_s_axi_U/rdata_reg[15]'
INFO: [Synth 8-3886] merging instance 'inst/ov7670_diretto_AXILiteS_s_axi_U/rdata_reg[15]' (FDE) to 'inst/ov7670_diretto_AXILiteS_s_axi_U/rdata_reg[16]'
INFO: [Synth 8-3886] merging instance 'inst/ov7670_diretto_AXILiteS_s_axi_U/rdata_reg[16]' (FDE) to 'inst/ov7670_diretto_AXILiteS_s_axi_U/rdata_reg[17]'
INFO: [Synth 8-3886] merging instance 'inst/ov7670_diretto_AXILiteS_s_axi_U/rdata_reg[17]' (FDE) to 'inst/ov7670_diretto_AXILiteS_s_axi_U/rdata_reg[18]'
INFO: [Synth 8-3886] merging instance 'inst/ov7670_diretto_AXILiteS_s_axi_U/rdata_reg[18]' (FDE) to 'inst/ov7670_diretto_AXILiteS_s_axi_U/rdata_reg[19]'
INFO: [Synth 8-3886] merging instance 'inst/ov7670_diretto_AXILiteS_s_axi_U/rdata_reg[19]' (FDE) to 'inst/ov7670_diretto_AXILiteS_s_axi_U/rdata_reg[20]'
INFO: [Synth 8-3886] merging instance 'inst/ov7670_diretto_AXILiteS_s_axi_U/rdata_reg[20]' (FDE) to 'inst/ov7670_diretto_AXILiteS_s_axi_U/rdata_reg[21]'
INFO: [Synth 8-3886] merging instance 'inst/ov7670_diretto_AXILiteS_s_axi_U/rdata_reg[21]' (FDE) to 'inst/ov7670_diretto_AXILiteS_s_axi_U/rdata_reg[22]'
INFO: [Synth 8-3886] merging instance 'inst/ov7670_diretto_AXILiteS_s_axi_U/rdata_reg[22]' (FDE) to 'inst/ov7670_diretto_AXILiteS_s_axi_U/rdata_reg[23]'
INFO: [Synth 8-3886] merging instance 'inst/ov7670_diretto_AXILiteS_s_axi_U/rdata_reg[23]' (FDE) to 'inst/ov7670_diretto_AXILiteS_s_axi_U/rdata_reg[24]'
INFO: [Synth 8-3886] merging instance 'inst/ov7670_diretto_AXILiteS_s_axi_U/rdata_reg[24]' (FDE) to 'inst/ov7670_diretto_AXILiteS_s_axi_U/rdata_reg[25]'
INFO: [Synth 8-3886] merging instance 'inst/ov7670_diretto_AXILiteS_s_axi_U/rdata_reg[25]' (FDE) to 'inst/ov7670_diretto_AXILiteS_s_axi_U/rdata_reg[26]'
INFO: [Synth 8-3886] merging instance 'inst/ov7670_diretto_AXILiteS_s_axi_U/rdata_reg[26]' (FDE) to 'inst/ov7670_diretto_AXILiteS_s_axi_U/rdata_reg[27]'
INFO: [Synth 8-3886] merging instance 'inst/ov7670_diretto_AXILiteS_s_axi_U/rdata_reg[27]' (FDE) to 'inst/ov7670_diretto_AXILiteS_s_axi_U/rdata_reg[28]'
INFO: [Synth 8-3886] merging instance 'inst/ov7670_diretto_AXILiteS_s_axi_U/rdata_reg[28]' (FDE) to 'inst/ov7670_diretto_AXILiteS_s_axi_U/rdata_reg[29]'
INFO: [Synth 8-3886] merging instance 'inst/ov7670_diretto_AXILiteS_s_axi_U/rdata_reg[29]' (FDE) to 'inst/ov7670_diretto_AXILiteS_s_axi_U/rdata_reg[30]'
INFO: [Synth 8-3886] merging instance 'inst/ov7670_diretto_AXILiteS_s_axi_U/rdata_reg[30]' (FDE) to 'inst/ov7670_diretto_AXILiteS_s_axi_U/rdata_reg[31]'
INFO: [Synth 8-3333] propagating constant 0 across sequential element (inst/\ov7670_diretto_AXILiteS_s_axi_U/rdata_reg[31] )
WARNING: [Synth 8-3332] Sequential element (ov7670_diretto_AXILiteS_s_axi_U/rdata_reg[31]) is unused and will be removed from module ov7670_diretto.
---------------------------------------------------------------------------------
Finished Cross Boundary and Area Optimization : Time (s): cpu = 00:00:30 ; elapsed = 00:00:39 . Memory (MB): peak = 2317.973 ; gain = 752.277 ; free physical = 1273 ; free virtual = 21252
---------------------------------------------------------------------------------

Report RTL Partitions: 
+-+--------------+------------+----------+
| |RTL Partition |Replication |Instances |
+-+--------------+------------+----------+
+-+--------------+------------+----------+
---------------------------------------------------------------------------------
Start Applying XDC Timing Constraints
---------------------------------------------------------------------------------
---------------------------------------------------------------------------------
Finished Applying XDC Timing Constraints : Time (s): cpu = 00:00:56 ; elapsed = 00:01:22 . Memory (MB): peak = 2722.387 ; gain = 1156.691 ; free physical = 514 ; free virtual = 20522
---------------------------------------------------------------------------------
---------------------------------------------------------------------------------
Start Timing Optimization
---------------------------------------------------------------------------------
---------------------------------------------------------------------------------
Finished Timing Optimization : Time (s): cpu = 00:00:56 ; elapsed = 00:01:22 . Memory (MB): peak = 2743.418 ; gain = 1177.723 ; free physical = 510 ; free virtual = 20517
---------------------------------------------------------------------------------

Report RTL Partitions: 
+-+--------------+------------+----------+
| |RTL Partition |Replication |Instances |
+-+--------------+------------+----------+
+-+--------------+------------+----------+
---------------------------------------------------------------------------------
Start Technology Mapping
---------------------------------------------------------------------------------
---------------------------------------------------------------------------------
Finished Technology Mapping : Time (s): cpu = 00:00:56 ; elapsed = 00:01:22 . Memory (MB): peak = 2751.426 ; gain = 1185.730 ; free physical = 511 ; free virtual = 20518
---------------------------------------------------------------------------------

Report RTL Partitions: 
+-+--------------+------------+----------+
| |RTL Partition |Replication |Instances |
+-+--------------+------------+----------+
+-+--------------+------------+----------+
---------------------------------------------------------------------------------
Start IO Insertion
---------------------------------------------------------------------------------
---------------------------------------------------------------------------------
Start Flattening Before IO Insertion
---------------------------------------------------------------------------------
---------------------------------------------------------------------------------
Finished Flattening Before IO Insertion
---------------------------------------------------------------------------------
---------------------------------------------------------------------------------
Start Final Netlist Cleanup
---------------------------------------------------------------------------------
---------------------------------------------------------------------------------
Finished Final Netlist Cleanup
---------------------------------------------------------------------------------
---------------------------------------------------------------------------------
Finished IO Insertion : Time (s): cpu = 00:00:57 ; elapsed = 00:01:23 . Memory (MB): peak = 2751.426 ; gain = 1185.730 ; free physical = 511 ; free virtual = 20518
---------------------------------------------------------------------------------

Report Check Netlist: 
+------+------------------+-------+---------+-------+------------------+
|      |Item              |Errors |Warnings |Status |Description       |
+------+------------------+-------+---------+-------+------------------+
|1     |multi_driven_nets |      0|        0|Passed |Multi driven nets |
+------+------------------+-------+---------+-------+------------------+
---------------------------------------------------------------------------------
Start Renaming Generated Instances
---------------------------------------------------------------------------------
---------------------------------------------------------------------------------
Finished Renaming Generated Instances : Time (s): cpu = 00:00:57 ; elapsed = 00:01:23 . Memory (MB): peak = 2751.426 ; gain = 1185.730 ; free physical = 511 ; free virtual = 20518
---------------------------------------------------------------------------------

Report RTL Partitions: 
+-+--------------+------------+----------+
| |RTL Partition |Replication |Instances |
+-+--------------+------------+----------+
+-+--------------+------------+----------+
---------------------------------------------------------------------------------
Start Rebuilding User Hierarchy
---------------------------------------------------------------------------------
---------------------------------------------------------------------------------
Finished Rebuilding User Hierarchy : Time (s): cpu = 00:00:57 ; elapsed = 00:01:23 . Memory (MB): peak = 2751.426 ; gain = 1185.730 ; free physical = 511 ; free virtual = 20518
---------------------------------------------------------------------------------
---------------------------------------------------------------------------------
Start Renaming Generated Ports
---------------------------------------------------------------------------------
---------------------------------------------------------------------------------
Finished Renaming Generated Ports : Time (s): cpu = 00:00:57 ; elapsed = 00:01:23 . Memory (MB): peak = 2751.426 ; gain = 1185.730 ; free physical = 511 ; free virtual = 20518
---------------------------------------------------------------------------------
---------------------------------------------------------------------------------
Start Handling Custom Attributes
---------------------------------------------------------------------------------
---------------------------------------------------------------------------------
Finished Handling Custom Attributes : Time (s): cpu = 00:00:57 ; elapsed = 00:01:23 . Memory (MB): peak = 2751.426 ; gain = 1185.730 ; free physical = 511 ; free virtual = 20518
---------------------------------------------------------------------------------
---------------------------------------------------------------------------------
Start Renaming Generated Nets
---------------------------------------------------------------------------------
---------------------------------------------------------------------------------
Finished Renaming Generated Nets : Time (s): cpu = 00:00:57 ; elapsed = 00:01:23 . Memory (MB): peak = 2751.426 ; gain = 1185.730 ; free physical = 511 ; free virtual = 20518
---------------------------------------------------------------------------------
---------------------------------------------------------------------------------
Start Writing Synthesis Report
---------------------------------------------------------------------------------

Report BlackBoxes: 
+-+--------------+----------+
| |BlackBox name |Instances |
+-+--------------+----------+
+-+--------------+----------+

Report Cell Usage: 
+------+-------+------+
|      |Cell   |Count |
+------+-------+------+
|1     |CARRY8 |     8|
|2     |LUT1   |     3|
|3     |LUT2   |     6|
|4     |LUT3   |    19|
|5     |LUT4   |    22|
|6     |LUT5   |    17|
|7     |LUT6   |    12|
|8     |FDRE   |   122|
|9     |FDSE   |     4|
+------+-------+------+

Report Instance Areas: 
+------+------------------------------------+------------------------------+------+
|      |Instance                            |Module                        |Cells |
+------+------------------------------------+------------------------------+------+
|1     |top                                 |                              |   213|
|2     |  inst                              |ov7670_diretto                |   213|
|3     |    ov7670_diretto_AXILiteS_s_axi_U |ov7670_diretto_AXILiteS_s_axi |    57|
+------+------------------------------------+------------------------------+------+
---------------------------------------------------------------------------------
Finished Writing Synthesis Report : Time (s): cpu = 00:00:57 ; elapsed = 00:01:23 . Memory (MB): peak = 2751.426 ; gain = 1185.730 ; free physical = 511 ; free virtual = 20518
---------------------------------------------------------------------------------
Synthesis finished with 0 errors, 0 critical warnings and 33 warnings.
Synthesis Optimization Runtime : Time (s): cpu = 00:00:44 ; elapsed = 00:01:02 . Memory (MB): peak = 2751.426 ; gain = 433.453 ; free physical = 547 ; free virtual = 20554
Synthesis Optimization Complete : Time (s): cpu = 00:00:57 ; elapsed = 00:01:23 . Memory (MB): peak = 2751.434 ; gain = 1185.730 ; free physical = 547 ; free virtual = 20554
INFO: [Project 1-571] Translating synthesized netlist
INFO: [Netlist 29-17] Analyzing 8 Unisim elements for replacement
INFO: [Netlist 29-28] Unisim Transformation completed in 0 CPU seconds
INFO: [Project 1-570] Preparing netlist for logic optimization
INFO: [Opt 31-138] Pushed 0 inverter(s) to 0 load pin(s).
INFO: [Project 1-111] Unisim Transformation Summary:
No Unisim elements were transformed.

INFO: [Common 17-83] Releasing license: Synthesis
57 Infos, 65 Warnings, 0 Critical Warnings and 0 Errors encountered.
synth_design completed successfully
synth_design: Time (s): cpu = 00:00:59 ; elapsed = 00:01:24 . Memory (MB): peak = 2788.441 ; gain = 1230.750 ; free physical = 543 ; free virtual = 20551
INFO: [Common 17-1381] The checkpoint '/media/kidre/Dati/GIT_TEST/bare-metalProva/myproj/project_1.runs/ma_ov7670_diretto_0_0_synth_1/ma_ov7670_diretto_0_0.dcp' has been generated.
