INFO: [HLS 200-0] Workspace /media/kidre/Dati/GIT_TEST/IP_HLS_PROVA/WRITER_AXILITE/solution1 opened at Wed Sep 02 09:56:36 CEST 2020
Execute     config_clock -quiet -name default -period 8 -default=false 
INFO: [SYN 201-201] Setting up clock 'default' with a period of 8ns.
Command     config_clock returned 0; 0 sec.
Execute     open_platform DefaultPlatform 
Command     open_platform returned 0; 0 sec.
Execute     import_lib /opt/Xilinx/Vivado/2018.1/common/technology/xilinx/zynquplus/zynquplus 
Execute       source /opt/Xilinx/Vivado/2018.1/common/technology/xilinx/common/xilinx.lib 
Execute         source /opt/Xilinx/Vivado/2018.1/common/technology/xilinx/interface/xilinx_interface.lib 
Execute           source /opt/Xilinx/Vivado/2018.1/common/technology/xilinx/interface/plb46.lib 
Command           ap_source returned 0; 0 sec.
Execute           source /opt/Xilinx/Vivado/2018.1/common/technology/xilinx/interface/fsl.lib 
Command           ap_source returned 0; 0 sec.
Execute           source /opt/Xilinx/Vivado/2018.1/common/technology/xilinx/interface/axi4.lib 
Command           ap_source returned 0; 0 sec.
Execute           source /opt/Xilinx/Vivado/2018.1/common/technology/xilinx/interface/maxi.lib 
Command           ap_source returned 0; 0 sec.
Execute           source /opt/Xilinx/Vivado/2018.1/common/technology/xilinx/interface/saxilite.lib 
Command           ap_source returned 0; 0 sec.
Command         ap_source returned 0; 0 sec.
Execute         source /opt/Xilinx/Vivado/2018.1/common/technology/xilinx/common/dsp48.lib 
Command         ap_source returned 0; 0 sec.
Execute         source /opt/Xilinx/Vivado/2018.1/common/technology/xilinx/ip/xfir.lib 
Command         ap_source returned 0; 0 sec.
Execute         source /opt/Xilinx/Vivado/2018.1/common/technology/xilinx/ip/xfft.lib 
Command         ap_source returned 0; 0 sec.
Execute         source /opt/Xilinx/Vivado/2018.1/common/technology/xilinx/ip/dds_compiler.lib 
Command         ap_source returned 0; 0 sec.
Command       ap_source returned 0; 0 sec.
Execute       source /opt/Xilinx/Vivado/2018.1/common/technology/xilinx/common/xilinx_old.lib 
Command       ap_source returned 0; 0.01 sec.
Execute       source /opt/Xilinx/Vivado/2018.1/common/technology/xilinx/common/xilinx_vivado.lib 
Command       ap_source returned 0; 0 sec.
Execute       source /opt/Xilinx/Vivado/2018.1/common/technology/xilinx/common/xilinx.hlp 
Execute         source /opt/Xilinx/Vivado/2018.1/common/technology/xilinx/common/target_info.tcl 
Command         ap_source returned 0; 0 sec.
Execute         source /opt/Xilinx/Vivado/2018.1/common/technology/xilinx/interface/xilinx_interface.hlp 
Execute           source /opt/Xilinx/Vivado/2018.1/common/technology/xilinx/interface/maxi.hlp 
Command           ap_source returned 0; 0 sec.
Execute           source /opt/Xilinx/Vivado/2018.1/common/technology/xilinx/interface/saxilite.hlp 
Command           ap_source returned 0; 0 sec.
Command         ap_source returned 0; 0 sec.
Execute         source /opt/Xilinx/Vivado/2018.1/common/technology/xilinx/common/dsp48.hlp 
Command         ap_source returned 0; 0 sec.
Command       ap_source returned 0; 0 sec.
Execute       source /opt/Xilinx/Vivado/2018.1/common/technology/xilinx/zynquplus/dsp48e2.hlp 
Command       ap_source returned 0; 0 sec.
Execute       get_default_platform 
Command       get_default_platform returned 0; 0 sec.
Execute       config_chip_info -quiet -resource  {SLICE 34260} {LUT 274080}   {FF 548160}  {DSP48E 2520}  {BRAM 1824} {URAM 0}  
Command       config_chip_info returned 0; 0 sec.
Execute       config_chip_info -quiet -speed medium 
Command       config_chip_info returned 0; 0 sec.
Execute       source /opt/Xilinx/Vivado/2018.1/common/technology/xilinx/common/xilinx.hlp 
Execute         source /opt/Xilinx/Vivado/2018.1/common/technology/xilinx/common/target_info.tcl 
Command         ap_source returned 0; 0 sec.
Execute         source /opt/Xilinx/Vivado/2018.1/common/technology/xilinx/interface/xilinx_interface.hlp 
Execute           source /opt/Xilinx/Vivado/2018.1/common/technology/xilinx/interface/maxi.hlp 
Command           ap_source returned 0; 0 sec.
Execute           source /opt/Xilinx/Vivado/2018.1/common/technology/xilinx/interface/saxilite.hlp 
Command           ap_source returned 0; 0 sec.
Command         ap_source returned 0; 0 sec.
Execute         source /opt/Xilinx/Vivado/2018.1/common/technology/xilinx/common/dsp48.hlp 
Command         ap_source returned 0; 0 sec.
Command       ap_source returned 0; 0 sec.
Command     import_lib returned 0; 0.02 sec.
Execute     source /opt/Xilinx/Vivado/2018.1/common/technology/xilinx/zynquplus/zynquplus.gen 
Execute       source /opt/Xilinx/Vivado/2018.1/common/technology/xilinx/common/virtex.gen 
Execute         source /opt/Xilinx/Vivado/2018.1/common/technology/xilinx/common/xilinx.gen 
Execute           source /opt/Xilinx/Vivado/2018.1/common/technology/xilinx/interface/plb46.gen 
Command           ap_source returned 0; 0 sec.
Execute           source /opt/Xilinx/Vivado/2018.1/common/technology/xilinx/interface/fsl.gen 
Command           ap_source returned 0; 0 sec.
Execute           source /opt/Xilinx/Vivado/2018.1/common/technology/xilinx/interface/axi4.gen 
Command           ap_source returned 0; 0 sec.
Execute           source /opt/Xilinx/Vivado/2018.1/common/technology/xilinx/interface/nativeAXI4.gen 
Execute             source /opt/Xilinx/Vivado/2018.1/common/technology/xilinx/interface/saxilite.gen 
Command             ap_source returned 0; 0 sec.
Execute             source /opt/Xilinx/Vivado/2018.1/common/technology/xilinx/interface/maxi.gen 
Command             ap_source returned 0; 0 sec.
Command           ap_source returned 0; 0 sec.
Execute           source /opt/Xilinx/Vivado/2018.1/common/technology/xilinx/scripts/xilinxcoregen.gen 
Command           ap_source returned 0; 0.01 sec.
Execute           source /opt/Xilinx/Vivado/2018.1/common/technology/xilinx/interface/XilEDKCoreGen.gen 
Command           ap_source returned 0; 0.01 sec.
Execute           source /opt/Xilinx/Vivado/2018.1/common/technology/xilinx/ip/util.gen 
Command           ap_source returned 0; 0 sec.
Execute           source /opt/Xilinx/Vivado/2018.1/common/technology/xilinx/ip/xfir.gen 
Command           ap_source returned 0; 0 sec.
Execute           source /opt/Xilinx/Vivado/2018.1/common/technology/xilinx/ip/dds_compiler.gen 
Command           ap_source returned 0; 0 sec.
Execute           source /opt/Xilinx/Vivado/2018.1/common/technology/xilinx/ip/xfft.gen 
Command           ap_source returned 0; 0.08 sec.
Command         ap_source returned 0; 0.1 sec.
Execute         source /opt/Xilinx/Vivado/2018.1/common/technology/xilinx/common/dsp48.gen 
Command         ap_source returned 0; 0 sec.
Command       ap_source returned 0; 0.1 sec.
Command     ap_source returned 0; 0.1 sec.
Execute     open_platform DefaultPlatform 
Command     open_platform returned 0; 0 sec.
Execute     import_lib /opt/Xilinx/Vivado/2018.1/common/technology/xilinx/zynquplus/zynquplus_fpv7 
Execute       source /opt/Xilinx/Vivado/2018.1/common/technology/xilinx/common/xilinx_fpv7.lib 
Execute         source /opt/Xilinx/Vivado/2018.1/common/technology/xilinx/common/xilinx_hp.lib 
Command         ap_source returned 0; 0 sec.
Command       ap_source returned 0; 0.01 sec.
Execute       source /opt/Xilinx/Vivado/2018.1/common/technology/xilinx/common/xilinx_fpv.hlp 
Execute         source /opt/Xilinx/Vivado/2018.1/common/technology/xilinx/common/xilinx.hlp 
Execute           source /opt/Xilinx/Vivado/2018.1/common/technology/xilinx/common/target_info.tcl 
Command           ap_source returned 0; 0 sec.
Execute           source /opt/Xilinx/Vivado/2018.1/common/technology/xilinx/interface/xilinx_interface.hlp 
Execute             source /opt/Xilinx/Vivado/2018.1/common/technology/xilinx/interface/maxi.hlp 
Command             ap_source returned 0; 0 sec.
Execute             source /opt/Xilinx/Vivado/2018.1/common/technology/xilinx/interface/saxilite.hlp 
Command             ap_source returned 0; 0 sec.
Command           ap_source returned 0; 0 sec.
Execute           source /opt/Xilinx/Vivado/2018.1/common/technology/xilinx/common/dsp48.hlp 
Command           ap_source returned 0; 0 sec.
Command         ap_source returned 0; 0 sec.
Command       ap_source returned 0; 0 sec.
Execute       source /opt/Xilinx/Vivado/2018.1/common/technology/xilinx/zynquplus/zynquplus_hp.hlp 
Command       ap_source returned 0; 0.01 sec.
Command     import_lib returned 0; 0.02 sec.
Execute     source /opt/Xilinx/Vivado/2018.1/common/technology/xilinx/zynquplus/zynquplus_fpv7.gen 
Execute       source /opt/Xilinx/Vivado/2018.1/common/technology/xilinx/common/xilinx_fpv6.gen 
Command       ap_source returned 0; 0 sec.
Command     ap_source returned 0; 0 sec.
Execute     set_part xczu3eg-sbva484-1-e 
Execute       add_library xilinx/zynquplus/zynquplus:xczu3eg:-sbva484:-1-e 
Execute         get_default_platform 
Command         get_default_platform returned 0; 0 sec.
Execute         license_isbetapart xczu3eg 
Command         license_isbetapart returned 1; 0.01 sec.
Execute         get_default_platform 
Command         get_default_platform returned 0; 0 sec.
Execute         config_chip_info -quiet -resource  {SLICE 8820}  {LUT 70560}    {FF 141120}  {DSP48E 360}   {BRAM 432}  {URAM 0}  
Command         config_chip_info returned 0; 0 sec.
Execute         config_chip_info -quiet -speed slow 
Command         config_chip_info returned 0; 0 sec.
Command       add_library returned 0; 0.01 sec.
Execute       add_library xilinx/zynquplus/zynquplus_fpv7 
Execute         get_default_platform 
Command         get_default_platform returned 0; 0 sec.
Command       add_library returned 0; 0 sec.
INFO: [HLS 200-10] Setting target device to 'xczu3eg-sbva484-1-e'
Execute       get_default_platform 
Command       get_default_platform returned 0; 0 sec.
Command     set_part returned 0; 0.04 sec.
Execute     get_default_platform 
Command     get_default_platform returned 0; 0 sec.
Execute     config_chip_info -quiet -resource  {SLICE 8820}  {LUT 70560}    {FF 141120}  {DSP48E 360}   {BRAM 432}  {URAM 0}  
Command     config_chip_info returned 0; 0 sec.
Execute     config_chip_info -quiet -speed slow 
Command     config_chip_info returned 0; 0 sec.
Command   open_solution returned 0; 0.19 sec.
Execute   set_part xczu3eg-sbva484-1-e 
Execute     add_library xilinx/zynquplus/zynquplus:xczu3eg:-sbva484:-1-e 
Execute       get_default_platform 
Command       get_default_platform returned 0; 0 sec.
Execute       license_isbetapart xczu3eg 
Command       license_isbetapart returned 1; 0 sec.
Execute       get_default_platform 
Command       get_default_platform returned 0; 0 sec.
Execute       config_chip_info -quiet -resource  {SLICE 8820}  {LUT 70560}    {FF 141120}  {DSP48E 360}   {BRAM 432}  {URAM 0}  
Command       config_chip_info returned 0; 0 sec.
Execute       config_chip_info -quiet -speed slow 
Command       config_chip_info returned 0; 0 sec.
Command     add_library returned 0; 0 sec.
Execute     add_library xilinx/zynquplus/zynquplus_fpv7 
Execute       get_default_platform 
Command       get_default_platform returned 0; 0 sec.
Command     add_library returned 0; 0 sec.
Execute     get_default_platform 
Command     get_default_platform returned 0; 0 sec.
Command   set_part returned 0; 0.03 sec.
Execute   create_clock -period 8 -name default 
Command   create_clock returned 0; 0 sec.
Execute   source ./WRITER_AXILITE/solution1/directives.tcl 
Execute     set_directive_reset axis_to_ddr_writer frame_count_inner 
INFO: [HLS 200-0] Setting directive 'RESET' variable=positionBooleanTextRequiredframe_count_inner 
Command     set_directive_reset returned 0; 0 sec.
Command   ap_source returned 0; 0 sec.
Execute   csynth_design 
Execute     elaborate -effort=medium -skip_syncheck=0 -keep_printf=0 -lm=0 -skip_cdt=0 -skip_transform=0 -ng=0 -g=0 -opt_fp=0 -enable_clang39=0 
WARNING: [HLS 200-40] Cannot find source file axis_to_ddr_writer.cpp; skipping it.
INFO: [HLS 200-111] Finished Checking Pragmas Time (s): cpu = 00:00:00.39 ; elapsed = 00:00:00.44 . Memory (MB): peak = 351.609 ; gain = 0.129 ; free physical = 338 ; free virtual = 19911
INFO: [HLS 200-0] Linking Release ...
ERROR: [HLS 200-70] Cannot find any design unit to elaborate.
Command     elaborate returned 2; 0 sec.
Command   csynth_design returned 2; 0 sec.
Command ap_source returned 1; 0.23 sec.
Error in linking the design.
    while executing
"source /media/kidre/Dati/GIT_TEST/IP_HLS_PROVA/WRITER_AXILITE/solution1/csynth.tcl"
    invoked from within
"hls::main /media/kidre/Dati/GIT_TEST/IP_HLS_PROVA/WRITER_AXILITE/solution1/csynth.tcl"
    ("uplevel" body line 1)
    invoked from within
"uplevel 1 hls::main {*}$args"
    (procedure "hls_proc" line 5)
    invoked from within
"hls_proc $argv"
Execute cleanup_all 
Command cleanup_all returned 0; 0 sec.
