INFO: [HLS 200-10] Running '/media/kidre/8a0a81cd-859e-4c75-9e65-2b4a729982e4/opt/Xilinx/Vivado/2018.1/bin/unwrapped/lnx64.o/vivado_hls'
INFO: [HLS 200-10] For user 'root' on host 'kidre-N551JX' (Linux_x86_64 version 5.3.0-40-generic) on Fri Mar 13 12:36:18 CET 2020
INFO: [HLS 200-10] On os Ubuntu 18.04.4 LTS
INFO: [HLS 200-10] In directory '/home/kidre/Immagini/Università/Uni/Tesi/SmartCamera/HLS_COMMON/DDR'
INFO: [HLS 200-10] Opening project '/home/kidre/Immagini/Università/Uni/Tesi/SmartCamera/HLS_COMMON/DDR/DDR_TO_AXIS_READER_AXILITE_SD'.
INFO: [HLS 200-10] Adding design file 'DDR_TO_AXIS_READER_AXILITE_SD/ddr_to_axis_reader_SD.h' to the project
INFO: [HLS 200-10] Adding design file 'DDR_TO_AXIS_READER_AXILITE_SD/ddr_to_axis_reader_SD.cpp' to the project
INFO: [HLS 200-10] Adding test bench file 'DDR_TO_AXIS_READER_AXILITE_SD/testbench.cpp' to the project
INFO: [HLS 200-10] Opening solution '/home/kidre/Immagini/Università/Uni/Tesi/SmartCamera/HLS_COMMON/DDR/DDR_TO_AXIS_READER_AXILITE_SD/solution1'.
INFO: [SYN 201-201] Setting up clock 'default' with a period of 42ns.
INFO: [SYN 201-201] Setting up clock 'default' with an uncertainty of 1ns.
INFO: [HLS 200-10] Setting target device to 'xczu3eg-sbva484-1-e'
INFO: [HLS 200-10] Analyzing design file 'DDR_TO_AXIS_READER_AXILITE_SD/ddr_to_axis_reader_SD.cpp' ...
WARNING: [HLS 200-40] In file included from DDR_TO_AXIS_READER_AXILITE_SD/ddr_to_axis_reader_SD.cpp:1:
In file included from DDR_TO_AXIS_READER_AXILITE_SD/ddr_to_axis_reader_SD.h:2:
In file included from /media/kidre/8a0a81cd-859e-4c75-9e65-2b4a729982e4/opt/Xilinx/Vivado/2018.1/common/technology/autopilot/ap_int.h:60:
In file included from /media/kidre/8a0a81cd-859e-4c75-9e65-2b4a729982e4/opt/Xilinx/Vivado/2018.1/common/technology/autopilot/hls_half.h:32:
In file included from /media/kidre/8a0a81cd-859e-4c75-9e65-2b4a729982e4/opt/Xilinx/Vivado/2018.1/lnx64/tools/gcc/lib/gcc/x86_64-unknown-linux-gnu/4.6.3/../../../../include/c++/4.6.3/cmath:42:
In file included from /media/kidre/8a0a81cd-859e-4c75-9e65-2b4a729982e4/opt/Xilinx/Vivado/2018.1/lnx64/tools/gcc/lib/gcc/x86_64-unknown-linux-gnu/4.6.3/../../../../include/c++/4.6.3/x86_64-unknown-linux-gnu/bits/c++config.h:393:
/media/kidre/8a0a81cd-859e-4c75-9e65-2b4a729982e4/opt/Xilinx/Vivado/2018.1/lnx64/tools/gcc/lib/gcc/x86_64-unknown-linux-gnu/4.6.3/../../../../include/c++/4.6.3/x86_64-unknown-linux-gnu/bits/os_defines.h:40:10: fatal error: 'features.h' file not found
#include <features.h>
         ^
1 error generated.
C preprocessor failed.
    while executing
"source /home/kidre/Immagini/Università/Uni/Tesi/SmartCamera/HLS_COMMON/DDR/DDR_TO_AXIS_READER_AXILITE_SD/solution1/csynth.tcl"
    invoked from within
"hls::main /home/kidre/Immagini/Università/Uni/Tesi/SmartCamera/HLS_COMMON/DDR/DDR_TO_AXIS_READER_AXILITE_SD/solution1/csynth.tcl"
    ("uplevel" body line 1)
    invoked from within
"uplevel 1 hls::main {*}$args"
    (procedure "hls_proc" line 5)
    invoked from within
"hls_proc $argv"
