Copyright 1986-2018 Xilinx, Inc. All Rights Reserved.
------------------------------------------------------------------------------------
| Tool Version : Vivado v.2018.1 (lin64) Build 2188600 Wed Apr  4 18:39:19 MDT 2018
| Date         : Wed Oct 14 17:14:28 2020
| Host         : kidre-N551JX running 64-bit Ubuntu 16.04.7 LTS
| Command      : upgrade_ip
| Device       : xczu3eg-sbva484-1-e
------------------------------------------------------------------------------------

Upgrade Log for IP 'reset_3_ov7670_interface_0_0'

1. Summary
----------

SUCCESS in the conversion of reset_3_ov7670_interface_0_0 (xilinx.com:hls:ov7670_interface:1.0 (Rev. 2003101103)) to Vivado generation flows.






Copyright 1986-2018 Xilinx, Inc. All Rights Reserved.
------------------------------------------------------------------------------------
| Tool Version : Vivado v.2018.1 (lin64) Build 2188600 Wed Apr  4 18:39:19 MDT 2018
| Date         : Wed Oct 14 17:14:28 2020
| Host         : kidre-N551JX running 64-bit Ubuntu 16.04.7 LTS
| Command      : upgrade_ip
| Device       : xczu3eg-sbva484-1-e
------------------------------------------------------------------------------------

Upgrade Log for IP 'reset_3_ov7670_LUMA_CHROMA_0_0'

1. Summary
----------

SUCCESS in the conversion of reset_3_ov7670_LUMA_CHROMA_0_0 (xilinx.com:hls:ov7670_LUMA_CHROMA:1.0 (Rev. 2003101058)) to Vivado generation flows.






Copyright 1986-2018 Xilinx, Inc. All Rights Reserved.
------------------------------------------------------------------------------------
| Tool Version : Vivado v.2018.1 (lin64) Build 2188600 Wed Apr  4 18:39:19 MDT 2018
| Date         : Wed Oct 14 17:14:26 2020
| Host         : kidre-N551JX running 64-bit Ubuntu 16.04.7 LTS
| Command      : upgrade_ip
| Device       : xczu3eg-sbva484-1-e
------------------------------------------------------------------------------------

Upgrade Log for IP 'pulsante_ov7670_interface_0_0'

1. Summary
----------

SUCCESS in the conversion of pulsante_ov7670_interface_0_0 (xilinx.com:hls:ov7670_interface:1.0 (Rev. 2003101103)) to Vivado generation flows.






Copyright 1986-2018 Xilinx, Inc. All Rights Reserved.
------------------------------------------------------------------------------------
| Tool Version : Vivado v.2018.1 (lin64) Build 2188600 Wed Apr  4 18:39:19 MDT 2018
| Date         : Wed Oct 14 17:14:26 2020
| Host         : kidre-N551JX running 64-bit Ubuntu 16.04.7 LTS
| Command      : upgrade_ip
| Device       : xczu3eg-sbva484-1-e
------------------------------------------------------------------------------------

Upgrade Log for IP 'pulsante_ov7670_LUMA_CHROMA_0_0'

1. Summary
----------

SUCCESS in the conversion of pulsante_ov7670_LUMA_CHROMA_0_0 (xilinx.com:hls:ov7670_LUMA_CHROMA:1.0 (Rev. 2003101058)) to Vivado generation flows.






Copyright 1986-2018 Xilinx, Inc. All Rights Reserved.
------------------------------------------------------------------------------------
| Tool Version : Vivado v.2018.1 (lin64) Build 2188600 Wed Apr  4 18:39:19 MDT 2018
| Date         : Wed Oct 14 17:14:24 2020
| Host         : kidre-N551JX running 64-bit Ubuntu 16.04.7 LTS
| Command      : upgrade_ip
| Device       : xczu3eg-sbva484-1-e
------------------------------------------------------------------------------------

Upgrade Log for IP 'prova_gr_ov7670_interface_0_0'

1. Summary
----------

SUCCESS in the conversion of prova_gr_ov7670_interface_0_0 (xilinx.com:hls:ov7670_interface:1.0 (Rev. 2003101103)) to Vivado generation flows.






Copyright 1986-2018 Xilinx, Inc. All Rights Reserved.
------------------------------------------------------------------------------------
| Tool Version : Vivado v.2018.1 (lin64) Build 2188600 Wed Apr  4 18:39:19 MDT 2018
| Date         : Wed Oct 14 17:14:24 2020
| Host         : kidre-N551JX running 64-bit Ubuntu 16.04.7 LTS
| Command      : upgrade_ip
| Device       : xczu3eg-sbva484-1-e
------------------------------------------------------------------------------------

Upgrade Log for IP 'prova_gr_ov7670_grayscale_0_0'

1. Summary
----------

SUCCESS in the conversion of prova_gr_ov7670_grayscale_0_0 (xilinx.com:hls:ov7670_grayscale:1.0 (Rev. 2003101116)) to Vivado generation flows.






Copyright 1986-2018 Xilinx, Inc. All Rights Reserved.
------------------------------------------------------------------------------------
| Tool Version : Vivado v.2018.1 (lin64) Build 2188600 Wed Apr  4 18:39:19 MDT 2018
| Date         : Wed Oct 14 17:14:20 2020
| Host         : kidre-N551JX running 64-bit Ubuntu 16.04.7 LTS
| Command      : upgrade_ip
| Device       : xczu3eg-sbva484-1-e
------------------------------------------------------------------------------------

Upgrade Log for IP 'prova2_ov7670_interface_0_0'

1. Summary
----------

SUCCESS in the conversion of prova2_ov7670_interface_0_0 (xilinx.com:hls:ov7670_interface:1.0 (Rev. 2003101103)) to Vivado generation flows.






Copyright 1986-2018 Xilinx, Inc. All Rights Reserved.
------------------------------------------------------------------------------------
| Tool Version : Vivado v.2018.1 (lin64) Build 2188600 Wed Apr  4 18:39:19 MDT 2018
| Date         : Wed Oct 14 17:14:20 2020
| Host         : kidre-N551JX running 64-bit Ubuntu 16.04.7 LTS
| Command      : upgrade_ip
| Device       : xczu3eg-sbva484-1-e
------------------------------------------------------------------------------------

Upgrade Log for IP 'prova2_ov7670_LUMA_CHROMA_0_0'

1. Summary
----------

SUCCESS in the conversion of prova2_ov7670_LUMA_CHROMA_0_0 (xilinx.com:hls:ov7670_LUMA_CHROMA:1.0 (Rev. 2003101058)) to Vivado generation flows.






Copyright 1986-2018 Xilinx, Inc. All Rights Reserved.
------------------------------------------------------------------------------------
| Tool Version : Vivado v.2018.1 (lin64) Build 2188600 Wed Apr  4 18:39:19 MDT 2018
| Date         : Wed Oct 14 17:14:14 2020
| Host         : kidre-N551JX running 64-bit Ubuntu 16.04.7 LTS
| Command      : upgrade_ip
| Device       : xczu3eg-sbva484-1-e
------------------------------------------------------------------------------------

Upgrade Log for IP 'lettura_grayscale_ov7670_interface_0_0'

1. Summary
----------

SUCCESS in the conversion of lettura_grayscale_ov7670_interface_0_0 (xilinx.com:hls:ov7670_interface:1.0 (Rev. 2003101103)) to Vivado generation flows.






Copyright 1986-2018 Xilinx, Inc. All Rights Reserved.
------------------------------------------------------------------------------------
| Tool Version : Vivado v.2018.1 (lin64) Build 2188600 Wed Apr  4 18:39:19 MDT 2018
| Date         : Wed Oct 14 17:14:10 2020
| Host         : kidre-N551JX running 64-bit Ubuntu 16.04.7 LTS
| Command      : upgrade_ip
| Device       : xczu3eg-sbva484-1-e
------------------------------------------------------------------------------------

Upgrade Log for IP 'interrupt_ov7670_interface_0_0'

1. Summary
----------

SUCCESS in the conversion of interrupt_ov7670_interface_0_0 (xilinx.com:hls:ov7670_interface:1.0 (Rev. 2003101103)) to Vivado generation flows.






Copyright 1986-2018 Xilinx, Inc. All Rights Reserved.
------------------------------------------------------------------------------------
| Tool Version : Vivado v.2018.1 (lin64) Build 2188600 Wed Apr  4 18:39:19 MDT 2018
| Date         : Wed Oct 14 17:14:10 2020
| Host         : kidre-N551JX running 64-bit Ubuntu 16.04.7 LTS
| Command      : upgrade_ip
| Device       : xczu3eg-sbva484-1-e
------------------------------------------------------------------------------------

Upgrade Log for IP 'interrupt_ov7670_LUMA_CHROMA_0_0'

1. Summary
----------

SUCCESS in the conversion of interrupt_ov7670_LUMA_CHROMA_0_0 (xilinx.com:hls:ov7670_LUMA_CHROMA:1.0 (Rev. 2003101058)) to Vivado generation flows.






Copyright 1986-2018 Xilinx, Inc. All Rights Reserved.
------------------------------------------------------------------------------------
| Tool Version : Vivado v.2018.1 (lin64) Build 2188600 Wed Apr  4 18:39:19 MDT 2018
| Date         : Wed Oct 14 17:14:05 2020
| Host         : kidre-N551JX running 64-bit Ubuntu 16.04.7 LTS
| Command      : upgrade_ip
| Device       : xczu3eg-sbva484-1-e
------------------------------------------------------------------------------------

Upgrade Log for IP 'hls_prova3_ov7670_interface_0_0'

1. Summary
----------

SUCCESS in the conversion of hls_prova3_ov7670_interface_0_0 (xilinx.com:hls:ov7670_interface:1.0 (Rev. 2003101103)) to Vivado generation flows.






Copyright 1986-2018 Xilinx, Inc. All Rights Reserved.
------------------------------------------------------------------------------------
| Tool Version : Vivado v.2018.1 (lin64) Build 2188600 Wed Apr  4 18:39:19 MDT 2018
| Date         : Wed Oct 14 17:14:05 2020
| Host         : kidre-N551JX running 64-bit Ubuntu 16.04.7 LTS
| Command      : upgrade_ip
| Device       : xczu3eg-sbva484-1-e
------------------------------------------------------------------------------------

Upgrade Log for IP 'hls_prova3_ov7670_LUMA_CHROMA_0_0'

1. Summary
----------

SUCCESS in the conversion of hls_prova3_ov7670_LUMA_CHROMA_0_0 (xilinx.com:hls:ov7670_LUMA_CHROMA:1.0 (Rev. 2003101058)) to Vivado generation flows.






Copyright 1986-2018 Xilinx, Inc. All Rights Reserved.
------------------------------------------------------------------------------------
| Tool Version : Vivado v.2018.1 (lin64) Build 2188600 Wed Apr  4 18:39:19 MDT 2018
| Date         : Wed Oct 14 17:14:03 2020
| Host         : kidre-N551JX running 64-bit Ubuntu 16.04.7 LTS
| Command      : upgrade_ip
| Device       : xczu3eg-sbva484-1-e
------------------------------------------------------------------------------------

Upgrade Log for IP 'design_2_ov7670_interface_0_1'

1. Summary
----------

SUCCESS in the conversion of design_2_ov7670_interface_0_1 (xilinx.com:hls:ov7670_interface:1.0 (Rev. 2003101103)) to Vivado generation flows.






Copyright 1986-2018 Xilinx, Inc. All Rights Reserved.
------------------------------------------------------------------------------------
| Tool Version : Vivado v.2018.1 (lin64) Build 2188600 Wed Apr  4 18:39:19 MDT 2018
| Date         : Thu Oct  8 17:16:06 2020
| Host         : kidre-N551JX running 64-bit Ubuntu 16.04.7 LTS
| Command      : upgrade_ip
| Device       : xczu3eg-sbva484-1-e
------------------------------------------------------------------------------------

Upgrade Log for IP 'ma_ov7670_diretto_0_0'

1. Summary
----------

CAUTION (success, with warnings) in the upgrade of ma_ov7670_diretto_0_0 (xilinx.com:hls:ov7670_diretto:1.0) from (Rev. 2010071704) to (Rev. 2010081657)

After upgrade, an IP may have parameter and port differences compared to the original customization. Please review the parameters within the IP customization GUI to ensure proper functionality. Also, please review the updated IP instantiation template to ensure proper connectivity, and update your design if required.

2. Interface Information
------------------------

Detected external interface differences while upgrading 'ma_ov7670_diretto_0_0'.


-Upgrade has removed interface 'data_out'

-Upgrade has added interface 'data_out_V' (xilinx.com:interface:axis:1.0)


3. Connection Warnings
----------------------

Detected external port differences while upgrading 'ma_ov7670_diretto_0_0'. These changes may impact your design.


-Upgrade has removed port 'data_out_TDATA'

-Upgrade has removed port 'data_out_TREADY'

-Upgrade has removed port 'data_out_TVALID'

-Upgrade has added port 'data_out_V_TDATA'

-Upgrade has added port 'data_out_V_TREADY'

-Upgrade has added port 'data_out_V_TVALID'


