

================================================================
== Vivado HLS Report for 'axi_write_prova'
================================================================
* Date:           Fri Sep  4 12:09:38 2020

* Version:        2018.1 (Build 2188600 on Wed Apr 04 19:04:02 MDT 2018)
* Project:        axi_prova
* Solution:       solution1
* Product family: zynquplus
* Target device:  xczu3eg-sbva484-1-e


================================================================
== Performance Estimates
================================================================
+ Timing (ns): 
    * Summary: 
    +--------+-------+----------+------------+
    |  Clock | Target| Estimated| Uncertainty|
    +--------+-------+----------+------------+
    |ap_clk  |  10.00|      8.75|        1.25|
    +--------+-------+----------+------------+

+ Latency (clock cycles): 
    * Summary: 
    +-----+-----+-----+-----+---------+
    |  Latency  |  Interval | Pipeline|
    | min | max | min | max |   Type  |
    +-----+-----+-----+-----+---------+
    |    ?|    ?|    ?|    ?|   none  |
    +-----+-----+-----+-----+---------+

    + Detail: 
        * Instance: 
        N/A

        * Loop: 
        +------------------------------------+------+------+----------+-----------+-----------+------+----------+
        |                                    |   Latency   | Iteration|  Initiation Interval  | Trip |          |
        |              Loop Name             |  min |  max |  Latency |  achieved |   target  | Count| Pipelined|
        +------------------------------------+------+------+----------+-----------+-----------+------+----------+
        |- Loop 1                            |     ?|     ?|      4618|          -|          -|     ?|    no    |
        | + Loop 1.1                         |  4096|  4096|         2|          1|          1|  4096|    yes   |
        | + memcpy.base_ddr_addr.buffer.gep  |   513|   513|         3|          1|          1|   512|    yes   |
        +------------------------------------+------+------+----------+-----------+-----------+------+----------+



================================================================
== Utilization Estimates
================================================================
* Summary: 
+-----------------+---------+-------+--------+-------+-----+
|       Name      | BRAM_18K| DSP48E|   FF   |  LUT  | URAM|
+-----------------+---------+-------+--------+-------+-----+
|DSP              |        -|      -|       -|      -|    -|
|Expression       |        -|      3|       0|    458|    -|
|FIFO             |        -|      -|       -|      -|    -|
|Instance         |        8|      -|    1341|   1846|    -|
|Memory           |        2|      -|       0|      0|    -|
|Multiplexer      |        -|      -|       -|    356|    -|
|Register         |        -|      -|     643|      -|    -|
+-----------------+---------+-------+--------+-------+-----+
|Total            |       10|      3|    1984|   2660|    0|
+-----------------+---------+-------+--------+-------+-----+
|Available        |      432|    360|  141120|  70560|    0|
+-----------------+---------+-------+--------+-------+-----+
|Utilization (%)  |        2|   ~0  |       1|      3|    0|
+-----------------+---------+-------+--------+-------+-----+

+ Detail: 
    * Instance: 
    +---------------------------------------+-------------------------------------+---------+-------+-----+-----+
    |                Instance               |                Module               | BRAM_18K| DSP48E|  FF | LUT |
    +---------------------------------------+-------------------------------------+---------+-------+-----+-----+
    |axi_write_prova_AXILiteS_s_axi_U       |axi_write_prova_AXILiteS_s_axi       |        0|      0|  209|  314|
    |axi_write_prova_base_ddr_addr_m_axi_U  |axi_write_prova_base_ddr_addr_m_axi  |        4|      0|  566|  766|
    |axi_write_prova_frame_index_m_axi_U    |axi_write_prova_frame_index_m_axi    |        4|      0|  566|  766|
    +---------------------------------------+-------------------------------------+---------+-------+-----+-----+
    |Total                                  |                                     |        8|      0| 1341| 1846|
    +---------------------------------------+-------------------------------------+---------+-------+-----+-----+

    * DSP48: 
    N/A

    * Memory: 
    +----------+----------------------+---------+---+----+------+-----+------+-------------+
    |  Memory  |        Module        | BRAM_18K| FF| LUT| Words| Bits| Banks| W*Bits*Banks|
    +----------+----------------------+---------+---+----+------+-----+------+-------------+
    |buffer_U  |axi_write_prova_bbkb  |        2|  0|   0|   512|   64|     1|        32768|
    +----------+----------------------+---------+---+----+------+-----+------+-------------+
    |Total     |                      |        2|  0|   0|   512|   64|     1|        32768|
    +----------+----------------------+---------+---+----+------+-----+------+-------------+

    * FIFO: 
    N/A

    * Expression: 
    +-----------------------------------+----------+-------+---+----+------------+------------+
    |           Variable Name           | Operation| DSP48E| FF| LUT| Bitwidth P0| Bitwidth P1|
    +-----------------------------------+----------+-------+---+----+------------+------------+
    |r_V_fu_444_p2                      |     *    |      3|  0|  20|          32|           8|
    |frame_count                        |     +    |      0|  0|  39|          32|           1|
    |i_op_fu_587_p2                     |     +    |      0|  0|  12|           4|           1|
    |idx_1_fu_490_p2                    |     +    |      0|  0|  39|          32|           1|
    |indvar_flatten_next_fu_561_p2      |     +    |      0|  0|  20|          13|           1|
    |indvar_next_fu_653_p2              |     +    |      0|  0|  17|          10|           1|
    |j_s_fu_567_p2                      |     +    |      0|  0|  17|          10|           1|
    |offset_1_fu_664_p2                 |     +    |      0|  0|  39|          32|          10|
    |offset_fu_460_p2                   |     +    |      0|  0|  39|          32|          32|
    |op2_assign_fu_504_p2               |     +    |      0|  0|  16|           9|           2|
    |tmp_7_fu_519_p2                    |     +    |      0|  0|  15|           8|           1|
    |ap_block_pp0_stage0_11001          |    and   |      0|  0|   2|           1|           1|
    |ap_block_pp1_stage0_11001          |    and   |      0|  0|   2|           1|           1|
    |ap_block_state11_pp0_stage0_iter1  |    and   |      0|  0|   2|           1|           1|
    |ap_block_state15_io                |    and   |      0|  0|   2|           1|           1|
    |inputStream_V_0_load_A             |    and   |      0|  0|   2|           1|           1|
    |inputStream_V_0_load_B             |    and   |      0|  0|   2|           1|           1|
    |exitcond_flatten_fu_555_p2         |   icmp   |      0|  0|  13|          13|          14|
    |exitcond_fu_647_p2                 |   icmp   |      0|  0|  13|          10|          11|
    |ifzero_fu_627_p2                   |   icmp   |      0|  0|  11|           4|           5|
    |inputStream_V_0_state_cmp_full     |   icmp   |      0|  0|   8|           2|           1|
    |tmp_1_fu_484_p2                    |   icmp   |      0|  0|  20|          32|          32|
    |tmp_4_fu_573_p2                    |   icmp   |      0|  0|  11|           4|           5|
    |tmp_5_fu_513_p2                    |   icmp   |      0|  0|  13|           9|           9|
    |i_1_fu_593_p3                      |  select  |      0|  0|   4|           1|           1|
    |j_mid2_fu_579_p3                   |  select  |      0|  0|   9|           1|          10|
    |p_tmp_7_fu_524_p3                  |  select  |      0|  0|   8|           1|           1|
    |temp_1_fu_611_p3                   |  select  |      0|  0|  55|           1|           1|
    |ap_enable_pp0                      |    xor   |      0|  0|   2|           1|           2|
    |ap_enable_pp1                      |    xor   |      0|  0|   2|           1|           2|
    |ap_enable_reg_pp0_iter1            |    xor   |      0|  0|   2|           2|           1|
    |ap_enable_reg_pp1_iter1            |    xor   |      0|  0|   2|           2|           1|
    +-----------------------------------+----------+-------+---+----+------------+------------+
    |Total                              |          |      3|  0| 458|         304|         161|
    +-----------------------------------+----------+-------+---+----+------------+------------+

    * Multiplexer: 
    +----------------------------------------+----+-----------+-----+-----------+
    |                  Name                  | LUT| Input Size| Bits| Total Bits|
    +----------------------------------------+----+-----------+-----+-----------+
    |ap_NS_fsm                               |  89|         18|    1|         18|
    |ap_enable_reg_pp0_iter1                 |  15|          3|    1|          3|
    |ap_enable_reg_pp1_iter1                 |   9|          2|    1|          2|
    |ap_enable_reg_pp1_iter2                 |   9|          2|    1|          2|
    |ap_phi_mux_i_op_assign_1_phi_fu_294_p4  |  15|          3|   29|         87|
    |ap_phi_mux_i_op_assign_phi_fu_285_p4    |  15|          3|   32|         96|
    |ap_phi_mux_i_phi_fu_359_p4              |   9|          2|    4|          8|
    |ap_phi_mux_j_phi_fu_336_p4              |   9|          2|   10|         20|
    |ap_sig_ioackin_base_ddr_addr_AWREADY    |   9|          2|    1|          2|
    |ap_sig_ioackin_base_ddr_addr_WREADY     |   9|          2|    1|          2|
    |ap_sig_ioackin_frame_index_AWREADY      |   9|          2|    1|          2|
    |ap_sig_ioackin_frame_index_WREADY       |   9|          2|    1|          2|
    |base_ddr_addr_blk_n_AW                  |   9|          2|    1|          2|
    |base_ddr_addr_blk_n_B                   |   9|          2|    1|          2|
    |base_ddr_addr_blk_n_W                   |   9|          2|    1|          2|
    |frame_index_blk_n_AW                    |   9|          2|    1|          2|
    |frame_index_blk_n_B                     |   9|          2|    1|          2|
    |frame_index_blk_n_W                     |   9|          2|    1|          2|
    |i_reg_355                               |   9|          2|    4|          8|
    |idx_reg_310                             |   9|          2|   32|         64|
    |indvar_flatten_reg_321                  |   9|          2|   13|         26|
    |indvar_reg_366                          |   9|          2|   10|         20|
    |inputStream_V_0_data_out                |   9|          2|    8|         16|
    |inputStream_V_0_state                   |  15|          3|    2|          6|
    |inputStream_V_TDATA_blk_n               |   9|          2|    1|          2|
    |j_reg_332                               |   9|          2|   10|         20|
    |offset1_reg_300                         |   9|          2|   32|         64|
    |temp_reg_343                            |   9|          2|   64|        128|
    +----------------------------------------+----+-----------+-----+-----------+
    |Total                                   | 356|         76|  265|        610|
    +----------------------------------------+----+-----------+-----+-----------+

    * Register: 
    +--------------------------------------+----+----+-----+-----------+
    |                 Name                 | FF | LUT| Bits| Const Bits|
    +--------------------------------------+----+----+-----+-----------+
    |BASE_ADDRESS_r                        |  29|   0|   29|          0|
    |FRAME_BUFFER_DIM_r                    |  32|   0|   32|          0|
    |FRAME_BUFFER_NUMBER_r                 |   8|   0|    8|          0|
    |FRAME_OFFSET                          |  32|   0|   32|          0|
    |ap_CS_fsm                             |  17|   0|   17|          0|
    |ap_enable_reg_pp0_iter0               |   1|   0|    1|          0|
    |ap_enable_reg_pp0_iter1               |   1|   0|    1|          0|
    |ap_enable_reg_pp1_iter0               |   1|   0|    1|          0|
    |ap_enable_reg_pp1_iter1               |   1|   0|    1|          0|
    |ap_enable_reg_pp1_iter2               |   1|   0|    1|          0|
    |ap_reg_ioackin_base_ddr_addr_AWREADY  |   1|   0|    1|          0|
    |ap_reg_ioackin_base_ddr_addr_WREADY   |   1|   0|    1|          0|
    |ap_reg_ioackin_frame_index_AWREADY    |   1|   0|    1|          0|
    |ap_reg_ioackin_frame_index_WREADY     |   1|   0|    1|          0|
    |base_address_read_reg_690             |  32|   0|   32|          0|
    |buffer_load_reg_776                   |  64|   0|   64|          0|
    |exitcond_flatten_reg_722              |   1|   0|    1|          0|
    |exitcond_reg_762                      |   1|   0|    1|          0|
    |exitcond_reg_762_pp1_iter1_reg        |   1|   0|    1|          0|
    |frame_buffer_dim_rea_reg_685          |  32|   0|   32|          0|
    |frame_buffer_number_s_reg_674         |   8|   0|    8|          0|
    |frame_buffer_offset_s_reg_679         |  32|   0|   32|          0|
    |frame_count_inner                     |  32|   0|   32|          0|
    |frame_index_addr_reg_695              |  32|   0|   32|          0|
    |i_1_reg_742                           |   4|   0|    4|          0|
    |i_reg_355                             |   4|   0|    4|          0|
    |idx_1_reg_717                         |  32|   0|   32|          0|
    |idx_reg_310                           |  32|   0|   32|          0|
    |indvar_flatten_reg_321                |  13|   0|   13|          0|
    |indvar_reg_366                        |  10|   0|   10|          0|
    |inner_index_V                         |   8|   0|    8|          0|
    |inputStream_V_0_payload_A             |   8|   0|    8|          0|
    |inputStream_V_0_payload_B             |   8|   0|    8|          0|
    |inputStream_V_0_sel_rd                |   1|   0|    1|          0|
    |inputStream_V_0_sel_wr                |   1|   0|    1|          0|
    |inputStream_V_0_state                 |   2|   0|    2|          0|
    |j_mid2_reg_736                        |  10|   0|   10|          0|
    |j_reg_332                             |  10|   0|   10|          0|
    |offset1_reg_300                       |  32|   0|   32|          0|
    |offset_1_reg_781                      |  32|   0|   32|          0|
    |t_V_reg_701                           |   8|   0|    8|          0|
    |temp_reg_343                          |  64|   0|   64|          0|
    |tmp_4_reg_731                         |   1|   0|    1|          0|
    |update_intr_read_reg_670              |   1|   0|    1|          0|
    +--------------------------------------+----+----+-----+-----------+
    |Total                                 | 643|   0|  643|          0|
    +--------------------------------------+----+----+-----+-----------+



================================================================
== Interface
================================================================
* Summary: 
+------------------------------+-----+-----+------------+-----------------+--------------+
|           RTL Ports          | Dir | Bits|  Protocol  |  Source Object  |    C Type    |
+------------------------------+-----+-----+------------+-----------------+--------------+
|s_axi_AXILiteS_AWVALID        |  in |    1|    s_axi   |     AXILiteS    |    scalar    |
|s_axi_AXILiteS_AWREADY        | out |    1|    s_axi   |     AXILiteS    |    scalar    |
|s_axi_AXILiteS_AWADDR         |  in |    6|    s_axi   |     AXILiteS    |    scalar    |
|s_axi_AXILiteS_WVALID         |  in |    1|    s_axi   |     AXILiteS    |    scalar    |
|s_axi_AXILiteS_WREADY         | out |    1|    s_axi   |     AXILiteS    |    scalar    |
|s_axi_AXILiteS_WDATA          |  in |   32|    s_axi   |     AXILiteS    |    scalar    |
|s_axi_AXILiteS_WSTRB          |  in |    4|    s_axi   |     AXILiteS    |    scalar    |
|s_axi_AXILiteS_ARVALID        |  in |    1|    s_axi   |     AXILiteS    |    scalar    |
|s_axi_AXILiteS_ARREADY        | out |    1|    s_axi   |     AXILiteS    |    scalar    |
|s_axi_AXILiteS_ARADDR         |  in |    6|    s_axi   |     AXILiteS    |    scalar    |
|s_axi_AXILiteS_RVALID         | out |    1|    s_axi   |     AXILiteS    |    scalar    |
|s_axi_AXILiteS_RREADY         |  in |    1|    s_axi   |     AXILiteS    |    scalar    |
|s_axi_AXILiteS_RDATA          | out |   32|    s_axi   |     AXILiteS    |    scalar    |
|s_axi_AXILiteS_RRESP          | out |    2|    s_axi   |     AXILiteS    |    scalar    |
|s_axi_AXILiteS_BVALID         | out |    1|    s_axi   |     AXILiteS    |    scalar    |
|s_axi_AXILiteS_BREADY         |  in |    1|    s_axi   |     AXILiteS    |    scalar    |
|s_axi_AXILiteS_BRESP          | out |    2|    s_axi   |     AXILiteS    |    scalar    |
|ap_clk                        |  in |    1| ap_ctrl_hs | axi_write_prova | return value |
|ap_rst_n                      |  in |    1| ap_ctrl_hs | axi_write_prova | return value |
|interrupt                     | out |    1| ap_ctrl_hs | axi_write_prova | return value |
|m_axi_frame_index_AWVALID     | out |    1|    m_axi   |   frame_index   |    pointer   |
|m_axi_frame_index_AWREADY     |  in |    1|    m_axi   |   frame_index   |    pointer   |
|m_axi_frame_index_AWADDR      | out |   32|    m_axi   |   frame_index   |    pointer   |
|m_axi_frame_index_AWID        | out |    1|    m_axi   |   frame_index   |    pointer   |
|m_axi_frame_index_AWLEN       | out |    8|    m_axi   |   frame_index   |    pointer   |
|m_axi_frame_index_AWSIZE      | out |    3|    m_axi   |   frame_index   |    pointer   |
|m_axi_frame_index_AWBURST     | out |    2|    m_axi   |   frame_index   |    pointer   |
|m_axi_frame_index_AWLOCK      | out |    2|    m_axi   |   frame_index   |    pointer   |
|m_axi_frame_index_AWCACHE     | out |    4|    m_axi   |   frame_index   |    pointer   |
|m_axi_frame_index_AWPROT      | out |    3|    m_axi   |   frame_index   |    pointer   |
|m_axi_frame_index_AWQOS       | out |    4|    m_axi   |   frame_index   |    pointer   |
|m_axi_frame_index_AWREGION    | out |    4|    m_axi   |   frame_index   |    pointer   |
|m_axi_frame_index_AWUSER      | out |    1|    m_axi   |   frame_index   |    pointer   |
|m_axi_frame_index_WVALID      | out |    1|    m_axi   |   frame_index   |    pointer   |
|m_axi_frame_index_WREADY      |  in |    1|    m_axi   |   frame_index   |    pointer   |
|m_axi_frame_index_WDATA       | out |   32|    m_axi   |   frame_index   |    pointer   |
|m_axi_frame_index_WSTRB       | out |    4|    m_axi   |   frame_index   |    pointer   |
|m_axi_frame_index_WLAST       | out |    1|    m_axi   |   frame_index   |    pointer   |
|m_axi_frame_index_WID         | out |    1|    m_axi   |   frame_index   |    pointer   |
|m_axi_frame_index_WUSER       | out |    1|    m_axi   |   frame_index   |    pointer   |
|m_axi_frame_index_ARVALID     | out |    1|    m_axi   |   frame_index   |    pointer   |
|m_axi_frame_index_ARREADY     |  in |    1|    m_axi   |   frame_index   |    pointer   |
|m_axi_frame_index_ARADDR      | out |   32|    m_axi   |   frame_index   |    pointer   |
|m_axi_frame_index_ARID        | out |    1|    m_axi   |   frame_index   |    pointer   |
|m_axi_frame_index_ARLEN       | out |    8|    m_axi   |   frame_index   |    pointer   |
|m_axi_frame_index_ARSIZE      | out |    3|    m_axi   |   frame_index   |    pointer   |
|m_axi_frame_index_ARBURST     | out |    2|    m_axi   |   frame_index   |    pointer   |
|m_axi_frame_index_ARLOCK      | out |    2|    m_axi   |   frame_index   |    pointer   |
|m_axi_frame_index_ARCACHE     | out |    4|    m_axi   |   frame_index   |    pointer   |
|m_axi_frame_index_ARPROT      | out |    3|    m_axi   |   frame_index   |    pointer   |
|m_axi_frame_index_ARQOS       | out |    4|    m_axi   |   frame_index   |    pointer   |
|m_axi_frame_index_ARREGION    | out |    4|    m_axi   |   frame_index   |    pointer   |
|m_axi_frame_index_ARUSER      | out |    1|    m_axi   |   frame_index   |    pointer   |
|m_axi_frame_index_RVALID      |  in |    1|    m_axi   |   frame_index   |    pointer   |
|m_axi_frame_index_RREADY      | out |    1|    m_axi   |   frame_index   |    pointer   |
|m_axi_frame_index_RDATA       |  in |   32|    m_axi   |   frame_index   |    pointer   |
|m_axi_frame_index_RLAST       |  in |    1|    m_axi   |   frame_index   |    pointer   |
|m_axi_frame_index_RID         |  in |    1|    m_axi   |   frame_index   |    pointer   |
|m_axi_frame_index_RUSER       |  in |    1|    m_axi   |   frame_index   |    pointer   |
|m_axi_frame_index_RRESP       |  in |    2|    m_axi   |   frame_index   |    pointer   |
|m_axi_frame_index_BVALID      |  in |    1|    m_axi   |   frame_index   |    pointer   |
|m_axi_frame_index_BREADY      | out |    1|    m_axi   |   frame_index   |    pointer   |
|m_axi_frame_index_BRESP       |  in |    2|    m_axi   |   frame_index   |    pointer   |
|m_axi_frame_index_BID         |  in |    1|    m_axi   |   frame_index   |    pointer   |
|m_axi_frame_index_BUSER       |  in |    1|    m_axi   |   frame_index   |    pointer   |
|inputStream_V_TDATA           |  in |    8|    axis    |  inputStream_V  |    pointer   |
|inputStream_V_TVALID          |  in |    1|    axis    |  inputStream_V  |    pointer   |
|inputStream_V_TREADY          | out |    1|    axis    |  inputStream_V  |    pointer   |
|m_axi_base_ddr_addr_AWVALID   | out |    1|    m_axi   |  base_ddr_addr  |    pointer   |
|m_axi_base_ddr_addr_AWREADY   |  in |    1|    m_axi   |  base_ddr_addr  |    pointer   |
|m_axi_base_ddr_addr_AWADDR    | out |   32|    m_axi   |  base_ddr_addr  |    pointer   |
|m_axi_base_ddr_addr_AWID      | out |    1|    m_axi   |  base_ddr_addr  |    pointer   |
|m_axi_base_ddr_addr_AWLEN     | out |    8|    m_axi   |  base_ddr_addr  |    pointer   |
|m_axi_base_ddr_addr_AWSIZE    | out |    3|    m_axi   |  base_ddr_addr  |    pointer   |
|m_axi_base_ddr_addr_AWBURST   | out |    2|    m_axi   |  base_ddr_addr  |    pointer   |
|m_axi_base_ddr_addr_AWLOCK    | out |    2|    m_axi   |  base_ddr_addr  |    pointer   |
|m_axi_base_ddr_addr_AWCACHE   | out |    4|    m_axi   |  base_ddr_addr  |    pointer   |
|m_axi_base_ddr_addr_AWPROT    | out |    3|    m_axi   |  base_ddr_addr  |    pointer   |
|m_axi_base_ddr_addr_AWQOS     | out |    4|    m_axi   |  base_ddr_addr  |    pointer   |
|m_axi_base_ddr_addr_AWREGION  | out |    4|    m_axi   |  base_ddr_addr  |    pointer   |
|m_axi_base_ddr_addr_AWUSER    | out |    1|    m_axi   |  base_ddr_addr  |    pointer   |
|m_axi_base_ddr_addr_WVALID    | out |    1|    m_axi   |  base_ddr_addr  |    pointer   |
|m_axi_base_ddr_addr_WREADY    |  in |    1|    m_axi   |  base_ddr_addr  |    pointer   |
|m_axi_base_ddr_addr_WDATA     | out |   64|    m_axi   |  base_ddr_addr  |    pointer   |
|m_axi_base_ddr_addr_WSTRB     | out |    8|    m_axi   |  base_ddr_addr  |    pointer   |
|m_axi_base_ddr_addr_WLAST     | out |    1|    m_axi   |  base_ddr_addr  |    pointer   |
|m_axi_base_ddr_addr_WID       | out |    1|    m_axi   |  base_ddr_addr  |    pointer   |
|m_axi_base_ddr_addr_WUSER     | out |    1|    m_axi   |  base_ddr_addr  |    pointer   |
|m_axi_base_ddr_addr_ARVALID   | out |    1|    m_axi   |  base_ddr_addr  |    pointer   |
|m_axi_base_ddr_addr_ARREADY   |  in |    1|    m_axi   |  base_ddr_addr  |    pointer   |
|m_axi_base_ddr_addr_ARADDR    | out |   32|    m_axi   |  base_ddr_addr  |    pointer   |
|m_axi_base_ddr_addr_ARID      | out |    1|    m_axi   |  base_ddr_addr  |    pointer   |
|m_axi_base_ddr_addr_ARLEN     | out |    8|    m_axi   |  base_ddr_addr  |    pointer   |
|m_axi_base_ddr_addr_ARSIZE    | out |    3|    m_axi   |  base_ddr_addr  |    pointer   |
|m_axi_base_ddr_addr_ARBURST   | out |    2|    m_axi   |  base_ddr_addr  |    pointer   |
|m_axi_base_ddr_addr_ARLOCK    | out |    2|    m_axi   |  base_ddr_addr  |    pointer   |
|m_axi_base_ddr_addr_ARCACHE   | out |    4|    m_axi   |  base_ddr_addr  |    pointer   |
|m_axi_base_ddr_addr_ARPROT    | out |    3|    m_axi   |  base_ddr_addr  |    pointer   |
|m_axi_base_ddr_addr_ARQOS     | out |    4|    m_axi   |  base_ddr_addr  |    pointer   |
|m_axi_base_ddr_addr_ARREGION  | out |    4|    m_axi   |  base_ddr_addr  |    pointer   |
|m_axi_base_ddr_addr_ARUSER    | out |    1|    m_axi   |  base_ddr_addr  |    pointer   |
|m_axi_base_ddr_addr_RVALID    |  in |    1|    m_axi   |  base_ddr_addr  |    pointer   |
|m_axi_base_ddr_addr_RREADY    | out |    1|    m_axi   |  base_ddr_addr  |    pointer   |
|m_axi_base_ddr_addr_RDATA     |  in |   64|    m_axi   |  base_ddr_addr  |    pointer   |
|m_axi_base_ddr_addr_RLAST     |  in |    1|    m_axi   |  base_ddr_addr  |    pointer   |
|m_axi_base_ddr_addr_RID       |  in |    1|    m_axi   |  base_ddr_addr  |    pointer   |
|m_axi_base_ddr_addr_RUSER     |  in |    1|    m_axi   |  base_ddr_addr  |    pointer   |
|m_axi_base_ddr_addr_RRESP     |  in |    2|    m_axi   |  base_ddr_addr  |    pointer   |
|m_axi_base_ddr_addr_BVALID    |  in |    1|    m_axi   |  base_ddr_addr  |    pointer   |
|m_axi_base_ddr_addr_BREADY    | out |    1|    m_axi   |  base_ddr_addr  |    pointer   |
|m_axi_base_ddr_addr_BRESP     |  in |    2|    m_axi   |  base_ddr_addr  |    pointer   |
|m_axi_base_ddr_addr_BID       |  in |    1|    m_axi   |  base_ddr_addr  |    pointer   |
|m_axi_base_ddr_addr_BUSER     |  in |    1|    m_axi   |  base_ddr_addr  |    pointer   |
|frame_count                   | out |   32|   ap_none  |   frame_count   |    pointer   |
+------------------------------+-----+-----+------------+-----------------+--------------+

