INFO: [HLS 200-0] Workspace /home/kidre/Immagini/Università/Uni/Tesi/SmartCamera/HLS_COMMON/DDR/DDR_TO_AXIS_READER_AXILITE_SD/solution1 opened at Fri Mar 13 12:36:18 CET 2020
Execute     config_clock -quiet -name default -period 42 -default=false 
INFO: [SYN 201-201] Setting up clock 'default' with a period of 42ns.
Command     config_clock returned 0; 0 sec.
Execute     config_clock -quiet -name default -uncertainty 1 
INFO: [SYN 201-201] Setting up clock 'default' with an uncertainty of 1ns.
Command     config_clock returned 0; 0 sec.
Execute     open_platform DefaultPlatform 
Command     open_platform returned 0; 0 sec.
Execute     import_lib /media/kidre/8a0a81cd-859e-4c75-9e65-2b4a729982e4/opt/Xilinx/Vivado/2018.1/common/technology/xilinx/zynquplus/zynquplus 
Execute       source /media/kidre/8a0a81cd-859e-4c75-9e65-2b4a729982e4/opt/Xilinx/Vivado/2018.1/common/technology/xilinx/common/xilinx.lib 
Execute         source /media/kidre/8a0a81cd-859e-4c75-9e65-2b4a729982e4/opt/Xilinx/Vivado/2018.1/common/technology/xilinx/interface/xilinx_interface.lib 
Execute           source /media/kidre/8a0a81cd-859e-4c75-9e65-2b4a729982e4/opt/Xilinx/Vivado/2018.1/common/technology/xilinx/interface/plb46.lib 
Command           ap_source returned 0; 0 sec.
Execute           source /media/kidre/8a0a81cd-859e-4c75-9e65-2b4a729982e4/opt/Xilinx/Vivado/2018.1/common/technology/xilinx/interface/fsl.lib 
Command           ap_source returned 0; 0 sec.
Execute           source /media/kidre/8a0a81cd-859e-4c75-9e65-2b4a729982e4/opt/Xilinx/Vivado/2018.1/common/technology/xilinx/interface/axi4.lib 
Command           ap_source returned 0; 0 sec.
Execute           source /media/kidre/8a0a81cd-859e-4c75-9e65-2b4a729982e4/opt/Xilinx/Vivado/2018.1/common/technology/xilinx/interface/maxi.lib 
Command           ap_source returned 0; 0 sec.
Execute           source /media/kidre/8a0a81cd-859e-4c75-9e65-2b4a729982e4/opt/Xilinx/Vivado/2018.1/common/technology/xilinx/interface/saxilite.lib 
Command           ap_source returned 0; 0 sec.
Command         ap_source returned 0; 0 sec.
Execute         source /media/kidre/8a0a81cd-859e-4c75-9e65-2b4a729982e4/opt/Xilinx/Vivado/2018.1/common/technology/xilinx/common/dsp48.lib 
Command         ap_source returned 0; 0 sec.
Execute         source /media/kidre/8a0a81cd-859e-4c75-9e65-2b4a729982e4/opt/Xilinx/Vivado/2018.1/common/technology/xilinx/ip/dds_compiler.lib 
Command         ap_source returned 0; 0 sec.
Execute         source /media/kidre/8a0a81cd-859e-4c75-9e65-2b4a729982e4/opt/Xilinx/Vivado/2018.1/common/technology/xilinx/ip/xfft.lib 
Command         ap_source returned 0; 0 sec.
Execute         source /media/kidre/8a0a81cd-859e-4c75-9e65-2b4a729982e4/opt/Xilinx/Vivado/2018.1/common/technology/xilinx/ip/xfir.lib 
Command         ap_source returned 0; 0 sec.
Command       ap_source returned 0; 0 sec.
Execute       source /media/kidre/8a0a81cd-859e-4c75-9e65-2b4a729982e4/opt/Xilinx/Vivado/2018.1/common/technology/xilinx/common/xilinx_old.lib 
Command       ap_source returned 0; 0 sec.
Execute       source /media/kidre/8a0a81cd-859e-4c75-9e65-2b4a729982e4/opt/Xilinx/Vivado/2018.1/common/technology/xilinx/common/xilinx_vivado.lib 
Command       ap_source returned 0; 0 sec.
Execute       source /media/kidre/8a0a81cd-859e-4c75-9e65-2b4a729982e4/opt/Xilinx/Vivado/2018.1/common/technology/xilinx/common/xilinx.hlp 
Execute         source /media/kidre/8a0a81cd-859e-4c75-9e65-2b4a729982e4/opt/Xilinx/Vivado/2018.1/common/technology/xilinx/common/target_info.tcl 
Command         ap_source returned 0; 0 sec.
Execute         source /media/kidre/8a0a81cd-859e-4c75-9e65-2b4a729982e4/opt/Xilinx/Vivado/2018.1/common/technology/xilinx/interface/xilinx_interface.hlp 
Execute           source /media/kidre/8a0a81cd-859e-4c75-9e65-2b4a729982e4/opt/Xilinx/Vivado/2018.1/common/technology/xilinx/interface/maxi.hlp 
Command           ap_source returned 0; 0 sec.
Execute           source /media/kidre/8a0a81cd-859e-4c75-9e65-2b4a729982e4/opt/Xilinx/Vivado/2018.1/common/technology/xilinx/interface/saxilite.hlp 
Command           ap_source returned 0; 0 sec.
Command         ap_source returned 0; 0 sec.
Execute         source /media/kidre/8a0a81cd-859e-4c75-9e65-2b4a729982e4/opt/Xilinx/Vivado/2018.1/common/technology/xilinx/common/dsp48.hlp 
Command         ap_source returned 0; 0 sec.
Command       ap_source returned 0; 0.01 sec.
Execute       source /media/kidre/8a0a81cd-859e-4c75-9e65-2b4a729982e4/opt/Xilinx/Vivado/2018.1/common/technology/xilinx/zynquplus/dsp48e2.hlp 
Command       ap_source returned 0; 0 sec.
Execute       get_default_platform 
Command       get_default_platform returned 0; 0 sec.
Execute       config_chip_info -quiet -resource  {SLICE 34260} {LUT 274080}   {FF 548160}  {DSP48E 2520}  {BRAM 1824} {URAM 0}  
Command       config_chip_info returned 0; 0 sec.
Execute       config_chip_info -quiet -speed medium 
Command       config_chip_info returned 0; 0 sec.
Execute       source /media/kidre/8a0a81cd-859e-4c75-9e65-2b4a729982e4/opt/Xilinx/Vivado/2018.1/common/technology/xilinx/common/xilinx.hlp 
Execute         source /media/kidre/8a0a81cd-859e-4c75-9e65-2b4a729982e4/opt/Xilinx/Vivado/2018.1/common/technology/xilinx/common/target_info.tcl 
Command         ap_source returned 0; 0 sec.
Execute         source /media/kidre/8a0a81cd-859e-4c75-9e65-2b4a729982e4/opt/Xilinx/Vivado/2018.1/common/technology/xilinx/interface/xilinx_interface.hlp 
Execute           source /media/kidre/8a0a81cd-859e-4c75-9e65-2b4a729982e4/opt/Xilinx/Vivado/2018.1/common/technology/xilinx/interface/maxi.hlp 
Command           ap_source returned 0; 0 sec.
Execute           source /media/kidre/8a0a81cd-859e-4c75-9e65-2b4a729982e4/opt/Xilinx/Vivado/2018.1/common/technology/xilinx/interface/saxilite.hlp 
Command           ap_source returned 0; 0 sec.
Command         ap_source returned 0; 0 sec.
Execute         source /media/kidre/8a0a81cd-859e-4c75-9e65-2b4a729982e4/opt/Xilinx/Vivado/2018.1/common/technology/xilinx/common/dsp48.hlp 
Command         ap_source returned 0; 0 sec.
Command       ap_source returned 0; 0 sec.
Command     import_lib returned 0; 0.01 sec.
Execute     source /media/kidre/8a0a81cd-859e-4c75-9e65-2b4a729982e4/opt/Xilinx/Vivado/2018.1/common/technology/xilinx/zynquplus/zynquplus.gen 
Execute       source /media/kidre/8a0a81cd-859e-4c75-9e65-2b4a729982e4/opt/Xilinx/Vivado/2018.1/common/technology/xilinx/common/virtex.gen 
Execute         source /media/kidre/8a0a81cd-859e-4c75-9e65-2b4a729982e4/opt/Xilinx/Vivado/2018.1/common/technology/xilinx/common/xilinx.gen 
Execute           source /media/kidre/8a0a81cd-859e-4c75-9e65-2b4a729982e4/opt/Xilinx/Vivado/2018.1/common/technology/xilinx/interface/plb46.gen 
Command           ap_source returned 0; 0 sec.
Execute           source /media/kidre/8a0a81cd-859e-4c75-9e65-2b4a729982e4/opt/Xilinx/Vivado/2018.1/common/technology/xilinx/interface/fsl.gen 
Command           ap_source returned 0; 0 sec.
Execute           source /media/kidre/8a0a81cd-859e-4c75-9e65-2b4a729982e4/opt/Xilinx/Vivado/2018.1/common/technology/xilinx/interface/axi4.gen 
Command           ap_source returned 0; 0.01 sec.
Execute           source /media/kidre/8a0a81cd-859e-4c75-9e65-2b4a729982e4/opt/Xilinx/Vivado/2018.1/common/technology/xilinx/interface/nativeAXI4.gen 
Execute             source /media/kidre/8a0a81cd-859e-4c75-9e65-2b4a729982e4/opt/Xilinx/Vivado/2018.1/common/technology/xilinx/interface/saxilite.gen 
Command             ap_source returned 0; 0 sec.
Execute             source /media/kidre/8a0a81cd-859e-4c75-9e65-2b4a729982e4/opt/Xilinx/Vivado/2018.1/common/technology/xilinx/interface/maxi.gen 
Command             ap_source returned 0; 0 sec.
Command           ap_source returned 0; 0 sec.
Execute           source /media/kidre/8a0a81cd-859e-4c75-9e65-2b4a729982e4/opt/Xilinx/Vivado/2018.1/common/technology/xilinx/scripts/xilinxcoregen.gen 
Command           ap_source returned 0; 0.01 sec.
Execute           source /media/kidre/8a0a81cd-859e-4c75-9e65-2b4a729982e4/opt/Xilinx/Vivado/2018.1/common/technology/xilinx/interface/XilEDKCoreGen.gen 
Command           ap_source returned 0; 0.01 sec.
Execute           source /media/kidre/8a0a81cd-859e-4c75-9e65-2b4a729982e4/opt/Xilinx/Vivado/2018.1/common/technology/xilinx/ip/xfft.gen 
Command           ap_source returned 0; 0.06 sec.
Execute           source /media/kidre/8a0a81cd-859e-4c75-9e65-2b4a729982e4/opt/Xilinx/Vivado/2018.1/common/technology/xilinx/ip/util.gen 
Command           ap_source returned 0; 0 sec.
Execute           source /media/kidre/8a0a81cd-859e-4c75-9e65-2b4a729982e4/opt/Xilinx/Vivado/2018.1/common/technology/xilinx/ip/xfir.gen 
Command           ap_source returned 0; 0 sec.
Execute           source /media/kidre/8a0a81cd-859e-4c75-9e65-2b4a729982e4/opt/Xilinx/Vivado/2018.1/common/technology/xilinx/ip/dds_compiler.gen 
Command           ap_source returned 0; 0 sec.
Command         ap_source returned 0; 0.09 sec.
Execute         source /media/kidre/8a0a81cd-859e-4c75-9e65-2b4a729982e4/opt/Xilinx/Vivado/2018.1/common/technology/xilinx/common/dsp48.gen 
Command         ap_source returned 0; 0 sec.
Command       ap_source returned 0; 0.1 sec.
Command     ap_source returned 0; 0.1 sec.
Execute     open_platform DefaultPlatform 
Command     open_platform returned 0; 0 sec.
Execute     import_lib /media/kidre/8a0a81cd-859e-4c75-9e65-2b4a729982e4/opt/Xilinx/Vivado/2018.1/common/technology/xilinx/zynquplus/zynquplus_fpv7 
Execute       source /media/kidre/8a0a81cd-859e-4c75-9e65-2b4a729982e4/opt/Xilinx/Vivado/2018.1/common/technology/xilinx/common/xilinx_fpv7.lib 
Execute         source /media/kidre/8a0a81cd-859e-4c75-9e65-2b4a729982e4/opt/Xilinx/Vivado/2018.1/common/technology/xilinx/common/xilinx_hp.lib 
Command         ap_source returned 0; 0 sec.
Command       ap_source returned 0; 0 sec.
Execute       source /media/kidre/8a0a81cd-859e-4c75-9e65-2b4a729982e4/opt/Xilinx/Vivado/2018.1/common/technology/xilinx/common/xilinx_fpv.hlp 
Execute         source /media/kidre/8a0a81cd-859e-4c75-9e65-2b4a729982e4/opt/Xilinx/Vivado/2018.1/common/technology/xilinx/common/xilinx.hlp 
Execute           source /media/kidre/8a0a81cd-859e-4c75-9e65-2b4a729982e4/opt/Xilinx/Vivado/2018.1/common/technology/xilinx/common/target_info.tcl 
Command           ap_source returned 0; 0 sec.
Execute           source /media/kidre/8a0a81cd-859e-4c75-9e65-2b4a729982e4/opt/Xilinx/Vivado/2018.1/common/technology/xilinx/interface/xilinx_interface.hlp 
Execute             source /media/kidre/8a0a81cd-859e-4c75-9e65-2b4a729982e4/opt/Xilinx/Vivado/2018.1/common/technology/xilinx/interface/maxi.hlp 
Command             ap_source returned 0; 0 sec.
Execute             source /media/kidre/8a0a81cd-859e-4c75-9e65-2b4a729982e4/opt/Xilinx/Vivado/2018.1/common/technology/xilinx/interface/saxilite.hlp 
Command             ap_source returned 0; 0 sec.
Command           ap_source returned 0; 0 sec.
Execute           source /media/kidre/8a0a81cd-859e-4c75-9e65-2b4a729982e4/opt/Xilinx/Vivado/2018.1/common/technology/xilinx/common/dsp48.hlp 
Command           ap_source returned 0; 0 sec.
Command         ap_source returned 0; 0 sec.
Command       ap_source returned 0; 0 sec.
Execute       source /media/kidre/8a0a81cd-859e-4c75-9e65-2b4a729982e4/opt/Xilinx/Vivado/2018.1/common/technology/xilinx/zynquplus/zynquplus_hp.hlp 
Command       ap_source returned 0; 0 sec.
Command     import_lib returned 0; 0.01 sec.
Execute     source /media/kidre/8a0a81cd-859e-4c75-9e65-2b4a729982e4/opt/Xilinx/Vivado/2018.1/common/technology/xilinx/zynquplus/zynquplus_fpv7.gen 
Execute       source /media/kidre/8a0a81cd-859e-4c75-9e65-2b4a729982e4/opt/Xilinx/Vivado/2018.1/common/technology/xilinx/common/xilinx_fpv6.gen 
Command       ap_source returned 0; 0 sec.
Command     ap_source returned 0; 0 sec.
Execute     set_part xczu3eg-sbva484-1-e 
Execute       add_library xilinx/zynquplus/zynquplus:xczu3eg:-sbva484:-1-e 
Execute         get_default_platform 
Command         get_default_platform returned 0; 0 sec.
Execute         license_isbetapart xczu3eg 
Command         license_isbetapart returned 1; 0 sec.
Execute         get_default_platform 
Command         get_default_platform returned 0; 0 sec.
Execute         config_chip_info -quiet -resource  {SLICE 8820}  {LUT 70560}    {FF 141120}  {DSP48E 360}   {BRAM 432}  {URAM 0}  
Command         config_chip_info returned 0; 0 sec.
Execute         config_chip_info -quiet -speed slow 
Command         config_chip_info returned 0; 0 sec.
Command       add_library returned 0; 0.01 sec.
Execute       add_library xilinx/zynquplus/zynquplus_fpv7 
Execute         get_default_platform 
Command         get_default_platform returned 0; 0 sec.
Command       add_library returned 0; 0 sec.
INFO: [HLS 200-10] Setting target device to 'xczu3eg-sbva484-1-e'
Execute       get_default_platform 
Command       get_default_platform returned 0; 0 sec.
Command     set_part returned 0; 0.05 sec.
Execute     get_default_platform 
Command     get_default_platform returned 0; 0 sec.
Execute     config_chip_info -quiet -resource  {SLICE 8820}  {LUT 70560}    {FF 141120}  {DSP48E 360}   {BRAM 432}  {URAM 0}  
Command     config_chip_info returned 0; 0 sec.
Execute     config_chip_info -quiet -speed slow 
Command     config_chip_info returned 0; 0 sec.
Command   open_solution returned 0; 0.18 sec.
Execute   set_part xczu3eg-sbva484-1-e 
Execute     add_library xilinx/zynquplus/zynquplus:xczu3eg:-sbva484:-1-e 
Execute       get_default_platform 
Command       get_default_platform returned 0; 0 sec.
Execute       license_isbetapart xczu3eg 
Command       license_isbetapart returned 1; 0 sec.
Execute       get_default_platform 
Command       get_default_platform returned 0; 0 sec.
Execute       config_chip_info -quiet -resource  {SLICE 8820}  {LUT 70560}    {FF 141120}  {DSP48E 360}   {BRAM 432}  {URAM 0}  
Command       config_chip_info returned 0; 0 sec.
Execute       config_chip_info -quiet -speed slow 
Command       config_chip_info returned 0; 0 sec.
Command     add_library returned 0; 0.01 sec.
Execute     add_library xilinx/zynquplus/zynquplus_fpv7 
Execute       get_default_platform 
Command       get_default_platform returned 0; 0 sec.
Command     add_library returned 0; 0 sec.
Execute     get_default_platform 
Command     get_default_platform returned 0; 0 sec.
Command   set_part returned 0; 0.03 sec.
Execute   create_clock -period 42 -name default 
Command   create_clock returned 0; 0 sec.
Execute   set_clock_uncertainty 1 
Command   set_clock_uncertainty returned 0; 0 sec.
Execute   csynth_design 
Execute     elaborate -effort=medium -skip_syncheck=0 -keep_printf=0 -lm=0 -skip_cdt=0 -skip_transform=0 -ng=0 -g=0 -opt_fp=0 -enable_clang39=0 
INFO: [HLS 200-10] Analyzing design file 'DDR_TO_AXIS_READER_AXILITE_SD/ddr_to_axis_reader_SD.cpp' ...
INFO: [HLS 200-0] Compiling one TU...
Execute       is_m_axi_addr64 
Command       is_m_axi_addr64 returned 0; 0 sec.
INFO: [HLS 200-0] Handling DDR_TO_AXIS_READER_AXILITE_SD/ddr_to_axis_reader_SD.cpp as C++
Execute       get_default_platform 
Command       get_default_platform returned 0; 0 sec.
Execute       is_encrypted DDR_TO_AXIS_READER_AXILITE_SD/ddr_to_axis_reader_SD.cpp 
Command       is_encrypted returned 0; 0 sec.
Execute       get_default_platform 
Command       get_default_platform returned 0; 0 sec.
INFO: [HLS 200-0] Source preprocessing
Execute       clang  -fno-limit-debug-info -gcc-toolchain "/media/kidre/8a0a81cd-859e-4c75-9e65-2b4a729982e4/opt/Xilinx/Vivado/2018.1/lnx64/tools/gcc" -hls  -fno-exceptions  -D__llvm__  -E "DDR_TO_AXIS_READER_AXILITE_SD/ddr_to_axis_reader_SD.cpp"     -fno-math-errno -c -emit-llvm -O0  -mllvm -disable-llvm-optzns -fno-threadsafe-statics  -fno-use-cxa-atexit  -fno-threadsafe-statics -fno-use-cxa-atexit -D__CLANG_3_1__ -DAESL_SYN -D__SYNTHESIS__ -D__HLS_SYN__ -I "/media/kidre/8a0a81cd-859e-4c75-9e65-2b4a729982e4/opt/Xilinx/Vivado/2018.1/common/technology/autopilot" -I "/media/kidre/8a0a81cd-859e-4c75-9e65-2b4a729982e4/opt/Xilinx/Vivado/2018.1/common/technology/autopilot/ap_sysc" -include etc/autopilot_ssdm_op.h -D__DSP48E2__  -o "/home/kidre/Immagini/Università/Uni/Tesi/SmartCamera/HLS_COMMON/DDR/DDR_TO_AXIS_READER_AXILITE_SD/solution1/.autopilot/db/ddr_to_axis_reader_SD.pp.0.cpp" 
INFO: [HLS 200-0] exec clang -fno-limit-debug-info -gcc-toolchain /media/kidre/8a0a81cd-859e-4c75-9e65-2b4a729982e4/opt/Xilinx/Vivado/2018.1/lnx64/tools/gcc -hls -fno-exceptions -D__llvm__ -E DDR_TO_AXIS_READER_AXILITE_SD/ddr_to_axis_reader_SD.cpp -fno-math-errno -c -emit-llvm -O0 -mllvm -disable-llvm-optzns -fno-threadsafe-statics -fno-use-cxa-atexit -fno-threadsafe-statics -fno-use-cxa-atexit -D__CLANG_3_1__ -DAESL_SYN -D__SYNTHESIS__ -D__HLS_SYN__ -I /media/kidre/8a0a81cd-859e-4c75-9e65-2b4a729982e4/opt/Xilinx/Vivado/2018.1/common/technology/autopilot -I /media/kidre/8a0a81cd-859e-4c75-9e65-2b4a729982e4/opt/Xilinx/Vivado/2018.1/common/technology/autopilot/ap_sysc -include etc/autopilot_ssdm_op.h -D__DSP48E2__ -o /home/kidre/Immagini/Università/Uni/Tesi/SmartCamera/HLS_COMMON/DDR/DDR_TO_AXIS_READER_AXILITE_SD/solution1/.autopilot/db/ddr_to_axis_reader_SD.pp.0.cpp
WARNING: [HLS 200-40] In file included from DDR_TO_AXIS_READER_AXILITE_SD/ddr_to_axis_reader_SD.cpp:1:
In file included from DDR_TO_AXIS_READER_AXILITE_SD/ddr_to_axis_reader_SD.h:2:
In file included from /media/kidre/8a0a81cd-859e-4c75-9e65-2b4a729982e4/opt/Xilinx/Vivado/2018.1/common/technology/autopilot/ap_int.h:60:
In file included from /media/kidre/8a0a81cd-859e-4c75-9e65-2b4a729982e4/opt/Xilinx/Vivado/2018.1/common/technology/autopilot/hls_half.h:32:
In file included from /media/kidre/8a0a81cd-859e-4c75-9e65-2b4a729982e4/opt/Xilinx/Vivado/2018.1/lnx64/tools/gcc/lib/gcc/x86_64-unknown-linux-gnu/4.6.3/../../../../include/c++/4.6.3/cmath:42:
In file included from /media/kidre/8a0a81cd-859e-4c75-9e65-2b4a729982e4/opt/Xilinx/Vivado/2018.1/lnx64/tools/gcc/lib/gcc/x86_64-unknown-linux-gnu/4.6.3/../../../../include/c++/4.6.3/x86_64-unknown-linux-gnu/bits/c++config.h:393:
/media/kidre/8a0a81cd-859e-4c75-9e65-2b4a729982e4/opt/Xilinx/Vivado/2018.1/lnx64/tools/gcc/lib/gcc/x86_64-unknown-linux-gnu/4.6.3/../../../../include/c++/4.6.3/x86_64-unknown-linux-gnu/bits/os_defines.h:40:10: fatal error: 'features.h' file not found
#include <features.h>
         ^
1 error generated.
Command       clang returned 2; 1.15 sec.
Command     elaborate returned 2; 1.15 sec.
Command   csynth_design returned 2; 1.15 sec.
Command ap_source returned 1; 1.36 sec.
C preprocessor failed.
    while executing
"source /home/kidre/Immagini/Università/Uni/Tesi/SmartCamera/HLS_COMMON/DDR/DDR_TO_AXIS_READER_AXILITE_SD/solution1/csynth.tcl"
    invoked from within
"hls::main /home/kidre/Immagini/Università/Uni/Tesi/SmartCamera/HLS_COMMON/DDR/DDR_TO_AXIS_READER_AXILITE_SD/solution1/csynth.tcl"
    ("uplevel" body line 1)
    invoked from within
"uplevel 1 hls::main {*}$args"
    (procedure "hls_proc" line 5)
    invoked from within
"hls_proc $argv"
Execute cleanup_all 
Command cleanup_all returned 0; 0 sec.
