

================================================================
== Vivado HLS Report for 'ov7670_diretto'
================================================================
* Date:           Wed Oct  7 17:04:19 2020

* Version:        2018.1 (Build 2188600 on Wed Apr 04 19:04:02 MDT 2018)
* Project:        lettura_diretta
* Solution:       solution1
* Product family: zynquplus
* Target device:  xczu3eg-sbva484-1-e


================================================================
== Performance Estimates
================================================================
+ Timing (ns): 
    * Summary: 
    +--------+-------+----------+------------+
    |  Clock | Target| Estimated| Uncertainty|
    +--------+-------+----------+------------+
    |ap_clk  |  41.67|      1.96|        0.01|
    +--------+-------+----------+------------+

+ Latency (clock cycles): 
    * Summary: 
    +-----+-----+-----+-----+---------+
    |  Latency  |  Interval | Pipeline|
    | min | max | min | max |   Type  |
    +-----+-----+-----+-----+---------+
    |    2|    3|    2|    3|   none  |
    +-----+-----+-----+-----+---------+

    + Detail: 
        * Instance: 
        N/A

        * Loop: 
        N/A



================================================================
== Utilization Estimates
================================================================
* Summary: 
+-----------------+---------+-------+--------+-------+-----+
|       Name      | BRAM_18K| DSP48E|   FF   |  LUT  | URAM|
+-----------------+---------+-------+--------+-------+-----+
|DSP              |        -|      -|       -|      -|    -|
|Expression       |        -|      -|       0|    172|    -|
|FIFO             |        -|      -|       -|      -|    -|
|Instance         |        0|      -|      36|     40|    -|
|Memory           |        -|      -|       -|      -|    -|
|Multiplexer      |        -|      -|       -|    114|    -|
|Register         |        -|      -|     101|      -|    -|
+-----------------+---------+-------+--------+-------+-----+
|Total            |        0|      0|     137|    326|    0|
+-----------------+---------+-------+--------+-------+-----+
|Available        |      432|    360|  141120|  70560|    0|
+-----------------+---------+-------+--------+-------+-----+
|Utilization (%)  |        0|      0|   ~0   |   ~0  |    0|
+-----------------+---------+-------+--------+-------+-----+

+ Detail: 
    * Instance: 
    +---------------------------------+-------------------------------+---------+-------+----+----+
    |             Instance            |             Module            | BRAM_18K| DSP48E| FF | LUT|
    +---------------------------------+-------------------------------+---------+-------+----+----+
    |ov7670_diretto_AXILiteS_s_axi_U  |ov7670_diretto_AXILiteS_s_axi  |        0|      0|  36|  40|
    +---------------------------------+-------------------------------+---------+-------+----+----+
    |Total                            |                               |        0|      0|  36|  40|
    +---------------------------------+-------------------------------+---------+-------+----+----+

    * DSP48: 
    N/A

    * Memory: 
    N/A

    * FIFO: 
    N/A

    * Expression: 
    +--------------------------------+----------+-------+---+----+------------+------------+
    |          Variable Name         | Operation| DSP48E| FF| LUT| Bitwidth P0| Bitwidth P1|
    +--------------------------------+----------+-------+---+----+------------+------------+
    |tmp_4_fu_209_p2                 |     +    |      0|  0|  39|          32|           1|
    |tmp_6_fu_197_p2                 |     +    |      0|  0|  39|          32|           1|
    |ap_block_state2_io              |    and   |      0|  0|   2|           1|           1|
    |ap_block_state5_io              |    and   |      0|  0|   2|           1|           1|
    |ap_condition_183                |    and   |      0|  0|   2|           1|           1|
    |ap_condition_264                |    and   |      0|  0|   2|           1|           1|
    |ap_condition_342                |    and   |      0|  0|   2|           1|           1|
    |ap_predicate_op66_write_state5  |    and   |      0|  0|   2|           1|           1|
    |data_out_1_load_A               |    and   |      0|  0|   2|           1|           1|
    |data_out_1_load_B               |    and   |      0|  0|   2|           1|           1|
    |or_cond1_fu_169_p2              |    and   |      0|  0|   2|           1|           1|
    |or_cond_fu_157_p2               |    and   |      0|  0|   2|           1|           1|
    |data_out_1_state_cmp_full       |   icmp   |      0|  0|   8|           2|           1|
    |tmp_2_fu_151_p2                 |   icmp   |      0|  0|  20|          32|           9|
    |tmp_3_fu_163_p2                 |   icmp   |      0|  0|  20|          32|           9|
    |tmp_5_fu_185_p2                 |   icmp   |      0|  0|  20|          32|          11|
    |brmerge_fu_133_p2               |    or    |      0|  0|   2|           1|           1|
    |p_not1_fu_127_p2                |    xor   |      0|  0|   2|           1|           2|
    |p_not_fu_145_p2                 |    xor   |      0|  0|   2|           1|           2|
    +--------------------------------+----------+-------+---+----+------------+------------+
    |Total                           |          |      0|  0| 172|         175|          47|
    +--------------------------------+----------+-------+---+----+------------+------------+

    * Multiplexer: 
    +----------------------+----+-----------+-----+-----------+
    |         Name         | LUT| Input Size| Bits| Total Bits|
    +----------------------+----+-----------+-----+-----------+
    |ap_NS_fsm             |  33|          6|    1|          6|
    |count_lines           |   9|          2|   32|         64|
    |count_readings        |   9|          2|   32|         64|
    |data_out_1_data_in    |  15|          3|    8|         24|
    |data_out_1_data_out   |   9|          2|    8|         16|
    |data_out_1_state      |  15|          3|    2|          6|
    |data_out_TDATA_blk_n  |   9|          2|    1|          2|
    |frame_valid_V         |  15|          3|    1|          3|
    +----------------------+----+-----------+-----+-----------+
    |Total                 | 114|         23|   85|        185|
    +----------------------+----+-----------+-----+-----------+

    * Register: 
    +----------------------+----+----+-----+-----------+
    |         Name         | FF | LUT| Bits| Const Bits|
    +----------------------+----+----+-----+-----------+
    |ap_CS_fsm             |   5|   0|    5|          0|
    |brmerge_reg_231       |   1|   0|    1|          0|
    |count_lines           |  32|   0|   32|          0|
    |count_readings        |  32|   0|   32|          0|
    |data_in_assign_fu_62  |   8|   0|    8|          0|
    |data_out_1_payload_A  |   8|   0|    8|          0|
    |data_out_1_payload_B  |   8|   0|    8|          0|
    |data_out_1_sel_rd     |   1|   0|    1|          0|
    |data_out_1_sel_wr     |   1|   0|    1|          0|
    |data_out_1_state      |   2|   0|    2|          0|
    |first                 |   1|   0|    1|          0|
    |frame_valid_V_preg    |   1|   0|    1|          0|
    |or_cond_reg_235       |   1|   0|    1|          0|
    +----------------------+----+----+-----+-----------+
    |Total                 | 101|   0|  101|          0|
    +----------------------+----+----+-----+-----------+



================================================================
== Interface
================================================================
* Summary: 
+------------------------+-----+-----+------------+----------------+--------------+
|        RTL Ports       | Dir | Bits|  Protocol  |  Source Object |    C Type    |
+------------------------+-----+-----+------------+----------------+--------------+
|s_axi_AXILiteS_AWVALID  |  in |    1|    s_axi   |    AXILiteS    |  return void |
|s_axi_AXILiteS_AWREADY  | out |    1|    s_axi   |    AXILiteS    |  return void |
|s_axi_AXILiteS_AWADDR   |  in |    4|    s_axi   |    AXILiteS    |  return void |
|s_axi_AXILiteS_WVALID   |  in |    1|    s_axi   |    AXILiteS    |  return void |
|s_axi_AXILiteS_WREADY   | out |    1|    s_axi   |    AXILiteS    |  return void |
|s_axi_AXILiteS_WDATA    |  in |   32|    s_axi   |    AXILiteS    |  return void |
|s_axi_AXILiteS_WSTRB    |  in |    4|    s_axi   |    AXILiteS    |  return void |
|s_axi_AXILiteS_ARVALID  |  in |    1|    s_axi   |    AXILiteS    |  return void |
|s_axi_AXILiteS_ARREADY  | out |    1|    s_axi   |    AXILiteS    |  return void |
|s_axi_AXILiteS_ARADDR   |  in |    4|    s_axi   |    AXILiteS    |  return void |
|s_axi_AXILiteS_RVALID   | out |    1|    s_axi   |    AXILiteS    |  return void |
|s_axi_AXILiteS_RREADY   |  in |    1|    s_axi   |    AXILiteS    |  return void |
|s_axi_AXILiteS_RDATA    | out |   32|    s_axi   |    AXILiteS    |  return void |
|s_axi_AXILiteS_RRESP    | out |    2|    s_axi   |    AXILiteS    |  return void |
|s_axi_AXILiteS_BVALID   | out |    1|    s_axi   |    AXILiteS    |  return void |
|s_axi_AXILiteS_BREADY   |  in |    1|    s_axi   |    AXILiteS    |  return void |
|s_axi_AXILiteS_BRESP    | out |    2|    s_axi   |    AXILiteS    |  return void |
|ap_clk                  |  in |    1| ap_ctrl_hs | ov7670_diretto | return value |
|ap_rst_n                |  in |    1| ap_ctrl_hs | ov7670_diretto | return value |
|interrupt               | out |    1| ap_ctrl_hs | ov7670_diretto | return value |
|data_in                 |  in |    8|   ap_none  |     data_in    |    scalar    |
|href_V                  |  in |    1|   ap_none  |     href_V     |    scalar    |
|vsync_V                 |  in |    1|   ap_none  |     vsync_V    |    scalar    |
|data_out_TDATA          | out |    8|    axis    |    data_out    |    pointer   |
|data_out_TVALID         | out |    1|    axis    |    data_out    |    pointer   |
|data_out_TREADY         |  in |    1|    axis    |    data_out    |    pointer   |
|line_valid_V            | out |    1|   ap_none  |  line_valid_V  |    pointer   |
|frame_valid_V           | out |    1|   ap_none  |  frame_valid_V |    pointer   |
+------------------------+-----+-----+------------+----------------+--------------+

