
*** Running vivado
    with args -log design_1_ov7670_interface_0_0.vds -m64 -product Vivado -mode batch -messageDb vivado.pb -notrace -source design_1_ov7670_interface_0_0.tcl


****** Vivado v2018.1 (64-bit)
  **** SW Build 2188600 on Wed Apr  4 18:39:19 MDT 2018
  **** IP Build 2185939 on Wed Apr  4 20:55:05 MDT 2018
    ** Copyright 1986-2018 Xilinx, Inc. All Rights Reserved.

source design_1_ov7670_interface_0_0.tcl -notrace
Command: synth_design -top design_1_ov7670_interface_0_0 -part xczu3eg-sbva484-1-e -mode out_of_context
Starting synth_design
Attempting to get a license for feature 'Synthesis' and/or device 'xczu3eg'
INFO: [Common 17-349] Got license for feature 'Synthesis' and/or device 'xczu3eg'
INFO: Launching helper process for spawning children vivado processes
INFO: Helper process launched with PID 11510 
---------------------------------------------------------------------------------
Starting RTL Elaboration : Time (s): cpu = 00:00:15 ; elapsed = 00:00:16 . Memory (MB): peak = 1572.586 ; gain = 0.000 ; free physical = 885 ; free virtual = 13316
---------------------------------------------------------------------------------
INFO: [Synth 8-6157] synthesizing module 'design_1_ov7670_interface_0_0' [/media/kidre/Dati/GIT_TEST/bare-metalProva/myproj/project_1.srcs/sources_1/bd/design_1/ip/design_1_ov7670_interface_0_0/synth/design_1_ov7670_interface_0_0.v:57]
INFO: [Synth 8-6157] synthesizing module 'ov7670_interface' [/media/kidre/Dati/GIT_TEST/bare-metalProva/myproj/project_1.srcs/sources_1/bd/design_1/ipshared/3b76/hdl/verilog/ov7670_interface.v:12]
	Parameter ap_ST_fsm_state1 bound to: 1'b1 
INFO: [Synth 8-5534] Detected attribute (* fsm_encoding = "none" *) [/media/kidre/Dati/GIT_TEST/bare-metalProva/myproj/project_1.srcs/sources_1/bd/design_1/ipshared/3b76/hdl/verilog/ov7670_interface.v:49]
INFO: [Synth 8-6155] done synthesizing module 'ov7670_interface' (1#1) [/media/kidre/Dati/GIT_TEST/bare-metalProva/myproj/project_1.srcs/sources_1/bd/design_1/ipshared/3b76/hdl/verilog/ov7670_interface.v:12]
INFO: [Synth 8-6155] done synthesizing module 'design_1_ov7670_interface_0_0' (2#1) [/media/kidre/Dati/GIT_TEST/bare-metalProva/myproj/project_1.srcs/sources_1/bd/design_1/ip/design_1_ov7670_interface_0_0/synth/design_1_ov7670_interface_0_0.v:57]
---------------------------------------------------------------------------------
Finished RTL Elaboration : Time (s): cpu = 00:00:16 ; elapsed = 00:00:18 . Memory (MB): peak = 1572.586 ; gain = 0.000 ; free physical = 812 ; free virtual = 13249
---------------------------------------------------------------------------------

Report Check Netlist: 
+------+------------------+-------+---------+-------+------------------+
|      |Item              |Errors |Warnings |Status |Description       |
+------+------------------+-------+---------+-------+------------------+
|1     |multi_driven_nets |      0|        0|Passed |Multi driven nets |
+------+------------------+-------+---------+-------+------------------+
---------------------------------------------------------------------------------
Start Handling Custom Attributes
---------------------------------------------------------------------------------
---------------------------------------------------------------------------------
Finished Handling Custom Attributes : Time (s): cpu = 00:00:16 ; elapsed = 00:00:19 . Memory (MB): peak = 1572.586 ; gain = 0.000 ; free physical = 790 ; free virtual = 13227
---------------------------------------------------------------------------------
---------------------------------------------------------------------------------
Finished RTL Optimization Phase 1 : Time (s): cpu = 00:00:16 ; elapsed = 00:00:19 . Memory (MB): peak = 1572.586 ; gain = 0.000 ; free physical = 790 ; free virtual = 13227
---------------------------------------------------------------------------------
INFO: [Device 21-403] Loading part xczu3eg-sbva484-1-e
INFO: [Project 1-570] Preparing netlist for logic optimization

Processing XDC Constraints
Initializing timing engine
Parsing XDC File [/media/kidre/Dati/GIT_TEST/bare-metalProva/myproj/project_1.srcs/sources_1/bd/design_1/ip/design_1_ov7670_interface_0_0/constraints/ov7670_interface_ooc.xdc] for cell 'inst'
Finished Parsing XDC File [/media/kidre/Dati/GIT_TEST/bare-metalProva/myproj/project_1.srcs/sources_1/bd/design_1/ip/design_1_ov7670_interface_0_0/constraints/ov7670_interface_ooc.xdc] for cell 'inst'
Parsing XDC File [/media/kidre/Dati/GIT_TEST/bare-metalProva/myproj/project_1.runs/design_1_ov7670_interface_0_0_synth_1/dont_touch.xdc]
Finished Parsing XDC File [/media/kidre/Dati/GIT_TEST/bare-metalProva/myproj/project_1.runs/design_1_ov7670_interface_0_0_synth_1/dont_touch.xdc]
Completed Processing XDC Constraints

INFO: [Project 1-111] Unisim Transformation Summary:
No Unisim elements were transformed.

Constraint Validation Runtime : Time (s): cpu = 00:00:00.02 ; elapsed = 00:00:00.07 . Memory (MB): peak = 2312.824 ; gain = 0.000 ; free physical = 1242 ; free virtual = 14627
---------------------------------------------------------------------------------
Finished Constraint Validation : Time (s): cpu = 00:00:55 ; elapsed = 00:01:20 . Memory (MB): peak = 2312.824 ; gain = 740.238 ; free physical = 1226 ; free virtual = 14828
---------------------------------------------------------------------------------
---------------------------------------------------------------------------------
Start Loading Part and Timing Information
---------------------------------------------------------------------------------
Loading part: xczu3eg-sbva484-1-e
---------------------------------------------------------------------------------
Finished Loading Part and Timing Information : Time (s): cpu = 00:00:55 ; elapsed = 00:01:20 . Memory (MB): peak = 2312.824 ; gain = 740.238 ; free physical = 1226 ; free virtual = 14828
---------------------------------------------------------------------------------
---------------------------------------------------------------------------------
Start Applying 'set_property' XDC Constraints
---------------------------------------------------------------------------------
Applied set_property DONT_TOUCH = true for inst. (constraint file  /media/kidre/Dati/GIT_TEST/bare-metalProva/myproj/project_1.runs/design_1_ov7670_interface_0_0_synth_1/dont_touch.xdc, line 9).
---------------------------------------------------------------------------------
Finished applying 'set_property' XDC Constraints : Time (s): cpu = 00:00:55 ; elapsed = 00:01:20 . Memory (MB): peak = 2312.824 ; gain = 740.238 ; free physical = 1225 ; free virtual = 14827
---------------------------------------------------------------------------------
INFO: [Synth 8-5545] ROM "tmp_4_fu_165_p2" won't be mapped to RAM because address size (32) is larger than maximum supported(25)
INFO: [Synth 8-5545] ROM "tmp_2_fu_143_p2" won't be mapped to RAM because address size (32) is larger than maximum supported(25)
---------------------------------------------------------------------------------
Finished RTL Optimization Phase 2 : Time (s): cpu = 00:00:55 ; elapsed = 00:01:21 . Memory (MB): peak = 2312.824 ; gain = 740.238 ; free physical = 1192 ; free virtual = 14795
---------------------------------------------------------------------------------

Report RTL Partitions: 
+-+--------------+------------+----------+
| |RTL Partition |Replication |Instances |
+-+--------------+------------+----------+
+-+--------------+------------+----------+
---------------------------------------------------------------------------------
Start RTL Component Statistics 
---------------------------------------------------------------------------------
Detailed RTL Component Info : 
+---XORs : 
	   2 Input      1 Bit         XORs := 2     
+---Registers : 
	                1 Bit    Registers := 2     
+---Muxes : 
	   2 Input      8 Bit        Muxes := 1     
	   2 Input      1 Bit        Muxes := 4     
---------------------------------------------------------------------------------
Finished RTL Component Statistics 
---------------------------------------------------------------------------------
---------------------------------------------------------------------------------
Start RTL Hierarchical Component Statistics 
---------------------------------------------------------------------------------
Hierarchical RTL Component report 
Module ov7670_interface 
Detailed RTL Component Info : 
+---XORs : 
	   2 Input      1 Bit         XORs := 2     
+---Registers : 
	                1 Bit    Registers := 2     
+---Muxes : 
	   2 Input      8 Bit        Muxes := 1     
	   2 Input      1 Bit        Muxes := 4     
---------------------------------------------------------------------------------
Finished RTL Hierarchical Component Statistics
---------------------------------------------------------------------------------
---------------------------------------------------------------------------------
Start Part Resource Summary
---------------------------------------------------------------------------------
Part Resources:
DSPs: 360 (col length:72)
BRAMs: 432 (col length: RAMB18 72 RAMB36 36)
---------------------------------------------------------------------------------
Finished Part Resource Summary
---------------------------------------------------------------------------------
---------------------------------------------------------------------------------
Start Cross Boundary and Area Optimization
---------------------------------------------------------------------------------
Warning: Parallel synthesis criteria is not met 
INFO: [Synth 8-5545] ROM "tmp_4_fu_165_p2" won't be mapped to RAM because address size (32) is larger than maximum supported(25)
INFO: [Synth 8-5545] ROM "tmp_2_fu_143_p2" won't be mapped to RAM because address size (32) is larger than maximum supported(25)
INFO: [Synth 8-3333] propagating constant 1 across sequential element (inst/\ap_CS_fsm_reg[0] )
WARNING: [Synth 8-3332] Sequential element (ap_CS_fsm_reg[0]) is unused and will be removed from module ov7670_interface.
---------------------------------------------------------------------------------
Finished Cross Boundary and Area Optimization : Time (s): cpu = 00:00:56 ; elapsed = 00:01:21 . Memory (MB): peak = 2312.824 ; gain = 740.238 ; free physical = 1075 ; free virtual = 14680
---------------------------------------------------------------------------------

Report RTL Partitions: 
+-+--------------+------------+----------+
| |RTL Partition |Replication |Instances |
+-+--------------+------------+----------+
+-+--------------+------------+----------+
---------------------------------------------------------------------------------
Start Applying XDC Timing Constraints
---------------------------------------------------------------------------------
---------------------------------------------------------------------------------
Finished Applying XDC Timing Constraints : Time (s): cpu = 00:01:42 ; elapsed = 00:02:56 . Memory (MB): peak = 2718.238 ; gain = 1145.652 ; free physical = 197 ; free virtual = 11263
---------------------------------------------------------------------------------
---------------------------------------------------------------------------------
Start Timing Optimization
---------------------------------------------------------------------------------
---------------------------------------------------------------------------------
Finished Timing Optimization : Time (s): cpu = 00:01:42 ; elapsed = 00:02:57 . Memory (MB): peak = 2739.270 ; gain = 1166.684 ; free physical = 148 ; free virtual = 11237
---------------------------------------------------------------------------------

Report RTL Partitions: 
+-+--------------+------------+----------+
| |RTL Partition |Replication |Instances |
+-+--------------+------------+----------+
+-+--------------+------------+----------+
---------------------------------------------------------------------------------
Start Technology Mapping
---------------------------------------------------------------------------------
---------------------------------------------------------------------------------
Finished Technology Mapping : Time (s): cpu = 00:01:42 ; elapsed = 00:02:57 . Memory (MB): peak = 2740.277 ; gain = 1167.691 ; free physical = 145 ; free virtual = 11245
---------------------------------------------------------------------------------

Report RTL Partitions: 
+-+--------------+------------+----------+
| |RTL Partition |Replication |Instances |
+-+--------------+------------+----------+
+-+--------------+------------+----------+
---------------------------------------------------------------------------------
Start IO Insertion
---------------------------------------------------------------------------------
---------------------------------------------------------------------------------
Start Flattening Before IO Insertion
---------------------------------------------------------------------------------
---------------------------------------------------------------------------------
Finished Flattening Before IO Insertion
---------------------------------------------------------------------------------
---------------------------------------------------------------------------------
Start Final Netlist Cleanup
---------------------------------------------------------------------------------
---------------------------------------------------------------------------------
Finished Final Netlist Cleanup
---------------------------------------------------------------------------------
---------------------------------------------------------------------------------
Finished IO Insertion : Time (s): cpu = 00:01:43 ; elapsed = 00:02:59 . Memory (MB): peak = 2740.277 ; gain = 1167.691 ; free physical = 126 ; free virtual = 11238
---------------------------------------------------------------------------------

Report Check Netlist: 
+------+------------------+-------+---------+-------+------------------+
|      |Item              |Errors |Warnings |Status |Description       |
+------+------------------+-------+---------+-------+------------------+
|1     |multi_driven_nets |      0|        0|Passed |Multi driven nets |
+------+------------------+-------+---------+-------+------------------+
---------------------------------------------------------------------------------
Start Renaming Generated Instances
---------------------------------------------------------------------------------
---------------------------------------------------------------------------------
Finished Renaming Generated Instances : Time (s): cpu = 00:01:43 ; elapsed = 00:02:59 . Memory (MB): peak = 2740.277 ; gain = 1167.691 ; free physical = 120 ; free virtual = 11235
---------------------------------------------------------------------------------

Report RTL Partitions: 
+-+--------------+------------+----------+
| |RTL Partition |Replication |Instances |
+-+--------------+------------+----------+
+-+--------------+------------+----------+
---------------------------------------------------------------------------------
Start Rebuilding User Hierarchy
---------------------------------------------------------------------------------
---------------------------------------------------------------------------------
Finished Rebuilding User Hierarchy : Time (s): cpu = 00:01:43 ; elapsed = 00:02:59 . Memory (MB): peak = 2740.277 ; gain = 1167.691 ; free physical = 117 ; free virtual = 11234
---------------------------------------------------------------------------------
---------------------------------------------------------------------------------
Start Renaming Generated Ports
---------------------------------------------------------------------------------
---------------------------------------------------------------------------------
Finished Renaming Generated Ports : Time (s): cpu = 00:01:43 ; elapsed = 00:02:59 . Memory (MB): peak = 2740.277 ; gain = 1167.691 ; free physical = 116 ; free virtual = 11234
---------------------------------------------------------------------------------
---------------------------------------------------------------------------------
Start Handling Custom Attributes
---------------------------------------------------------------------------------
---------------------------------------------------------------------------------
Finished Handling Custom Attributes : Time (s): cpu = 00:01:43 ; elapsed = 00:02:59 . Memory (MB): peak = 2740.277 ; gain = 1167.691 ; free physical = 117 ; free virtual = 11241
---------------------------------------------------------------------------------
---------------------------------------------------------------------------------
Start Renaming Generated Nets
---------------------------------------------------------------------------------
---------------------------------------------------------------------------------
Finished Renaming Generated Nets : Time (s): cpu = 00:01:43 ; elapsed = 00:02:59 . Memory (MB): peak = 2740.277 ; gain = 1167.691 ; free physical = 117 ; free virtual = 11241
---------------------------------------------------------------------------------
---------------------------------------------------------------------------------
Start Writing Synthesis Report
---------------------------------------------------------------------------------

Report BlackBoxes: 
+-+--------------+----------+
| |BlackBox name |Instances |
+-+--------------+----------+
+-+--------------+----------+

Report Cell Usage: 
+------+-------+------+
|      |Cell   |Count |
+------+-------+------+
|1     |CARRY8 |     8|
|2     |LUT1   |     2|
|3     |LUT2   |    33|
|4     |LUT3   |     1|
|5     |LUT4   |    18|
|6     |LUT5   |     3|
|7     |LUT6   |    13|
|8     |FDRE   |    65|
+------+-------+------+

Report Instance Areas: 
+------+---------+-----------------+------+
|      |Instance |Module           |Cells |
+------+---------+-----------------+------+
|1     |top      |                 |   143|
|2     |  inst   |ov7670_interface |   143|
+------+---------+-----------------+------+
---------------------------------------------------------------------------------
Finished Writing Synthesis Report : Time (s): cpu = 00:01:43 ; elapsed = 00:02:59 . Memory (MB): peak = 2740.277 ; gain = 1167.691 ; free physical = 116 ; free virtual = 11241
---------------------------------------------------------------------------------
Synthesis finished with 0 errors, 0 critical warnings and 1 warnings.
Synthesis Optimization Runtime : Time (s): cpu = 00:01:20 ; elapsed = 00:02:15 . Memory (MB): peak = 2740.277 ; gain = 427.453 ; free physical = 159 ; free virtual = 11272
Synthesis Optimization Complete : Time (s): cpu = 00:01:43 ; elapsed = 00:02:59 . Memory (MB): peak = 2740.285 ; gain = 1167.691 ; free physical = 163 ; free virtual = 11282
INFO: [Project 1-571] Translating synthesized netlist
INFO: [Netlist 29-17] Analyzing 8 Unisim elements for replacement
INFO: [Netlist 29-28] Unisim Transformation completed in 0 CPU seconds
INFO: [Project 1-570] Preparing netlist for logic optimization
INFO: [Opt 31-138] Pushed 0 inverter(s) to 0 load pin(s).
INFO: [Project 1-111] Unisim Transformation Summary:
No Unisim elements were transformed.

INFO: [Common 17-83] Releasing license: Synthesis
21 Infos, 1 Warnings, 0 Critical Warnings and 0 Errors encountered.
synth_design completed successfully
synth_design: Time (s): cpu = 00:01:46 ; elapsed = 00:03:03 . Memory (MB): peak = 2782.293 ; gain = 1217.711 ; free physical = 172 ; free virtual = 11189
INFO: [Common 17-1381] The checkpoint '/media/kidre/Dati/GIT_TEST/bare-metalProva/myproj/project_1.runs/design_1_ov7670_interface_0_0_synth_1/design_1_ov7670_interface_0_0.dcp' has been generated.
INFO: [Coretcl 2-1482] Added synthesis output to IP cache for IP /media/kidre/Dati/GIT_TEST/bare-metalProva/myproj/project_1.srcs/sources_1/bd/design_1/ip/design_1_ov7670_interface_0_0/design_1_ov7670_interface_0_0.xci
INFO: [Common 17-1381] The checkpoint '/media/kidre/Dati/GIT_TEST/bare-metalProva/myproj/project_1.runs/design_1_ov7670_interface_0_0_synth_1/design_1_ov7670_interface_0_0.dcp' has been generated.
INFO: [runtcl-4] Executing : report_utilization -file design_1_ov7670_interface_0_0_utilization_synth.rpt -pb design_1_ov7670_interface_0_0_utilization_synth.pb
report_utilization: Time (s): cpu = 00:00:00.15 ; elapsed = 00:00:00.35 . Memory (MB): peak = 2806.305 ; gain = 0.000 ; free physical = 142 ; free virtual = 11083
INFO: [Common 17-206] Exiting Vivado at Mon Jul  6 10:03:52 2020...
