
*** Running vivado
    with args -log design_1_ENABLE_RAW_STREAM_0.vds -m64 -product Vivado -mode batch -messageDb vivado.pb -notrace -source design_1_ENABLE_RAW_STREAM_0.tcl


****** Vivado v2018.1 (64-bit)
  **** SW Build 2188600 on Wed Apr  4 18:39:19 MDT 2018
  **** IP Build 2185939 on Wed Apr  4 20:55:05 MDT 2018
    ** Copyright 1986-2018 Xilinx, Inc. All Rights Reserved.

source design_1_ENABLE_RAW_STREAM_0.tcl -notrace
Command: synth_design -top design_1_ENABLE_RAW_STREAM_0 -part xczu3eg-sbva484-1-e -mode out_of_context
Starting synth_design
Attempting to get a license for feature 'Synthesis' and/or device 'xczu3eg'
INFO: [Common 17-349] Got license for feature 'Synthesis' and/or device 'xczu3eg'
INFO: Launching helper process for spawning children vivado processes
INFO: Helper process launched with PID 6831 
---------------------------------------------------------------------------------
Starting RTL Elaboration : Time (s): cpu = 00:00:17 ; elapsed = 00:00:19 . Memory (MB): peak = 1572.594 ; gain = 0.000 ; free physical = 1574 ; free virtual = 19656
---------------------------------------------------------------------------------
INFO: [Synth 8-6157] synthesizing module 'design_1_ENABLE_RAW_STREAM_0' [/media/kidre/Dati/GIT_TEST/bare-metalProva/myproj/project_1.srcs/sources_1/bd/design_1/ip/design_1_ENABLE_RAW_STREAM_0/synth/design_1_ENABLE_RAW_STREAM_0.v:57]
INFO: [Synth 8-6157] synthesizing module 'xlconstant_v1_1_4_xlconstant' [/media/kidre/Dati/GIT_TEST/bare-metalProva/myproj/project_1.srcs/sources_1/bd/design_1/ipshared/2fc9/hdl/xlconstant_v1_1_vl_rfs.v:23]
	Parameter CONST_VAL bound to: 1 - type: integer 
	Parameter CONST_WIDTH bound to: 1 - type: integer 
INFO: [Synth 8-6155] done synthesizing module 'xlconstant_v1_1_4_xlconstant' (1#1) [/media/kidre/Dati/GIT_TEST/bare-metalProva/myproj/project_1.srcs/sources_1/bd/design_1/ipshared/2fc9/hdl/xlconstant_v1_1_vl_rfs.v:23]
INFO: [Synth 8-6155] done synthesizing module 'design_1_ENABLE_RAW_STREAM_0' (2#1) [/media/kidre/Dati/GIT_TEST/bare-metalProva/myproj/project_1.srcs/sources_1/bd/design_1/ip/design_1_ENABLE_RAW_STREAM_0/synth/design_1_ENABLE_RAW_STREAM_0.v:57]
---------------------------------------------------------------------------------
Finished RTL Elaboration : Time (s): cpu = 00:00:19 ; elapsed = 00:00:21 . Memory (MB): peak = 1572.594 ; gain = 0.000 ; free physical = 1384 ; free virtual = 19486
---------------------------------------------------------------------------------

Report Check Netlist: 
+------+------------------+-------+---------+-------+------------------+
|      |Item              |Errors |Warnings |Status |Description       |
+------+------------------+-------+---------+-------+------------------+
|1     |multi_driven_nets |      0|        0|Passed |Multi driven nets |
+------+------------------+-------+---------+-------+------------------+
---------------------------------------------------------------------------------
Start Handling Custom Attributes
---------------------------------------------------------------------------------
---------------------------------------------------------------------------------
Finished Handling Custom Attributes : Time (s): cpu = 00:00:19 ; elapsed = 00:00:21 . Memory (MB): peak = 1572.594 ; gain = 0.000 ; free physical = 1392 ; free virtual = 19495
---------------------------------------------------------------------------------
---------------------------------------------------------------------------------
Finished RTL Optimization Phase 1 : Time (s): cpu = 00:00:19 ; elapsed = 00:00:21 . Memory (MB): peak = 1572.594 ; gain = 0.000 ; free physical = 1392 ; free virtual = 19495
---------------------------------------------------------------------------------
INFO: [Device 21-403] Loading part xczu3eg-sbva484-1-e
INFO: [Project 1-570] Preparing netlist for logic optimization

Processing XDC Constraints
Initializing timing engine
Completed Processing XDC Constraints

INFO: [Project 1-111] Unisim Transformation Summary:
No Unisim elements were transformed.

Constraint Validation Runtime : Time (s): cpu = 00:00:00.03 ; elapsed = 00:00:00.04 . Memory (MB): peak = 2310.832 ; gain = 0.000 ; free physical = 969 ; free virtual = 15526
---------------------------------------------------------------------------------
Finished Constraint Validation : Time (s): cpu = 00:00:58 ; elapsed = 00:01:47 . Memory (MB): peak = 2310.832 ; gain = 738.238 ; free physical = 1001 ; free virtual = 15664
---------------------------------------------------------------------------------
---------------------------------------------------------------------------------
Start Loading Part and Timing Information
---------------------------------------------------------------------------------
Loading part: xczu3eg-sbva484-1-e
---------------------------------------------------------------------------------
Finished Loading Part and Timing Information : Time (s): cpu = 00:00:58 ; elapsed = 00:01:47 . Memory (MB): peak = 2310.832 ; gain = 738.238 ; free physical = 1000 ; free virtual = 15663
---------------------------------------------------------------------------------
---------------------------------------------------------------------------------
Start Applying 'set_property' XDC Constraints
---------------------------------------------------------------------------------
---------------------------------------------------------------------------------
Finished applying 'set_property' XDC Constraints : Time (s): cpu = 00:00:58 ; elapsed = 00:01:47 . Memory (MB): peak = 2310.832 ; gain = 738.238 ; free physical = 1005 ; free virtual = 15668
---------------------------------------------------------------------------------
---------------------------------------------------------------------------------
Finished RTL Optimization Phase 2 : Time (s): cpu = 00:00:58 ; elapsed = 00:01:47 . Memory (MB): peak = 2310.832 ; gain = 738.238 ; free physical = 1018 ; free virtual = 15681
---------------------------------------------------------------------------------

Report RTL Partitions: 
+-+--------------+------------+----------+
| |RTL Partition |Replication |Instances |
+-+--------------+------------+----------+
+-+--------------+------------+----------+
---------------------------------------------------------------------------------
Start RTL Component Statistics 
---------------------------------------------------------------------------------
Detailed RTL Component Info : 
---------------------------------------------------------------------------------
Finished RTL Component Statistics 
---------------------------------------------------------------------------------
---------------------------------------------------------------------------------
Start RTL Hierarchical Component Statistics 
---------------------------------------------------------------------------------
Hierarchical RTL Component report 
---------------------------------------------------------------------------------
Finished RTL Hierarchical Component Statistics
---------------------------------------------------------------------------------
---------------------------------------------------------------------------------
Start Part Resource Summary
---------------------------------------------------------------------------------
Part Resources:
DSPs: 360 (col length:72)
BRAMs: 432 (col length: RAMB18 72 RAMB36 36)
---------------------------------------------------------------------------------
Finished Part Resource Summary
---------------------------------------------------------------------------------
---------------------------------------------------------------------------------
Start Cross Boundary and Area Optimization
---------------------------------------------------------------------------------
Warning: Parallel synthesis criteria is not met 
WARNING: [Synth 8-3330] design design_1_ENABLE_RAW_STREAM_0 has an empty top module
INFO: [Synth 8-3917] design design_1_ENABLE_RAW_STREAM_0 has port dout[0] driven by constant 1
---------------------------------------------------------------------------------
Finished Cross Boundary and Area Optimization : Time (s): cpu = 00:00:58 ; elapsed = 00:01:47 . Memory (MB): peak = 2310.832 ; gain = 738.238 ; free physical = 991 ; free virtual = 15680
---------------------------------------------------------------------------------

Report RTL Partitions: 
+-+--------------+------------+----------+
| |RTL Partition |Replication |Instances |
+-+--------------+------------+----------+
+-+--------------+------------+----------+
---------------------------------------------------------------------------------
Start Applying XDC Timing Constraints
---------------------------------------------------------------------------------
---------------------------------------------------------------------------------
Finished Applying XDC Timing Constraints : Time (s): cpu = 00:01:42 ; elapsed = 00:03:28 . Memory (MB): peak = 2695.809 ; gain = 1123.215 ; free physical = 138 ; free virtual = 10569
---------------------------------------------------------------------------------
---------------------------------------------------------------------------------
Start Timing Optimization
---------------------------------------------------------------------------------
---------------------------------------------------------------------------------
Finished Timing Optimization : Time (s): cpu = 00:01:42 ; elapsed = 00:03:28 . Memory (MB): peak = 2695.809 ; gain = 1123.215 ; free physical = 128 ; free virtual = 10566
---------------------------------------------------------------------------------

Report RTL Partitions: 
+-+--------------+------------+----------+
| |RTL Partition |Replication |Instances |
+-+--------------+------------+----------+
+-+--------------+------------+----------+
---------------------------------------------------------------------------------
Start Technology Mapping
---------------------------------------------------------------------------------
---------------------------------------------------------------------------------
Finished Technology Mapping : Time (s): cpu = 00:01:42 ; elapsed = 00:03:31 . Memory (MB): peak = 2695.809 ; gain = 1123.215 ; free physical = 118 ; free virtual = 10408
---------------------------------------------------------------------------------

Report RTL Partitions: 
+-+--------------+------------+----------+
| |RTL Partition |Replication |Instances |
+-+--------------+------------+----------+
+-+--------------+------------+----------+
---------------------------------------------------------------------------------
Start IO Insertion
---------------------------------------------------------------------------------
---------------------------------------------------------------------------------
Start Flattening Before IO Insertion
---------------------------------------------------------------------------------
---------------------------------------------------------------------------------
Finished Flattening Before IO Insertion
---------------------------------------------------------------------------------
---------------------------------------------------------------------------------
Start Final Netlist Cleanup
---------------------------------------------------------------------------------
---------------------------------------------------------------------------------
Finished Final Netlist Cleanup
---------------------------------------------------------------------------------
---------------------------------------------------------------------------------
Finished IO Insertion : Time (s): cpu = 00:01:43 ; elapsed = 00:03:36 . Memory (MB): peak = 2695.809 ; gain = 1123.215 ; free physical = 124 ; free virtual = 10060
---------------------------------------------------------------------------------

Report Check Netlist: 
+------+------------------+-------+---------+-------+------------------+
|      |Item              |Errors |Warnings |Status |Description       |
+------+------------------+-------+---------+-------+------------------+
|1     |multi_driven_nets |      0|        0|Passed |Multi driven nets |
+------+------------------+-------+---------+-------+------------------+
---------------------------------------------------------------------------------
Start Renaming Generated Instances
---------------------------------------------------------------------------------
---------------------------------------------------------------------------------
Finished Renaming Generated Instances : Time (s): cpu = 00:01:43 ; elapsed = 00:03:36 . Memory (MB): peak = 2695.809 ; gain = 1123.215 ; free physical = 122 ; free virtual = 10059
---------------------------------------------------------------------------------

Report RTL Partitions: 
+-+--------------+------------+----------+
| |RTL Partition |Replication |Instances |
+-+--------------+------------+----------+
+-+--------------+------------+----------+
---------------------------------------------------------------------------------
Start Rebuilding User Hierarchy
---------------------------------------------------------------------------------
---------------------------------------------------------------------------------
Finished Rebuilding User Hierarchy : Time (s): cpu = 00:01:43 ; elapsed = 00:03:36 . Memory (MB): peak = 2695.809 ; gain = 1123.215 ; free physical = 123 ; free virtual = 10062
---------------------------------------------------------------------------------
---------------------------------------------------------------------------------
Start Renaming Generated Ports
---------------------------------------------------------------------------------
---------------------------------------------------------------------------------
Finished Renaming Generated Ports : Time (s): cpu = 00:01:43 ; elapsed = 00:03:36 . Memory (MB): peak = 2695.809 ; gain = 1123.215 ; free physical = 122 ; free virtual = 10061
---------------------------------------------------------------------------------
---------------------------------------------------------------------------------
Start Handling Custom Attributes
---------------------------------------------------------------------------------
---------------------------------------------------------------------------------
Finished Handling Custom Attributes : Time (s): cpu = 00:01:43 ; elapsed = 00:03:36 . Memory (MB): peak = 2695.809 ; gain = 1123.215 ; free physical = 121 ; free virtual = 10061
---------------------------------------------------------------------------------
---------------------------------------------------------------------------------
Start Renaming Generated Nets
---------------------------------------------------------------------------------
---------------------------------------------------------------------------------
Finished Renaming Generated Nets : Time (s): cpu = 00:01:43 ; elapsed = 00:03:36 . Memory (MB): peak = 2695.809 ; gain = 1123.215 ; free physical = 121 ; free virtual = 10061
---------------------------------------------------------------------------------
---------------------------------------------------------------------------------
Start Writing Synthesis Report
---------------------------------------------------------------------------------

Report BlackBoxes: 
+-+--------------+----------+
| |BlackBox name |Instances |
+-+--------------+----------+
+-+--------------+----------+

Report Cell Usage: 
+-+-----+------+
| |Cell |Count |
+-+-----+------+
+-+-----+------+

Report Instance Areas: 
+------+---------+-------+------+
|      |Instance |Module |Cells |
+------+---------+-------+------+
|1     |top      |       |     0|
+------+---------+-------+------+
---------------------------------------------------------------------------------
Finished Writing Synthesis Report : Time (s): cpu = 00:01:43 ; elapsed = 00:03:36 . Memory (MB): peak = 2695.809 ; gain = 1123.215 ; free physical = 121 ; free virtual = 10062
---------------------------------------------------------------------------------
Synthesis finished with 0 errors, 0 critical warnings and 1 warnings.
Synthesis Optimization Runtime : Time (s): cpu = 00:01:20 ; elapsed = 00:02:30 . Memory (MB): peak = 2696.809 ; gain = 385.977 ; free physical = 120 ; free virtual = 10048
Synthesis Optimization Complete : Time (s): cpu = 00:01:43 ; elapsed = 00:03:38 . Memory (MB): peak = 2696.816 ; gain = 1124.215 ; free physical = 117 ; free virtual = 10047
INFO: [Project 1-571] Translating synthesized netlist
INFO: [Project 1-570] Preparing netlist for logic optimization
INFO: [Opt 31-138] Pushed 0 inverter(s) to 0 load pin(s).
INFO: [Project 1-111] Unisim Transformation Summary:
No Unisim elements were transformed.

INFO: [Common 17-83] Releasing license: Synthesis
14 Infos, 1 Warnings, 0 Critical Warnings and 0 Errors encountered.
synth_design completed successfully
synth_design: Time (s): cpu = 00:01:45 ; elapsed = 00:03:45 . Memory (MB): peak = 2729.996 ; gain = 1165.406 ; free physical = 124 ; free virtual = 10009
INFO: [Common 17-1381] The checkpoint '/media/kidre/Dati/GIT_TEST/bare-metalProva/myproj/project_1.runs/design_1_ENABLE_RAW_STREAM_0_synth_1/design_1_ENABLE_RAW_STREAM_0.dcp' has been generated.
INFO: [Coretcl 2-1482] Added synthesis output to IP cache for IP /media/kidre/Dati/GIT_TEST/bare-metalProva/myproj/project_1.srcs/sources_1/bd/design_1/ip/design_1_ENABLE_RAW_STREAM_0/design_1_ENABLE_RAW_STREAM_0.xci
INFO: [Common 17-1381] The checkpoint '/media/kidre/Dati/GIT_TEST/bare-metalProva/myproj/project_1.runs/design_1_ENABLE_RAW_STREAM_0_synth_1/design_1_ENABLE_RAW_STREAM_0.dcp' has been generated.
INFO: [runtcl-4] Executing : report_utilization -file design_1_ENABLE_RAW_STREAM_0_utilization_synth.rpt -pb design_1_ENABLE_RAW_STREAM_0_utilization_synth.pb
report_utilization: Time (s): cpu = 00:00:00.14 ; elapsed = 00:00:00.24 . Memory (MB): peak = 2729.996 ; gain = 0.000 ; free physical = 155 ; free virtual = 10107
INFO: [Common 17-206] Exiting Vivado at Sun Jul  5 15:07:04 2020...
