
****** Vivado(TM) HLS - High-Level Synthesis from C, C++ and SystemC v2018.1 (64-bit)
  **** SW Build 2188600 on Wed Apr  4 18:39:19 MDT 2018
  **** IP Build 2185939 on Wed Apr  4 20:55:05 MDT 2018
    ** Copyright 1986-2018 Xilinx, Inc. All Rights Reserved.

source /opt/Xilinx/Vivado/2018.1/scripts/vivado_hls/hls.tcl -notrace
INFO: [HLS 200-10] Running '/opt/Xilinx/Vivado/2018.1/bin/unwrapped/lnx64.o/vivado_hls'
INFO: [HLS 200-10] For user 'kidre' on host 'kidre-N551JX' (Linux_x86_64 version 4.15.0-106-generic) on Wed Jul 01 18:29:58 CEST 2020
INFO: [HLS 200-10] On os Ubuntu 16.04.6 LTS
INFO: [HLS 200-10] In directory '/home/kidre/Documenti/Uni/Tesi/Git_project/SmartCamera/HLS_COMMON'
couldn't read file "VIDEO_STREAM_MUX/": illegal operation on a directory
    while executing
"source VIDEO_STREAM_MUX/"
    invoked from within
"hls::main VIDEO_STREAM_MUX/"
    ("uplevel" body line 1)
    invoked from within
"uplevel 1 hls::main {*}$args"
    (procedure "hls_proc" line 5)
    invoked from within
"hls_proc $argv"
INFO: [Common 17-206] Exiting vivado_hls at Wed Jul  1 18:29:58 2020...
