#
# An unexpected error has occurred (11)
#
Stack:
/lib/x86_64-linux-gnu/libc.so.6(+0x3efd0) [0x7f555ff09fd0]
/tools/Xilinx/Vivado/2018.3/lib/lnx64.o/libLLVM-3.1.so(llvm::PointerType::get(llvm::Type*, unsigned int)+0x14) [0x7f5549873c24]
/tools/Xilinx/Vivado/2018.3/lib/lnx64.o/libhls_hwsyn.so(llvm::Instruction* pass::InterfacePreproc::generateAddress<llvm::Instruction>(llvm::Value*, llvm::Value*, llvm::Instruction*)+0x577) [0x7f55484b1267]
/tools/Xilinx/Vivado/2018.3/lib/lnx64.o/libhls_hwsyn.so(pass::InterfacePreproc::replaceMemcpyWithPipelineLoop(llvm::CallInst*, bool, unsigned int, llvm::Value*, llvm::Value*, std::vector<llvm::Value*, std::allocator<llvm::Value*> >&, std::vector<llvm::Value*, std::allocator<llvm::Value*> >&)+0x987) [0x7f55484a0b87]
/tools/Xilinx/Vivado/2018.3/lib/lnx64.o/libhls_hwsyn.so(pass::InterfacePreproc::replaceMemcpyWithLoopTransfer(llvm::CallInst*)+0x11bd) [0x7f55484ae19d]
/tools/Xilinx/Vivado/2018.3/lib/lnx64.o/libhls_hwsyn.so(pass::InterfacePreproc::preprocInterfaceCalls(llvm::Function&)+0x174) [0x7f55484ae684]
/tools/Xilinx/Vivado/2018.3/lib/lnx64.o/libhls_hwsyn.so(pass::InterfacePreproc::runOnModule(llvm::Module&)+0x60d) [0x7f55484afe9d]
/tools/Xilinx/Vivado/2018.3/lib/lnx64.o/libLLVM-3.1.so(llvm::MPPassManager::runOnModule(llvm::Module&)+0x182) [0x7f554986d682]
/tools/Xilinx/Vivado/2018.3/lib/lnx64.o/libLLVM-3.1.so(llvm::PassManagerImpl::run(llvm::Module&)+0xac) [0x7f554986d83c]
/tools/Xilinx/Vivado/2018.3/lib/lnx64.o/libhls_main.so(+0xe041d) [0x7f554a9ff41d]
/tools/Xilinx/Vivado/2018.3/lib/lnx64.o/libhls_support.so(xpcl::TclCommand::callback(int, Tcl_Obj* const*)+0x675) [0x7f554a6e80e5]
/tools/Xilinx/Vivado/2018.3/lib/lnx64.o/libhls_support.so(+0x7629b) [0x7f554a6e829b]
/tools/Xilinx/Vivado/2018.3/lib/lnx64.o/libtcl8.5.so(+0x334af) [0x7f555b7314af]
/tools/Xilinx/Vivado/2018.3/lib/lnx64.o/libtcl8.5.so(+0x76875) [0x7f555b774875]
/tools/Xilinx/Vivado/2018.3/lib/lnx64.o/libtcl8.5.so(+0x7e029) [0x7f555b77c029]
/tools/Xilinx/Vivado/2018.3/lib/lnx64.o/libtcl8.5.so(TclEvalObjEx+0x76) [0x7f555b733156]
/tools/Xilinx/Vivado/2018.3/lib/lnx64.o/librdi_commontasks.so(+0x1d9887) [0x7f55509cf887]
/tools/Xilinx/Vivado/2018.3/lib/lnx64.o/libtcl8.5.so(+0x334af) [0x7f555b7314af]
/tools/Xilinx/Vivado/2018.3/lib/lnx64.o/libtcl8.5.so(+0x76875) [0x7f555b774875]
/tools/Xilinx/Vivado/2018.3/lib/lnx64.o/libtcl8.5.so(TclObjInterpProcCore+0x420) [0x7f555b7b5df0]
/tools/Xilinx/Vivado/2018.3/lib/lnx64.o/libtcl8.5.so(+0x334af) [0x7f555b7314af]
/tools/Xilinx/Vivado/2018.3/lib/lnx64.o/libtcl8.5.so(+0x76875) [0x7f555b774875]
/tools/Xilinx/Vivado/2018.3/lib/lnx64.o/libtcl8.5.so(+0x7e029) [0x7f555b77c029]
/tools/Xilinx/Vivado/2018.3/lib/lnx64.o/libtcl8.5.so(TclEvalObjEx+0x76) [0x7f555b733156]
/tools/Xilinx/Vivado/2018.3/lib/lnx64.o/librdi_commontasks.so(+0x1d9887) [0x7f55509cf887]
/tools/Xilinx/Vivado/2018.3/lib/lnx64.o/libtcl8.5.so(+0x334af) [0x7f555b7314af]
/tools/Xilinx/Vivado/2018.3/lib/lnx64.o/libtcl8.5.so(+0x76875) [0x7f555b774875]
/tools/Xilinx/Vivado/2018.3/lib/lnx64.o/libtcl8.5.so(TclObjInterpProcCore+0x420) [0x7f555b7b5df0]
/tools/Xilinx/Vivado/2018.3/lib/lnx64.o/libtcl8.5.so(+0x334af) [0x7f555b7314af]
/tools/Xilinx/Vivado/2018.3/lib/lnx64.o/libtcl8.5.so(+0x76875) [0x7f555b774875]
/tools/Xilinx/Vivado/2018.3/lib/lnx64.o/libtcl8.5.so(TclObjInterpProcCore+0x420) [0x7f555b7b5df0]
/tools/Xilinx/Vivado/2018.3/lib/lnx64.o/libtcl8.5.so(+0x334af) [0x7f555b7314af]
/tools/Xilinx/Vivado/2018.3/lib/lnx64.o/libtcl8.5.so(+0x76875) [0x7f555b774875]
/tools/Xilinx/Vivado/2018.3/lib/lnx64.o/libtcl8.5.so(+0x7e029) [0x7f555b77c029]
/tools/Xilinx/Vivado/2018.3/lib/lnx64.o/libtcl8.5.so(TclEvalObjEx+0x76) [0x7f555b733156]
/tools/Xilinx/Vivado/2018.3/lib/lnx64.o/librdi_commontasks.so(+0x1d9887) [0x7f55509cf887]
/tools/Xilinx/Vivado/2018.3/lib/lnx64.o/libtcl8.5.so(+0x334af) [0x7f555b7314af]
/tools/Xilinx/Vivado/2018.3/lib/lnx64.o/libtcl8.5.so(+0x76875) [0x7f555b774875]
/tools/Xilinx/Vivado/2018.3/lib/lnx64.o/libtcl8.5.so(Tcl_ExprObj+0xf8) [0x7f555b77bc08]
/tools/Xilinx/Vivado/2018.3/lib/lnx64.o/libtcl8.5.so(Tcl_ExprBooleanObj+0x16) [0x7f555b731e96]
/tools/Xilinx/Vivado/2018.3/lib/lnx64.o/libtcl8.5.so(+0x3e6de) [0x7f555b73c6de]
/tools/Xilinx/Vivado/2018.3/lib/lnx64.o/libtcl8.5.so(+0x334af) [0x7f555b7314af]
/tools/Xilinx/Vivado/2018.3/lib/lnx64.o/libtcl8.5.so(+0x34b38) [0x7f555b732b38]
/tools/Xilinx/Vivado/2018.3/lib/lnx64.o/libtcl8.5.so(Tcl_EvalEx+0x13) [0x7f555b7330a3]
/tools/Xilinx/Vivado/2018.3/lib/lnx64.o/libtcl8.5.so(Tcl_Eval+0x15) [0x7f555b7330c5]
/tools/Xilinx/Vivado/2018.3/lib/lnx64.o/libhls_main.so(+0x9ed62) [0x7f554a9bdd62]
/tools/Xilinx/Vivado/2018.3/lib/lnx64.o/libhls_support.so(xpcl::TclCommand::callback(int, Tcl_Obj* const*)+0x39e) [0x7f554a6e7e0e]
/tools/Xilinx/Vivado/2018.3/lib/lnx64.o/libhls_support.so(+0x7629b) [0x7f554a6e829b]
/tools/Xilinx/Vivado/2018.3/lib/lnx64.o/libtcl8.5.so(+0x334af) [0x7f555b7314af]
/tools/Xilinx/Vivado/2018.3/lib/lnx64.o/libtcl8.5.so(+0x76875) [0x7f555b774875]
/tools/Xilinx/Vivado/2018.3/lib/lnx64.o/libtcl8.5.so(TclObjInterpProcCore+0x420) [0x7f555b7b5df0]
/tools/Xilinx/Vivado/2018.3/lib/lnx64.o/libtcl8.5.so(+0x334af) [0x7f555b7314af]
/tools/Xilinx/Vivado/2018.3/lib/lnx64.o/libtcl8.5.so(+0x76875) [0x7f555b774875]
/tools/Xilinx/Vivado/2018.3/lib/lnx64.o/libtcl8.5.so(+0x7e029) [0x7f555b77c029]
/tools/Xilinx/Vivado/2018.3/lib/lnx64.o/libtcl8.5.so(TclEvalObjEx+0x76) [0x7f555b733156]
/tools/Xilinx/Vivado/2018.3/lib/lnx64.o/librdi_commontasks.so(+0x1d9887) [0x7f55509cf887]
/tools/Xilinx/Vivado/2018.3/lib/lnx64.o/libtcl8.5.so(+0x334af) [0x7f555b7314af]
/tools/Xilinx/Vivado/2018.3/lib/lnx64.o/libtcl8.5.so(+0x76875) [0x7f555b774875]
/tools/Xilinx/Vivado/2018.3/lib/lnx64.o/libtcl8.5.so(Tcl_ExprObj+0xf8) [0x7f555b77bc08]
/tools/Xilinx/Vivado/2018.3/lib/lnx64.o/libtcl8.5.so(Tcl_ExprBooleanObj+0x16) [0x7f555b731e96]
/tools/Xilinx/Vivado/2018.3/lib/lnx64.o/libtcl8.5.so(+0x3e6de) [0x7f555b73c6de]
/tools/Xilinx/Vivado/2018.3/lib/lnx64.o/libtcl8.5.so(+0x334af) [0x7f555b7314af]
/tools/Xilinx/Vivado/2018.3/lib/lnx64.o/libtcl8.5.so(+0x34b38) [0x7f555b732b38]
/tools/Xilinx/Vivado/2018.3/lib/lnx64.o/libtcl8.5.so(Tcl_EvalEx+0x13) [0x7f555b7330a3]
/tools/Xilinx/Vivado/2018.3/lib/lnx64.o/libtcl8.5.so(Tcl_Eval+0x15) [0x7f555b7330c5]
/tools/Xilinx/Vivado/2018.3/lib/lnx64.o/libhls_main.so(+0x9ed62) [0x7f554a9bdd62]
/tools/Xilinx/Vivado/2018.3/lib/lnx64.o/libhls_support.so(xpcl::TclCommand::callback(int, Tcl_Obj* const*)+0x39e) [0x7f554a6e7e0e]
/tools/Xilinx/Vivado/2018.3/lib/lnx64.o/libhls_support.so(+0x7629b) [0x7f554a6e829b]
/tools/Xilinx/Vivado/2018.3/lib/lnx64.o/libtcl8.5.so(+0x334af) [0x7f555b7314af]
/tools/Xilinx/Vivado/2018.3/lib/lnx64.o/libtcl8.5.so(+0x76875) [0x7f555b774875]
/tools/Xilinx/Vivado/2018.3/lib/lnx64.o/libtcl8.5.so(TclObjInterpProcCore+0x420) [0x7f555b7b5df0]
/tools/Xilinx/Vivado/2018.3/lib/lnx64.o/libtcl8.5.so(+0x334af) [0x7f555b7314af]
/tools/Xilinx/Vivado/2018.3/lib/lnx64.o/libtcl8.5.so(+0x76875) [0x7f555b774875]
/tools/Xilinx/Vivado/2018.3/lib/lnx64.o/libtcl8.5.so(+0x7e029) [0x7f555b77c029]
/tools/Xilinx/Vivado/2018.3/lib/lnx64.o/libtcl8.5.so(TclEvalObjEx+0x76) [0x7f555b733156]
/tools/Xilinx/Vivado/2018.3/lib/lnx64.o/librdi_commontasks.so(+0x1d9887) [0x7f55509cf887]
/tools/Xilinx/Vivado/2018.3/lib/lnx64.o/libtcl8.5.so(+0x334af) [0x7f555b7314af]
/tools/Xilinx/Vivado/2018.3/lib/lnx64.o/libtcl8.5.so(+0x76875) [0x7f555b774875]
/tools/Xilinx/Vivado/2018.3/lib/lnx64.o/libtcl8.5.so(Tcl_ExprObj+0xf8) [0x7f555b77bc08]
/tools/Xilinx/Vivado/2018.3/lib/lnx64.o/libtcl8.5.so(Tcl_ExprBooleanObj+0x16) [0x7f555b731e96]
/tools/Xilinx/Vivado/2018.3/lib/lnx64.o/libtcl8.5.so(+0x3e6de) [0x7f555b73c6de]
/tools/Xilinx/Vivado/2018.3/lib/lnx64.o/libtcl8.5.so(+0x334af) [0x7f555b7314af]
/tools/Xilinx/Vivado/2018.3/lib/lnx64.o/libtcl8.5.so(+0x34b38) [0x7f555b732b38]
/tools/Xilinx/Vivado/2018.3/lib/lnx64.o/libtcl8.5.so(Tcl_EvalEx+0x13) [0x7f555b7330a3]
/tools/Xilinx/Vivado/2018.3/lib/lnx64.o/libtcl8.5.so(Tcl_Eval+0x15) [0x7f555b7330c5]
/tools/Xilinx/Vivado/2018.3/lib/lnx64.o/libhls_main.so(+0x9ed62) [0x7f554a9bdd62]
/tools/Xilinx/Vivado/2018.3/lib/lnx64.o/libhls_support.so(xpcl::TclCommand::callback(int, Tcl_Obj* const*)+0x39e) [0x7f554a6e7e0e]
/tools/Xilinx/Vivado/2018.3/lib/lnx64.o/libhls_support.so(+0x7629b) [0x7f554a6e829b]
/tools/Xilinx/Vivado/2018.3/lib/lnx64.o/libtcl8.5.so(+0x334af) [0x7f555b7314af]
/tools/Xilinx/Vivado/2018.3/lib/lnx64.o/libtcl8.5.so(+0x34b38) [0x7f555b732b38]
/tools/Xilinx/Vivado/2018.3/lib/lnx64.o/libtcl8.5.so(Tcl_EvalEx+0x13) [0x7f555b7330a3]
/tools/Xilinx/Vivado/2018.3/lib/lnx64.o/libtcl8.5.so(Tcl_FSEvalFileEx+0x1da) [0x7f555b797c5a]
/tools/Xilinx/Vivado/2018.3/lib/lnx64.o/libhls_main.so(ApSourceTclFile(std::__cxx11::basic_string<char, std::char_traits<char>, std::allocator<char> > const&, char const*)+0x77) [0x7f554a9b2d07]
/tools/Xilinx/Vivado/2018.3/lib/lnx64.o/libhls_main.so(+0x99049) [0x7f554a9b8049]
/tools/Xilinx/Vivado/2018.3/lib/lnx64.o/libhls_support.so(xpcl::TclCommand::callback(int, Tcl_Obj* const*)+0x39e) [0x7f554a6e7e0e]
/tools/Xilinx/Vivado/2018.3/lib/lnx64.o/libhls_support.so(+0x7629b) [0x7f554a6e829b]
/tools/Xilinx/Vivado/2018.3/lib/lnx64.o/libtcl8.5.so(+0x334af) [0x7f555b7314af]
/tools/Xilinx/Vivado/2018.3/lib/lnx64.o/libtcl8.5.so(Tcl_EvalObjv+0x32) [0x7f555b7315e2]
/tools/Xilinx/Vivado/2018.3/lib/lnx64.o/libtcl8.5.so(TclEvalObjEx+0x322) [0x7f555b733402]
/tools/Xilinx/Vivado/2018.3/lib/lnx64.o/librdi_hlstasks.so(+0xda5a) [0x7f5553279a5a]
/tools/Xilinx/Vivado/2018.3/lib/lnx64.o/librdi_common.so(+0x7ef352) [0x7f556124c352]
/tools/Xilinx/Vivado/2018.3/lib/lnx64.o/libtcl8.5.so(+0x334af) [0x7f555b7314af]
/tools/Xilinx/Vivado/2018.3/lib/lnx64.o/libtcl8.5.so(+0x34b38) [0x7f555b732b38]
/tools/Xilinx/Vivado/2018.3/lib/lnx64.o/libtcl8.5.so(Tcl_EvalEx+0x13) [0x7f555b7330a3]
/tools/Xilinx/Vivado/2018.3/lib/lnx64.o/libtcl8.5.so(TclEvalObjEx+0x3cf) [0x7f555b7334af]
/tools/Xilinx/Vivado/2018.3/lib/lnx64.o/libtcl8.5.so(+0xb74a9) [0x7f555b7b54a9]
/tools/Xilinx/Vivado/2018.3/lib/lnx64.o/libtcl8.5.so(+0x334af) [0x7f555b7314af]
/tools/Xilinx/Vivado/2018.3/lib/lnx64.o/libtcl8.5.so(+0x76875) [0x7f555b774875]
/tools/Xilinx/Vivado/2018.3/lib/lnx64.o/libtcl8.5.so(TclObjInterpProcCore+0x420) [0x7f555b7b5df0]
/tools/Xilinx/Vivado/2018.3/lib/lnx64.o/libtcl8.5.so(+0x334af) [0x7f555b7314af]
/tools/Xilinx/Vivado/2018.3/lib/lnx64.o/libtcl8.5.so(+0x76875) [0x7f555b774875]
/tools/Xilinx/Vivado/2018.3/lib/lnx64.o/libtcl8.5.so(+0x7e029) [0x7f555b77c029]
/tools/Xilinx/Vivado/2018.3/lib/lnx64.o/libtcl8.5.so(TclEvalObjEx+0x76) [0x7f555b733156]
/tools/Xilinx/Vivado/2018.3/lib/lnx64.o/librdi_commontasks.so(+0x1d9924) [0x7f55509cf924]
/tools/Xilinx/Vivado/2018.3/lib/lnx64.o/libtcl8.5.so(+0x334af) [0x7f555b7314af]
/tools/Xilinx/Vivado/2018.3/lib/lnx64.o/libtcl8.5.so(+0x34b38) [0x7f555b732b38]
/tools/Xilinx/Vivado/2018.3/lib/lnx64.o/libtcl8.5.so(+0xad486) [0x7f555b7ab486]
/tools/Xilinx/Vivado/2018.3/lib/lnx64.o/libtcl8.5.so(+0x346c5) [0x7f555b7326c5]
/tools/Xilinx/Vivado/2018.3/lib/lnx64.o/libtcl8.5.so(Tcl_EvalEx+0x13) [0x7f555b7330a3]
/tools/Xilinx/Vivado/2018.3/lib/lnx64.o/libtcl8.5.so(Tcl_FSEvalFileEx+0x1da) [0x7f555b797c5a]
/tools/Xilinx/Vivado/2018.3/lib/lnx64.o/librdi_commontasks.so(+0x1f6abd) [0x7f55509ecabd]
/tools/Xilinx/Vivado/2018.3/lib/lnx64.o/librdi_common.so(+0x7ef352) [0x7f556124c352]
/tools/Xilinx/Vivado/2018.3/lib/lnx64.o/libtcl8.5.so(+0x334af) [0x7f555b7314af]
/tools/Xilinx/Vivado/2018.3/lib/lnx64.o/libtcl8.5.so(Tcl_EvalObjv+0x32) [0x7f555b7315e2]
/tools/Xilinx/Vivado/2018.3/lib/lnx64.o/libtcl8.5.so(TclEvalObjEx+0x322) [0x7f555b733402]
/tools/Xilinx/Vivado/2018.3/lib/lnx64.o/librdi_commontasks.so(+0x2280ff) [0x7f5550a1e0ff]
/tools/Xilinx/Vivado/2018.3/lib/lnx64.o/librdi_commontasks.so(+0x2297ce) [0x7f5550a1f7ce]
/tools/Xilinx/Vivado/2018.3/lib/lnx64.o/librdi_common.so(+0x7ef352) [0x7f556124c352]
/tools/Xilinx/Vivado/2018.3/lib/lnx64.o/libtcl8.5.so(+0x334af) [0x7f555b7314af]
/tools/Xilinx/Vivado/2018.3/lib/lnx64.o/libtcl8.5.so(Tcl_EvalObjv+0x32) [0x7f555b7315e2]
/tools/Xilinx/Vivado/2018.3/lib/lnx64.o/libtcl8.5.so(TclEvalObjEx+0x322) [0x7f555b733402]
/tools/Xilinx/Vivado/2018.3/lib/lnx64.o/librdi_commonmain.so(+0x7414) [0x7f5560859414]
/tools/Xilinx/Vivado/2018.3/lib/lnx64.o/libtcl8.5.so(Tcl_Main+0x1d0) [0x7f555b79e210]
/tools/Xilinx/Vivado/2018.3/lib/lnx64.o/librdi_common.so(+0x83363b) [0x7f556129063b]
/lib/x86_64-linux-gnu/libpthread.so.0(+0x76db) [0x7f55596bc6db]
/lib/x86_64-linux-gnu/libc.so.6(clone+0x3f) [0x7f555ffeca3f]
