
*** Running vivado
    with args -log design_1_clk_gen_25M_24M_0.vds -m64 -product Vivado -mode batch -messageDb vivado.pb -notrace -source design_1_clk_gen_25M_24M_0.tcl


****** Vivado v2018.1 (64-bit)
  **** SW Build 2188600 on Wed Apr  4 18:39:19 MDT 2018
  **** IP Build 2185939 on Wed Apr  4 20:55:05 MDT 2018
    ** Copyright 1986-2018 Xilinx, Inc. All Rights Reserved.

source design_1_clk_gen_25M_24M_0.tcl -notrace
Command: synth_design -top design_1_clk_gen_25M_24M_0 -part xczu3eg-sbva484-1-e -mode out_of_context
Starting synth_design
Attempting to get a license for feature 'Synthesis' and/or device 'xczu3eg'
INFO: [Common 17-349] Got license for feature 'Synthesis' and/or device 'xczu3eg'
INFO: Launching helper process for spawning children vivado processes
INFO: Helper process launched with PID 6840 
---------------------------------------------------------------------------------
Starting RTL Elaboration : Time (s): cpu = 00:00:17 ; elapsed = 00:00:19 . Memory (MB): peak = 1572.586 ; gain = 0.000 ; free physical = 1557 ; free virtual = 19639
---------------------------------------------------------------------------------
INFO: [Synth 8-6157] synthesizing module 'design_1_clk_gen_25M_24M_0' [/media/kidre/Dati/GIT_TEST/bare-metalProva/myproj/project_1.srcs/sources_1/bd/design_1/ip/design_1_clk_gen_25M_24M_0/design_1_clk_gen_25M_24M_0.v:71]
INFO: [Synth 8-6157] synthesizing module 'design_1_clk_gen_25M_24M_0_clk_wiz' [/media/kidre/Dati/GIT_TEST/bare-metalProva/myproj/project_1.srcs/sources_1/bd/design_1/ip/design_1_clk_gen_25M_24M_0/design_1_clk_gen_25M_24M_0_clk_wiz.v:69]
INFO: [Synth 8-6157] synthesizing module 'IBUF' [/opt/Xilinx/Vivado/2018.1/scripts/rt/data/unisim_comp.v:19472]
	Parameter CAPACITANCE bound to: DONT_CARE - type: string 
	Parameter IBUF_DELAY_VALUE bound to: 0 - type: string 
	Parameter IBUF_LOW_PWR bound to: TRUE - type: string 
	Parameter IFD_DELAY_VALUE bound to: AUTO - type: string 
	Parameter IOSTANDARD bound to: DEFAULT - type: string 
INFO: [Synth 8-6155] done synthesizing module 'IBUF' (1#1) [/opt/Xilinx/Vivado/2018.1/scripts/rt/data/unisim_comp.v:19472]
INFO: [Synth 8-6157] synthesizing module 'MMCME4_ADV' [/opt/Xilinx/Vivado/2018.1/scripts/rt/data/unisim_comp.v:26154]
	Parameter BANDWIDTH bound to: OPTIMIZED - type: string 
	Parameter CLKFBOUT_MULT_F bound to: 53.750000 - type: float 
	Parameter CLKFBOUT_PHASE bound to: 0.000000 - type: float 
	Parameter CLKFBOUT_USE_FINE_PS bound to: FALSE - type: string 
	Parameter CLKIN1_PERIOD bound to: 40.000000 - type: float 
	Parameter CLKIN2_PERIOD bound to: 0.000000 - type: float 
	Parameter CLKOUT0_DIVIDE_F bound to: 53.375000 - type: float 
	Parameter CLKOUT0_DUTY_CYCLE bound to: 0.500000 - type: float 
	Parameter CLKOUT0_PHASE bound to: 0.000000 - type: float 
	Parameter CLKOUT0_USE_FINE_PS bound to: FALSE - type: string 
	Parameter CLKOUT1_DIVIDE bound to: 56 - type: integer 
	Parameter CLKOUT1_DUTY_CYCLE bound to: 0.500000 - type: float 
	Parameter CLKOUT1_PHASE bound to: 0.000000 - type: float 
	Parameter CLKOUT1_USE_FINE_PS bound to: FALSE - type: string 
	Parameter CLKOUT2_DIVIDE bound to: 1 - type: integer 
	Parameter CLKOUT2_DUTY_CYCLE bound to: 0.500000 - type: float 
	Parameter CLKOUT2_PHASE bound to: 0.000000 - type: float 
	Parameter CLKOUT2_USE_FINE_PS bound to: FALSE - type: string 
	Parameter CLKOUT3_DIVIDE bound to: 1 - type: integer 
	Parameter CLKOUT3_DUTY_CYCLE bound to: 0.500000 - type: float 
	Parameter CLKOUT3_PHASE bound to: 0.000000 - type: float 
	Parameter CLKOUT3_USE_FINE_PS bound to: FALSE - type: string 
	Parameter CLKOUT4_CASCADE bound to: FALSE - type: string 
	Parameter CLKOUT4_DIVIDE bound to: 1 - type: integer 
	Parameter CLKOUT4_DUTY_CYCLE bound to: 0.500000 - type: float 
	Parameter CLKOUT4_PHASE bound to: 0.000000 - type: float 
	Parameter CLKOUT4_USE_FINE_PS bound to: FALSE - type: string 
	Parameter CLKOUT5_DIVIDE bound to: 1 - type: integer 
	Parameter CLKOUT5_DUTY_CYCLE bound to: 0.500000 - type: float 
	Parameter CLKOUT5_PHASE bound to: 0.000000 - type: float 
	Parameter CLKOUT5_USE_FINE_PS bound to: FALSE - type: string 
	Parameter CLKOUT6_DIVIDE bound to: 1 - type: integer 
	Parameter CLKOUT6_DUTY_CYCLE bound to: 0.500000 - type: float 
	Parameter CLKOUT6_PHASE bound to: 0.000000 - type: float 
	Parameter CLKOUT6_USE_FINE_PS bound to: FALSE - type: string 
	Parameter COMPENSATION bound to: AUTO - type: string 
	Parameter DIVCLK_DIVIDE bound to: 1 - type: integer 
	Parameter IS_CLKFBIN_INVERTED bound to: 1'b0 
	Parameter IS_CLKIN1_INVERTED bound to: 1'b0 
	Parameter IS_CLKIN2_INVERTED bound to: 1'b0 
	Parameter IS_CLKINSEL_INVERTED bound to: 1'b0 
	Parameter IS_PSEN_INVERTED bound to: 1'b0 
	Parameter IS_PSINCDEC_INVERTED bound to: 1'b0 
	Parameter IS_PWRDWN_INVERTED bound to: 1'b0 
	Parameter IS_RST_INVERTED bound to: 1'b0 
	Parameter REF_JITTER1 bound to: 0.010000 - type: float 
	Parameter REF_JITTER2 bound to: 0.010000 - type: float 
	Parameter SS_EN bound to: FALSE - type: string 
	Parameter SS_MODE bound to: CENTER_HIGH - type: string 
	Parameter SS_MOD_PERIOD bound to: 10000 - type: integer 
	Parameter STARTUP_WAIT bound to: FALSE - type: string 
INFO: [Synth 8-6155] done synthesizing module 'MMCME4_ADV' (2#1) [/opt/Xilinx/Vivado/2018.1/scripts/rt/data/unisim_comp.v:26154]
INFO: [Synth 8-6157] synthesizing module 'BUFG' [/opt/Xilinx/Vivado/2018.1/scripts/rt/data/unisim_comp.v:609]
INFO: [Synth 8-6155] done synthesizing module 'BUFG' (3#1) [/opt/Xilinx/Vivado/2018.1/scripts/rt/data/unisim_comp.v:609]
INFO: [Synth 8-6155] done synthesizing module 'design_1_clk_gen_25M_24M_0_clk_wiz' (4#1) [/media/kidre/Dati/GIT_TEST/bare-metalProva/myproj/project_1.srcs/sources_1/bd/design_1/ip/design_1_clk_gen_25M_24M_0/design_1_clk_gen_25M_24M_0_clk_wiz.v:69]
INFO: [Synth 8-6155] done synthesizing module 'design_1_clk_gen_25M_24M_0' (5#1) [/media/kidre/Dati/GIT_TEST/bare-metalProva/myproj/project_1.srcs/sources_1/bd/design_1/ip/design_1_clk_gen_25M_24M_0/design_1_clk_gen_25M_24M_0.v:71]
---------------------------------------------------------------------------------
Finished RTL Elaboration : Time (s): cpu = 00:00:19 ; elapsed = 00:00:21 . Memory (MB): peak = 1572.586 ; gain = 0.000 ; free physical = 1416 ; free virtual = 19518
---------------------------------------------------------------------------------

Report Check Netlist: 
+------+------------------+-------+---------+-------+------------------+
|      |Item              |Errors |Warnings |Status |Description       |
+------+------------------+-------+---------+-------+------------------+
|1     |multi_driven_nets |      0|        0|Passed |Multi driven nets |
+------+------------------+-------+---------+-------+------------------+
---------------------------------------------------------------------------------
Start Handling Custom Attributes
---------------------------------------------------------------------------------
---------------------------------------------------------------------------------
Finished Handling Custom Attributes : Time (s): cpu = 00:00:19 ; elapsed = 00:00:21 . Memory (MB): peak = 1572.586 ; gain = 0.000 ; free physical = 1372 ; free virtual = 19476
---------------------------------------------------------------------------------
---------------------------------------------------------------------------------
Finished RTL Optimization Phase 1 : Time (s): cpu = 00:00:19 ; elapsed = 00:00:21 . Memory (MB): peak = 1572.586 ; gain = 0.000 ; free physical = 1372 ; free virtual = 19475
---------------------------------------------------------------------------------
INFO: [Netlist 29-17] Analyzing 5 Unisim elements for replacement
INFO: [Netlist 29-28] Unisim Transformation completed in 0 CPU seconds
INFO: [Device 21-403] Loading part xczu3eg-sbva484-1-e
INFO: [Project 1-570] Preparing netlist for logic optimization

Processing XDC Constraints
Initializing timing engine
Parsing XDC File [/media/kidre/Dati/GIT_TEST/bare-metalProva/myproj/project_1.srcs/sources_1/bd/design_1/ip/design_1_clk_gen_25M_24M_0/design_1_clk_gen_25M_24M_0_ooc.xdc] for cell 'inst'
Finished Parsing XDC File [/media/kidre/Dati/GIT_TEST/bare-metalProva/myproj/project_1.srcs/sources_1/bd/design_1/ip/design_1_clk_gen_25M_24M_0/design_1_clk_gen_25M_24M_0_ooc.xdc] for cell 'inst'
Parsing XDC File [/media/kidre/Dati/GIT_TEST/bare-metalProva/myproj/project_1.srcs/sources_1/bd/design_1/ip/design_1_clk_gen_25M_24M_0/design_1_clk_gen_25M_24M_0_board.xdc] for cell 'inst'
Finished Parsing XDC File [/media/kidre/Dati/GIT_TEST/bare-metalProva/myproj/project_1.srcs/sources_1/bd/design_1/ip/design_1_clk_gen_25M_24M_0/design_1_clk_gen_25M_24M_0_board.xdc] for cell 'inst'
Parsing XDC File [/media/kidre/Dati/GIT_TEST/bare-metalProva/myproj/project_1.srcs/sources_1/bd/design_1/ip/design_1_clk_gen_25M_24M_0/design_1_clk_gen_25M_24M_0.xdc] for cell 'inst'
Finished Parsing XDC File [/media/kidre/Dati/GIT_TEST/bare-metalProva/myproj/project_1.srcs/sources_1/bd/design_1/ip/design_1_clk_gen_25M_24M_0/design_1_clk_gen_25M_24M_0.xdc] for cell 'inst'
INFO: [Project 1-236] Implementation specific constraints were found while reading constraint file [/media/kidre/Dati/GIT_TEST/bare-metalProva/myproj/project_1.srcs/sources_1/bd/design_1/ip/design_1_clk_gen_25M_24M_0/design_1_clk_gen_25M_24M_0.xdc]. These constraints will be ignored for synthesis but will be used in implementation. Impacted constraints are listed in the file [.Xil/design_1_clk_gen_25M_24M_0_propImpl.xdc].
Resolution: To avoid this warning, move constraints listed in [.Xil/design_1_clk_gen_25M_24M_0_propImpl.xdc] to another XDC file and exclude this new file from synthesis with the used_in_synthesis property (File Properties dialog in GUI) and re-run elaboration/synthesis.
INFO: [Timing 38-2] Deriving generated clocks
Parsing XDC File [/media/kidre/Dati/GIT_TEST/bare-metalProva/myproj/project_1.runs/design_1_clk_gen_25M_24M_0_synth_1/dont_touch.xdc]
Finished Parsing XDC File [/media/kidre/Dati/GIT_TEST/bare-metalProva/myproj/project_1.runs/design_1_clk_gen_25M_24M_0_synth_1/dont_touch.xdc]
Completed Processing XDC Constraints

INFO: [Project 1-111] Unisim Transformation Summary:
  A total of 4 instances were transformed.
  BUFG => BUFGCE: 3 instances
  IBUF => IBUF (IBUFCTRL, INBUF): 1 instances

Constraint Validation Runtime : Time (s): cpu = 00:00:00.02 ; elapsed = 00:00:00.04 . Memory (MB): peak = 2307.824 ; gain = 0.000 ; free physical = 1108 ; free virtual = 15682
---------------------------------------------------------------------------------
Finished Constraint Validation : Time (s): cpu = 00:00:58 ; elapsed = 00:01:48 . Memory (MB): peak = 2307.824 ; gain = 735.238 ; free physical = 1013 ; free virtual = 15704
---------------------------------------------------------------------------------
---------------------------------------------------------------------------------
Start Loading Part and Timing Information
---------------------------------------------------------------------------------
Loading part: xczu3eg-sbva484-1-e
---------------------------------------------------------------------------------
Finished Loading Part and Timing Information : Time (s): cpu = 00:00:58 ; elapsed = 00:01:48 . Memory (MB): peak = 2307.824 ; gain = 735.238 ; free physical = 1013 ; free virtual = 15704
---------------------------------------------------------------------------------
---------------------------------------------------------------------------------
Start Applying 'set_property' XDC Constraints
---------------------------------------------------------------------------------
Applied set_property DONT_TOUCH = true for inst. (constraint file  /media/kidre/Dati/GIT_TEST/bare-metalProva/myproj/project_1.runs/design_1_clk_gen_25M_24M_0_synth_1/dont_touch.xdc, line 9).
---------------------------------------------------------------------------------
Finished applying 'set_property' XDC Constraints : Time (s): cpu = 00:00:58 ; elapsed = 00:01:48 . Memory (MB): peak = 2307.824 ; gain = 735.238 ; free physical = 1012 ; free virtual = 15704
---------------------------------------------------------------------------------
---------------------------------------------------------------------------------
Finished RTL Optimization Phase 2 : Time (s): cpu = 00:00:59 ; elapsed = 00:01:48 . Memory (MB): peak = 2307.824 ; gain = 735.238 ; free physical = 1001 ; free virtual = 15692
---------------------------------------------------------------------------------

Report RTL Partitions: 
+-+--------------+------------+----------+
| |RTL Partition |Replication |Instances |
+-+--------------+------------+----------+
+-+--------------+------------+----------+
---------------------------------------------------------------------------------
Start RTL Component Statistics 
---------------------------------------------------------------------------------
Detailed RTL Component Info : 
---------------------------------------------------------------------------------
Finished RTL Component Statistics 
---------------------------------------------------------------------------------
---------------------------------------------------------------------------------
Start RTL Hierarchical Component Statistics 
---------------------------------------------------------------------------------
Hierarchical RTL Component report 
---------------------------------------------------------------------------------
Finished RTL Hierarchical Component Statistics
---------------------------------------------------------------------------------
---------------------------------------------------------------------------------
Start Part Resource Summary
---------------------------------------------------------------------------------
Part Resources:
DSPs: 360 (col length:72)
BRAMs: 432 (col length: RAMB18 72 RAMB36 36)
---------------------------------------------------------------------------------
Finished Part Resource Summary
---------------------------------------------------------------------------------
---------------------------------------------------------------------------------
Start Cross Boundary and Area Optimization
---------------------------------------------------------------------------------
Warning: Parallel synthesis criteria is not met 
---------------------------------------------------------------------------------
Finished Cross Boundary and Area Optimization : Time (s): cpu = 00:00:59 ; elapsed = 00:01:49 . Memory (MB): peak = 2307.824 ; gain = 735.238 ; free physical = 979 ; free virtual = 15673
---------------------------------------------------------------------------------

Report RTL Partitions: 
+-+--------------+------------+----------+
| |RTL Partition |Replication |Instances |
+-+--------------+------------+----------+
+-+--------------+------------+----------+
---------------------------------------------------------------------------------
Start Applying XDC Timing Constraints
---------------------------------------------------------------------------------
---------------------------------------------------------------------------------
Finished Applying XDC Timing Constraints : Time (s): cpu = 00:01:44 ; elapsed = 00:03:31 . Memory (MB): peak = 2695.801 ; gain = 1123.215 ; free physical = 127 ; free virtual = 10428
---------------------------------------------------------------------------------
---------------------------------------------------------------------------------
Start Timing Optimization
---------------------------------------------------------------------------------
---------------------------------------------------------------------------------
Finished Timing Optimization : Time (s): cpu = 00:01:44 ; elapsed = 00:03:31 . Memory (MB): peak = 2696.801 ; gain = 1124.215 ; free physical = 122 ; free virtual = 10426
---------------------------------------------------------------------------------

Report RTL Partitions: 
+-+--------------+------------+----------+
| |RTL Partition |Replication |Instances |
+-+--------------+------------+----------+
+-+--------------+------------+----------+
---------------------------------------------------------------------------------
Start Technology Mapping
---------------------------------------------------------------------------------
---------------------------------------------------------------------------------
Finished Technology Mapping : Time (s): cpu = 00:01:44 ; elapsed = 00:03:31 . Memory (MB): peak = 2696.801 ; gain = 1124.215 ; free physical = 100 ; free virtual = 10243
---------------------------------------------------------------------------------

Report RTL Partitions: 
+-+--------------+------------+----------+
| |RTL Partition |Replication |Instances |
+-+--------------+------------+----------+
+-+--------------+------------+----------+
---------------------------------------------------------------------------------
Start IO Insertion
---------------------------------------------------------------------------------
---------------------------------------------------------------------------------
Start Flattening Before IO Insertion
---------------------------------------------------------------------------------
---------------------------------------------------------------------------------
Finished Flattening Before IO Insertion
---------------------------------------------------------------------------------
---------------------------------------------------------------------------------
Start Final Netlist Cleanup
---------------------------------------------------------------------------------
---------------------------------------------------------------------------------
Finished Final Netlist Cleanup
---------------------------------------------------------------------------------
---------------------------------------------------------------------------------
Finished IO Insertion : Time (s): cpu = 00:01:45 ; elapsed = 00:03:38 . Memory (MB): peak = 2696.801 ; gain = 1124.215 ; free physical = 124 ; free virtual = 10040
---------------------------------------------------------------------------------

Report Check Netlist: 
+------+------------------+-------+---------+-------+------------------+
|      |Item              |Errors |Warnings |Status |Description       |
+------+------------------+-------+---------+-------+------------------+
|1     |multi_driven_nets |      0|        0|Passed |Multi driven nets |
+------+------------------+-------+---------+-------+------------------+
---------------------------------------------------------------------------------
Start Renaming Generated Instances
---------------------------------------------------------------------------------
---------------------------------------------------------------------------------
Finished Renaming Generated Instances : Time (s): cpu = 00:01:45 ; elapsed = 00:03:38 . Memory (MB): peak = 2696.801 ; gain = 1124.215 ; free physical = 118 ; free virtual = 10037
---------------------------------------------------------------------------------

Report RTL Partitions: 
+-+--------------+------------+----------+
| |RTL Partition |Replication |Instances |
+-+--------------+------------+----------+
+-+--------------+------------+----------+
---------------------------------------------------------------------------------
Start Rebuilding User Hierarchy
---------------------------------------------------------------------------------
---------------------------------------------------------------------------------
Finished Rebuilding User Hierarchy : Time (s): cpu = 00:01:45 ; elapsed = 00:03:38 . Memory (MB): peak = 2696.801 ; gain = 1124.215 ; free physical = 120 ; free virtual = 10040
---------------------------------------------------------------------------------
---------------------------------------------------------------------------------
Start Renaming Generated Ports
---------------------------------------------------------------------------------
---------------------------------------------------------------------------------
Finished Renaming Generated Ports : Time (s): cpu = 00:01:45 ; elapsed = 00:03:38 . Memory (MB): peak = 2696.801 ; gain = 1124.215 ; free physical = 126 ; free virtual = 10046
---------------------------------------------------------------------------------
---------------------------------------------------------------------------------
Start Handling Custom Attributes
---------------------------------------------------------------------------------
---------------------------------------------------------------------------------
Finished Handling Custom Attributes : Time (s): cpu = 00:01:45 ; elapsed = 00:03:38 . Memory (MB): peak = 2696.801 ; gain = 1124.215 ; free physical = 125 ; free virtual = 10045
---------------------------------------------------------------------------------
---------------------------------------------------------------------------------
Start Renaming Generated Nets
---------------------------------------------------------------------------------
---------------------------------------------------------------------------------
Finished Renaming Generated Nets : Time (s): cpu = 00:01:45 ; elapsed = 00:03:38 . Memory (MB): peak = 2696.801 ; gain = 1124.215 ; free physical = 125 ; free virtual = 10045
---------------------------------------------------------------------------------
---------------------------------------------------------------------------------
Start Writing Synthesis Report
---------------------------------------------------------------------------------

Report BlackBoxes: 
+-+--------------+----------+
| |BlackBox name |Instances |
+-+--------------+----------+
+-+--------------+----------+

Report Cell Usage: 
+------+-----------+------+
|      |Cell       |Count |
+------+-----------+------+
|1     |BUFG       |     3|
|2     |MMCME4_ADV |     1|
|3     |IBUF       |     1|
+------+-----------+------+

Report Instance Areas: 
+------+---------+-----------------------------------+------+
|      |Instance |Module                             |Cells |
+------+---------+-----------------------------------+------+
|1     |top      |                                   |     5|
|2     |  inst   |design_1_clk_gen_25M_24M_0_clk_wiz |     5|
+------+---------+-----------------------------------+------+
---------------------------------------------------------------------------------
Finished Writing Synthesis Report : Time (s): cpu = 00:01:45 ; elapsed = 00:03:38 . Memory (MB): peak = 2696.801 ; gain = 1124.215 ; free physical = 116 ; free virtual = 10043
---------------------------------------------------------------------------------
Synthesis finished with 0 errors, 0 critical warnings and 0 warnings.
Synthesis Optimization Runtime : Time (s): cpu = 00:01:22 ; elapsed = 00:02:29 . Memory (MB): peak = 2696.801 ; gain = 388.977 ; free physical = 122 ; free virtual = 10012
Synthesis Optimization Complete : Time (s): cpu = 00:01:45 ; elapsed = 00:03:38 . Memory (MB): peak = 2696.809 ; gain = 1124.215 ; free physical = 126 ; free virtual = 10018
INFO: [Project 1-571] Translating synthesized netlist
INFO: [Netlist 29-17] Analyzing 5 Unisim elements for replacement
INFO: [Netlist 29-28] Unisim Transformation completed in 0 CPU seconds
INFO: [Project 1-570] Preparing netlist for logic optimization
INFO: [Opt 31-138] Pushed 0 inverter(s) to 0 load pin(s).
INFO: [Project 1-111] Unisim Transformation Summary:
  A total of 4 instances were transformed.
  BUFG => BUFGCE: 3 instances
  IBUF => IBUF (IBUFCTRL, INBUF): 1 instances

INFO: [Common 17-83] Releasing license: Synthesis
25 Infos, 0 Warnings, 0 Critical Warnings and 0 Errors encountered.
synth_design completed successfully
synth_design: Time (s): cpu = 00:01:47 ; elapsed = 00:03:44 . Memory (MB): peak = 2725.980 ; gain = 1161.398 ; free physical = 138 ; free virtual = 9945
INFO: [Common 17-1381] The checkpoint '/media/kidre/Dati/GIT_TEST/bare-metalProva/myproj/project_1.runs/design_1_clk_gen_25M_24M_0_synth_1/design_1_clk_gen_25M_24M_0.dcp' has been generated.
