

================================================================
== Vivado HLS Report for 'axi_write_prova'
================================================================
* Date:           Fri Sep  4 12:09:37 2020

* Version:        2018.1 (Build 2188600 on Wed Apr 04 19:04:02 MDT 2018)
* Project:        axi_prova
* Solution:       solution1
* Product family: zynquplus
* Target device:  xczu3eg-sbva484-1-e


================================================================
== Performance Estimates
================================================================
+ Timing (ns): 
    * Summary: 
    +--------+-------+----------+------------+
    |  Clock | Target| Estimated| Uncertainty|
    +--------+-------+----------+------------+
    |ap_clk  |  10.00|      8.75|        1.25|
    +--------+-------+----------+------------+

+ Latency (clock cycles): 
    * Summary: 
    +-----+-----+-----+-----+---------+
    |  Latency  |  Interval | Pipeline|
    | min | max | min | max |   Type  |
    +-----+-----+-----+-----+---------+
    |    ?|    ?|    ?|    ?|   none  |
    +-----+-----+-----+-----+---------+

    + Detail: 
        * Instance: 
        N/A

        * Loop: 
        +------------------------------------+------+------+----------+-----------+-----------+------+----------+
        |                                    |   Latency   | Iteration|  Initiation Interval  | Trip |          |
        |              Loop Name             |  min |  max |  Latency |  achieved |   target  | Count| Pipelined|
        +------------------------------------+------+------+----------+-----------+-----------+------+----------+
        |- Loop 1                            |     ?|     ?|      4618|          -|          -|     ?|    no    |
        | + Loop 1.1                         |  4096|  4096|         2|          1|          1|  4096|    yes   |
        | + memcpy.base_ddr_addr.buffer.gep  |   513|   513|         3|          1|          1|   512|    yes   |
        +------------------------------------+------+------+----------+-----------+-----------+------+----------+

============================================================
+ Verbose Summary: Synthesis Manager
============================================================
InlineROM: 1
ExposeGlobal: 0
============================================================
+ Verbose Summary: CDFG Model
============================================================
IsTopModel: 1
ResetActiveHigh: 1
IsCombinational: 0
IsDatapathOnly: 0
HasWiredReturn: 1
HasMFsm: 0
HasVarLatency: 1
IsPipeline: 0
IsRtlPipelined: 0
IsInstanceOverlapped: 0
IsDontTouch: 0
HasImplIP: 0
IsGatedGlobalClock: 0

+ Individual pipeline summary: 
  * Pipeline-0: initiation interval (II) = 1, depth = 2
  * Pipeline-1: initiation interval (II) = 1, depth = 3


============================================================
+ Verbose Summary: Schedule
============================================================
* Number of FSM states : 20
* Pipeline : 2
  Pipeline-0 : II = 1, D = 2, States = { 10 11 }
  Pipeline-1 : II = 1, D = 3, States = { 13 14 15 }
* Dataflow Pipeline: 0

* FSM state transitions: 
1 --> 
	2  / true
2 --> 
	3  / true
3 --> 
	4  / true
4 --> 
	5  / true
5 --> 
	6  / true
6 --> 
	7  / true
7 --> 
	8  / true
8 --> 
	9  / true
9 --> 
	10  / (tmp_1)
10 --> 
	12  / (exitcond_flatten)
	11  / (!exitcond_flatten)
11 --> 
	10  / true
12 --> 
	13  / true
13 --> 
	16  / (exitcond)
	14  / (!exitcond)
14 --> 
	15  / true
15 --> 
	13  / true
16 --> 
	17  / true
17 --> 
	18  / true
18 --> 
	19  / true
19 --> 
	20  / true
20 --> 
	9  / true

* FSM state operations: 

 <State 1> : 1.00ns
ST_1 : Operation 21 [1/1] (1.00ns)   --->   "%update_intr_read = call i1 @_ssdm_op_Read.s_axilite.i1(i1 %update_intr)"   --->   Core 10 's_axilite' <Latency = 0> <II = 1> <Delay = 1.00> <Adapter> <Opcode : 'read' 'write'>
ST_1 : Operation 22 [1/1] (1.00ns)   --->   "%frame_buffer_number_s = call i8 @_ssdm_op_Read.s_axilite.i8(i8 %frame_buffer_number)"   --->   Core 10 's_axilite' <Latency = 0> <II = 1> <Delay = 1.00> <Adapter> <Opcode : 'read' 'write'>
ST_1 : Operation 23 [1/1] (1.00ns)   --->   "%frame_buffer_offset_s = call i32 @_ssdm_op_Read.s_axilite.i32(i32 %frame_buffer_offset)"   --->   Core 10 's_axilite' <Latency = 0> <II = 1> <Delay = 1.00> <Adapter> <Opcode : 'read' 'write'>
ST_1 : Operation 24 [1/1] (1.00ns)   --->   "%frame_buffer_dim_rea = call i32 @_ssdm_op_Read.s_axilite.i32(i32 %frame_buffer_dim)"   --->   Core 10 's_axilite' <Latency = 0> <II = 1> <Delay = 1.00> <Adapter> <Opcode : 'read' 'write'>
ST_1 : Operation 25 [1/1] (1.00ns)   --->   "%base_address_read = call i32 @_ssdm_op_Read.s_axilite.i32(i32 %base_address)"   --->   Core 10 's_axilite' <Latency = 0> <II = 1> <Delay = 1.00> <Adapter> <Opcode : 'read' 'write'>
ST_1 : Operation 26 [1/1] (1.00ns)   --->   "%frame_index_V_read = call i32 @_ssdm_op_Read.s_axilite.i32(i32 %frame_index_V)"   --->   Core 10 's_axilite' <Latency = 0> <II = 1> <Delay = 1.00> <Adapter> <Opcode : 'read' 'write'>
ST_1 : Operation 27 [1/1] (0.00ns)   --->   "%tmp_3 = sext i32 %frame_index_V_read to i64"
ST_1 : Operation 28 [1/1] (0.00ns)   --->   "%frame_index_addr = getelementptr i8* %frame_index, i64 %tmp_3"
ST_1 : Operation 29 [1/1] (0.00ns)   --->   "%buffer = alloca [512 x i64], align 16" [axi_prova/.settings/axi_write_prova.cpp:47]   --->   Core 41 'RAM_2P_BRAM' <Latency = 1> <II = 1> <Delay = 1.35> <Storage> <Opcode : 'load' 'store'> <Ports = 2> <Width = 64> <Depth = 512> <RAM>

 <State 2> : 8.75ns
ST_2 : Operation 30 [1/1] (8.75ns)   --->   "%frame_index_addr_req = call i1 @_ssdm_op_WriteReq.m_axi.i8P(i8* %frame_index_addr, i32 1)" [axi_prova/.settings/axi_write_prova.cpp:59]   --->   Core 9 'm_axi' <Latency = 6> <II = 1> <Delay = 1.00> <Adapter> <Opcode : 'read' 'write' 'readreq' 'writereq' 'writeresp'>

 <State 3> : 8.75ns
ST_3 : Operation 31 [1/1] (0.00ns)   --->   "%t_V = load i8* @inner_index_V, align 1" [axi_prova/.settings/axi_write_prova.cpp:59]
ST_3 : Operation 32 [1/1] (8.75ns)   --->   "call void @_ssdm_op_Write.m_axi.volatile.i8P(i8* %frame_index_addr, i8 %t_V, i1 true)" [axi_prova/.settings/axi_write_prova.cpp:59]   --->   Core 9 'm_axi' <Latency = 6> <II = 1> <Delay = 1.00> <Adapter> <Opcode : 'read' 'write' 'readreq' 'writereq' 'writeresp'>

 <State 4> : 8.75ns
ST_4 : Operation 33 [5/5] (8.75ns)   --->   "%frame_index_addr_res = call i1 @_ssdm_op_WriteResp.m_axi.i8P(i8* %frame_index_addr)" [axi_prova/.settings/axi_write_prova.cpp:59]   --->   Core 9 'm_axi' <Latency = 6> <II = 1> <Delay = 1.00> <Adapter> <Opcode : 'read' 'write' 'readreq' 'writereq' 'writeresp'>

 <State 5> : 8.75ns
ST_5 : Operation 34 [4/5] (8.75ns)   --->   "%frame_index_addr_res = call i1 @_ssdm_op_WriteResp.m_axi.i8P(i8* %frame_index_addr)" [axi_prova/.settings/axi_write_prova.cpp:59]   --->   Core 9 'm_axi' <Latency = 6> <II = 1> <Delay = 1.00> <Adapter> <Opcode : 'read' 'write' 'readreq' 'writereq' 'writeresp'>

 <State 6> : 8.75ns
ST_6 : Operation 35 [3/5] (8.75ns)   --->   "%frame_index_addr_res = call i1 @_ssdm_op_WriteResp.m_axi.i8P(i8* %frame_index_addr)" [axi_prova/.settings/axi_write_prova.cpp:59]   --->   Core 9 'm_axi' <Latency = 6> <II = 1> <Delay = 1.00> <Adapter> <Opcode : 'read' 'write' 'readreq' 'writereq' 'writeresp'>

 <State 7> : 8.75ns
ST_7 : Operation 36 [2/5] (8.75ns)   --->   "%frame_index_addr_res = call i1 @_ssdm_op_WriteResp.m_axi.i8P(i8* %frame_index_addr)" [axi_prova/.settings/axi_write_prova.cpp:59]   --->   Core 9 'm_axi' <Latency = 6> <II = 1> <Delay = 1.00> <Adapter> <Opcode : 'read' 'write' 'readreq' 'writereq' 'writeresp'>

 <State 8> : 8.75ns
ST_8 : Operation 37 [1/1] (0.00ns)   --->   "call void (...)* @_ssdm_op_SpecBitsMap(i8* %frame_index), !map !69"
ST_8 : Operation 38 [1/1] (0.00ns)   --->   "call void (...)* @_ssdm_op_SpecBitsMap(i8* %inputStream_V), !map !75"
ST_8 : Operation 39 [1/1] (0.00ns)   --->   "call void (...)* @_ssdm_op_SpecBitsMap(i64* %base_ddr_addr), !map !79"
ST_8 : Operation 40 [1/1] (0.00ns)   --->   "call void (...)* @_ssdm_op_SpecBitsMap(i32* %frame_count), !map !83"
ST_8 : Operation 41 [1/1] (0.00ns)   --->   "call void (...)* @_ssdm_op_SpecBitsMap(i32 %base_address), !map !87"
ST_8 : Operation 42 [1/1] (0.00ns)   --->   "call void (...)* @_ssdm_op_SpecBitsMap(i32 %frame_buffer_dim), !map !93"
ST_8 : Operation 43 [1/1] (0.00ns)   --->   "call void (...)* @_ssdm_op_SpecBitsMap(i32 %frame_buffer_offset), !map !97"
ST_8 : Operation 44 [1/1] (0.00ns)   --->   "call void (...)* @_ssdm_op_SpecBitsMap(i8 %frame_buffer_number), !map !101"
ST_8 : Operation 45 [1/1] (0.00ns)   --->   "call void (...)* @_ssdm_op_SpecBitsMap(i1 %update_intr), !map !105"
ST_8 : Operation 46 [1/1] (0.00ns)   --->   "call void (...)* @_ssdm_op_SpecTopModule([16 x i8]* @axi_write_prova_str) nounwind"
ST_8 : Operation 47 [1/1] (0.00ns)   --->   "call void (...)* @_ssdm_op_SpecInterface(i32 %base_address, [10 x i8]* @p_str, i32 0, i32 0, [1 x i8]* @p_str1, i32 0, i32 0, [1 x i8]* @p_str1, [1 x i8]* @p_str1, [1 x i8]* @p_str1, i32 0, i32 0, i32 0, i32 0, [1 x i8]* @p_str1, [1 x i8]* @p_str1) nounwind" [axi_prova/.settings/axi_write_prova.cpp:8]
ST_8 : Operation 48 [1/1] (0.00ns)   --->   "call void (...)* @_ssdm_op_SpecInterface(i32 0, [10 x i8]* @p_str, i32 0, i32 0, [1 x i8]* @p_str1, i32 0, i32 0, [1 x i8]* @p_str1, [1 x i8]* @p_str1, [1 x i8]* @p_str1, i32 0, i32 0, i32 0, i32 0, [1 x i8]* @p_str1, [1 x i8]* @p_str1) nounwind" [axi_prova/.settings/axi_write_prova.cpp:9]
ST_8 : Operation 49 [1/1] (0.00ns)   --->   "call void (...)* @_ssdm_op_SpecInterface(i1 %update_intr, [10 x i8]* @p_str, i32 0, i32 0, [1 x i8]* @p_str1, i32 0, i32 0, [1 x i8]* @p_str1, [1 x i8]* @p_str1, [1 x i8]* @p_str1, i32 0, i32 0, i32 0, i32 0, [1 x i8]* @p_str1, [1 x i8]* @p_str1) nounwind" [axi_prova/.settings/axi_write_prova.cpp:10]
ST_8 : Operation 50 [1/1] (0.00ns)   --->   "call void (...)* @_ssdm_op_SpecInterface(i32 %frame_buffer_offset, [10 x i8]* @p_str, i32 0, i32 0, [1 x i8]* @p_str1, i32 0, i32 0, [1 x i8]* @p_str1, [1 x i8]* @p_str1, [1 x i8]* @p_str1, i32 0, i32 0, i32 0, i32 0, [1 x i8]* @p_str1, [1 x i8]* @p_str1) nounwind" [axi_prova/.settings/axi_write_prova.cpp:11]
ST_8 : Operation 51 [1/1] (0.00ns)   --->   "call void (...)* @_ssdm_op_SpecInterface(i32 %frame_buffer_dim, [10 x i8]* @p_str, i32 0, i32 0, [1 x i8]* @p_str1, i32 0, i32 0, [1 x i8]* @p_str1, [1 x i8]* @p_str1, [1 x i8]* @p_str1, i32 0, i32 0, i32 0, i32 0, [1 x i8]* @p_str1, [1 x i8]* @p_str1) nounwind" [axi_prova/.settings/axi_write_prova.cpp:12]
ST_8 : Operation 52 [1/1] (0.00ns)   --->   "call void (...)* @_ssdm_op_SpecInterface(i8 %frame_buffer_number, [10 x i8]* @p_str, i32 0, i32 0, [1 x i8]* @p_str1, i32 0, i32 0, [1 x i8]* @p_str1, [1 x i8]* @p_str1, [1 x i8]* @p_str1, i32 0, i32 0, i32 0, i32 0, [1 x i8]* @p_str1, [1 x i8]* @p_str1) nounwind" [axi_prova/.settings/axi_write_prova.cpp:13]
ST_8 : Operation 53 [1/1] (0.00ns)   --->   "call void (...)* @_ssdm_op_SpecInterface(i64* %base_ddr_addr, [6 x i8]* @p_str2, i32 0, i32 0, [1 x i8]* @p_str1, i32 0, i32 32, [1 x i8]* @p_str1, [1 x i8]* @p_str1, [1 x i8]* @p_str1, i32 16, i32 16, i32 16, i32 16, [1 x i8]* @p_str1, [1 x i8]* @p_str1) nounwind" [axi_prova/.settings/axi_write_prova.cpp:23]
ST_8 : Operation 54 [1/1] (0.00ns)   --->   "call void (...)* @_ssdm_op_SpecInterface(i8* %inputStream_V, [5 x i8]* @p_str3, i32 1, i32 1, [5 x i8]* @p_str4, i32 0, i32 0, [1 x i8]* @p_str1, [1 x i8]* @p_str1, [1 x i8]* @p_str1, i32 0, i32 0, i32 0, i32 0, [1 x i8]* @p_str1, [1 x i8]* @p_str1) nounwind" [axi_prova/.settings/axi_write_prova.cpp:24]
ST_8 : Operation 55 [1/1] (0.00ns)   --->   "call void (...)* @_ssdm_op_SpecInterface(i32* %frame_count, [8 x i8]* @p_str5, i32 0, i32 0, [1 x i8]* @p_str1, i32 0, i32 0, [1 x i8]* @p_str1, [1 x i8]* @p_str1, [1 x i8]* @p_str1, i32 0, i32 0, i32 0, i32 0, [1 x i8]* @p_str1, [1 x i8]* @p_str1) nounwind" [axi_prova/.settings/axi_write_prova.cpp:25]
ST_8 : Operation 56 [1/1] (0.00ns)   --->   "call void (...)* @_ssdm_op_SpecInterface(i8* %frame_index, [6 x i8]* @p_str2, i32 0, i32 0, [1 x i8]* @p_str1, i32 0, i32 32, [12 x i8]* @p_str6, [6 x i8]* @p_str7, [1 x i8]* @p_str1, i32 16, i32 16, i32 16, i32 16, [1 x i8]* @p_str1, [1 x i8]* @p_str1) nounwind" [axi_prova/.settings/axi_write_prova.cpp:27]
ST_8 : Operation 57 [1/1] (0.00ns)   --->   "call void (...)* @_ssdm_op_SpecInterface(i32 %frame_index_V, [10 x i8]* @mode, i32 0, i32 0, [1 x i8]* @p_str1, i32 0, i32 32, [1 x i8]* @bundle, [6 x i8]* @p_str7, [1 x i8]* @p_str1, i32 16, i32 16, i32 16, i32 16, [1 x i8]* @p_str1, [1 x i8]* @p_str1) nounwind" [axi_prova/.settings/axi_write_prova.cpp:27]
ST_8 : Operation 58 [1/1] (0.00ns)   --->   "call void (...)* @_ssdm_op_SpecMemCore([512 x i64]* %buffer, [1 x i8]* @p_str1, [12 x i8]* @p_str8, [1 x i8]* @p_str1, i32 -1, [1 x i8]* @p_str1, [1 x i8]* @p_str1, [1 x i8]* @p_str1, [1 x i8]* @p_str1, [1 x i8]* @p_str1)" [axi_prova/.settings/axi_write_prova.cpp:48]
ST_8 : Operation 59 [1/1] (0.00ns)   --->   "call void (...)* @_ssdm_op_SpecReset(i8* @inner_index_V, i32 1, [1 x i8]* @p_str1) nounwind" [axi_prova/.settings/axi_write_prova.cpp:53]
ST_8 : Operation 60 [1/5] (8.75ns)   --->   "%frame_index_addr_res = call i1 @_ssdm_op_WriteResp.m_axi.i8P(i8* %frame_index_addr)" [axi_prova/.settings/axi_write_prova.cpp:59]   --->   Core 9 'm_axi' <Latency = 6> <II = 1> <Delay = 1.00> <Adapter> <Opcode : 'read' 'write' 'readreq' 'writereq' 'writeresp'>
ST_8 : Operation 61 [1/1] (0.00ns)   --->   "call void (...)* @_ssdm_op_SpecReset(i32* @FRAME_BUFFER_DIM_r, i32 0, [1 x i8]* @p_str1) nounwind" [axi_prova/.settings/axi_write_prova.cpp:62]
ST_8 : Operation 62 [1/1] (0.00ns)   --->   "%FRAME_OFFSET_load = load i32* @FRAME_OFFSET, align 4" [axi_prova/.settings/axi_write_prova.cpp:64]
ST_8 : Operation 63 [1/1] (0.00ns)   --->   "call void (...)* @_ssdm_op_SpecReset(i32* @FRAME_OFFSET, i32 0, [1 x i8]* @p_str1) nounwind" [axi_prova/.settings/axi_write_prova.cpp:64]
ST_8 : Operation 64 [1/1] (0.00ns)   --->   "call void (...)* @_ssdm_op_SpecReset(i8* @FRAME_BUFFER_NUMBER_r, i32 0, [1 x i8]* @p_str1) nounwind" [axi_prova/.settings/axi_write_prova.cpp:66]
ST_8 : Operation 65 [1/1] (0.00ns)   --->   "%BASE_ADDRESS_load = load i29* @BASE_ADDRESS_r, align 4"
ST_8 : Operation 66 [1/1] (0.00ns)   --->   "call void (...)* @_ssdm_op_SpecReset(i29* @BASE_ADDRESS_r, i32 0, [1 x i8]* @p_str1) nounwind" [axi_prova/.settings/axi_write_prova.cpp:68]
ST_8 : Operation 67 [1/1] (0.75ns)   --->   "br i1 %update_intr_read, label %0, label %._crit_edge98" [axi_prova/.settings/axi_write_prova.cpp:73]
ST_8 : Operation 68 [1/1] (0.00ns)   --->   "store i32 %frame_buffer_dim_rea, i32* @FRAME_BUFFER_DIM_r, align 4" [axi_prova/.settings/axi_write_prova.cpp:76]
ST_8 : Operation 69 [1/1] (0.00ns)   --->   "store i8 %frame_buffer_number_s, i8* @FRAME_BUFFER_NUMBER_r, align 1" [axi_prova/.settings/axi_write_prova.cpp:77]
ST_8 : Operation 70 [1/1] (0.00ns)   --->   "store i32 %frame_buffer_offset_s, i32* @FRAME_OFFSET, align 4" [axi_prova/.settings/axi_write_prova.cpp:78]
ST_8 : Operation 71 [1/1] (0.00ns)   --->   "%tmp_3_cast4 = call i29 @_ssdm_op_PartSelect.i29.i32.i32.i32(i32 %base_address_read, i32 3, i32 31)"
ST_8 : Operation 72 [1/1] (0.00ns)   --->   "store i29 %tmp_3_cast4, i29* @BASE_ADDRESS_r, align 4" [axi_prova/.settings/axi_write_prova.cpp:79]
ST_8 : Operation 73 [1/1] (0.75ns)   --->   "br label %._crit_edge98" [axi_prova/.settings/axi_write_prova.cpp:80]
ST_8 : Operation 74 [1/1] (0.00ns)   --->   "%i_op_assign = phi i32 [ %frame_buffer_offset_s, %0 ], [ %FRAME_OFFSET_load, %codeRepl ]" [axi_prova/.settings/axi_write_prova.cpp:64]
ST_8 : Operation 75 [1/1] (0.00ns) (grouped into LUT with out node offset)   --->   "%i_op_assign_1 = phi i29 [ %tmp_3_cast4, %0 ], [ %BASE_ADDRESS_load, %codeRepl ]"
ST_8 : Operation 76 [1/1] (0.00ns) (grouped into LUT with out node offset)   --->   "%i_op_assign_1_cast = zext i29 %i_op_assign_1 to i32" [axi_prova/.settings/axi_write_prova.cpp:84]
ST_8 : Operation 77 [1/1] (0.00ns)   --->   "%lhs_V_cast = zext i8 %t_V to i35" [axi_prova/.settings/axi_write_prova.cpp:84]
ST_8 : Operation 78 [1/1] (0.00ns)   --->   "%rhs_V_cast = zext i32 %i_op_assign to i35" [axi_prova/.settings/axi_write_prova.cpp:84]
ST_8 : Operation 79 [1/1] (3.88ns)   --->   "%r_V = mul i35 %rhs_V_cast, %lhs_V_cast" [axi_prova/.settings/axi_write_prova.cpp:84]   --->   Core 16 'Mul' <Latency = 0> <II = 1> <Delay = 3.88> <FuncUnit> <Opcode : 'mul'> <InPorts = 2> <OutPorts = 1>
ST_8 : Operation 80 [1/1] (0.00ns) (grouped into LUT with out node offset)   --->   "%tmp_8 = call i32 @_ssdm_op_PartSelect.i32.i35.i32.i32(i35 %r_V, i32 3, i32 34)" [axi_prova/.settings/axi_write_prova.cpp:84]
ST_8 : Operation 81 [1/1] (1.20ns) (out node of the LUT)   --->   "%offset = add i32 %tmp_8, %i_op_assign_1_cast" [axi_prova/.settings/axi_write_prova.cpp:84]   --->   Core 14 'AddSub' <Latency = 0> <II = 1> <Delay = 1.20> <FuncUnit> <Opcode : 'add' 'sub'> <InPorts = 2> <OutPorts = 1>
ST_8 : Operation 82 [1/1] (0.75ns)   --->   "br label %1" [axi_prova/.settings/axi_write_prova.cpp:91]

 <State 9> : 2.21ns
ST_9 : Operation 83 [1/1] (0.00ns)   --->   "%offset1 = phi i32 [ %offset, %._crit_edge98 ], [ %offset_1, %memcpy.tail ]"
ST_9 : Operation 84 [1/1] (0.00ns)   --->   "%idx = phi i32 [ 0, %._crit_edge98 ], [ %idx_1, %memcpy.tail ]"
ST_9 : Operation 85 [1/1] (0.00ns)   --->   "%FRAME_BUFFER_DIM_loa = load i32* @FRAME_BUFFER_DIM_r, align 4" [axi_prova/.settings/axi_write_prova.cpp:91]
ST_9 : Operation 86 [1/1] (0.00ns)   --->   "%tmp_s = call i20 @_ssdm_op_PartSelect.i20.i32.i32.i32(i32 %FRAME_BUFFER_DIM_loa, i32 12, i32 31)" [axi_prova/.settings/axi_write_prova.cpp:91]
ST_9 : Operation 87 [1/1] (0.00ns)   --->   "%tmp_6 = zext i20 %tmp_s to i32" [axi_prova/.settings/axi_write_prova.cpp:91]
ST_9 : Operation 88 [1/1] (1.11ns)   --->   "%tmp_1 = icmp ult i32 %idx, %tmp_6" [axi_prova/.settings/axi_write_prova.cpp:91]   --->   Core 25 'Cmp' <Latency = 0> <II = 1> <Delay = 0.85> <FuncUnit> <Opcode : 'icmp'> <InPorts = 2> <OutPorts = 1>
ST_9 : Operation 89 [1/1] (1.20ns)   --->   "%idx_1 = add nsw i32 %idx, 1" [axi_prova/.settings/axi_write_prova.cpp:91]   --->   Core 14 'AddSub' <Latency = 0> <II = 1> <Delay = 1.20> <FuncUnit> <Opcode : 'add' 'sub'> <InPorts = 2> <OutPorts = 1>
ST_9 : Operation 90 [1/1] (0.00ns)   --->   "br i1 %tmp_1, label %.preheader.preheader, label %._crit_edge99" [axi_prova/.settings/axi_write_prova.cpp:91]
ST_9 : Operation 91 [1/1] (0.75ns)   --->   "br label %.preheader"
ST_9 : Operation 92 [1/1] (0.00ns)   --->   "%FRAME_BUFFER_NUMBER_s = load i8* @FRAME_BUFFER_NUMBER_r, align 1" [axi_prova/.settings/axi_write_prova.cpp:145]
ST_9 : Operation 93 [1/1] (0.00ns)   --->   "%tmp_2_cast = zext i8 %FRAME_BUFFER_NUMBER_s to i9" [axi_prova/.settings/axi_write_prova.cpp:145]
ST_9 : Operation 94 [1/1] (0.90ns)   --->   "%op2_assign = add i9 %tmp_2_cast, -1" [axi_prova/.settings/axi_write_prova.cpp:145]   --->   Core 14 'AddSub' <Latency = 0> <II = 1> <Delay = 1.20> <FuncUnit> <Opcode : 'add' 'sub'> <InPorts = 2> <OutPorts = 1>
ST_9 : Operation 95 [1/1] (0.00ns)   --->   "%tmp_4_cast = zext i8 %t_V to i9" [axi_prova/.settings/axi_write_prova.cpp:145]
ST_9 : Operation 96 [1/1] (0.85ns)   --->   "%tmp_5 = icmp eq i9 %tmp_4_cast, %op2_assign" [axi_prova/.settings/axi_write_prova.cpp:145]   --->   Core 25 'Cmp' <Latency = 0> <II = 1> <Delay = 0.85> <FuncUnit> <Opcode : 'icmp'> <InPorts = 2> <OutPorts = 1>
ST_9 : Operation 97 [1/1] (0.90ns)   --->   "%tmp_7 = add i8 %t_V, 1" [axi_prova/.settings/axi_write_prova.cpp:147]   --->   Core 14 'AddSub' <Latency = 0> <II = 1> <Delay = 1.20> <FuncUnit> <Opcode : 'add' 'sub'> <InPorts = 2> <OutPorts = 1>
ST_9 : Operation 98 [1/1] (0.44ns)   --->   "%p_tmp_7 = select i1 %tmp_5, i8 0, i8 %tmp_7" [axi_prova/.settings/axi_write_prova.cpp:145]   --->   Core 26 'Sel' <Latency = 0> <II = 1> <Delay = 0.44> <FuncUnit> <Opcode : 'select'> <InPorts = 3> <OutPorts = 1>
ST_9 : Operation 99 [1/1] (0.00ns)   --->   "store i8 %p_tmp_7, i8* @inner_index_V, align 1" [axi_prova/.settings/axi_write_prova.cpp:146]
ST_9 : Operation 100 [1/1] (0.00ns)   --->   "%frame_count_inner_lo = load i32* @frame_count_inner, align 4" [axi_prova/.settings/axi_write_prova.cpp:154]
ST_9 : Operation 101 [1/1] (1.20ns)   --->   "%tmp_2 = add nsw i32 %frame_count_inner_lo, 1" [axi_prova/.settings/axi_write_prova.cpp:154]   --->   Core 14 'AddSub' <Latency = 0> <II = 1> <Delay = 1.20> <FuncUnit> <Opcode : 'add' 'sub'> <InPorts = 2> <OutPorts = 1>
ST_9 : Operation 102 [1/1] (0.00ns)   --->   "store i32 %tmp_2, i32* @frame_count_inner, align 4" [axi_prova/.settings/axi_write_prova.cpp:154]
ST_9 : Operation 103 [1/1] (0.00ns)   --->   "call void @_ssdm_op_Write.ap_none.i32P(i32* %frame_count, i32 %tmp_2)" [axi_prova/.settings/axi_write_prova.cpp:155]
ST_9 : Operation 104 [1/1] (0.00ns)   --->   "ret void" [axi_prova/.settings/axi_write_prova.cpp:157]

 <State 10> : 1.40ns
ST_10 : Operation 105 [1/1] (0.00ns)   --->   "%indvar_flatten = phi i13 [ %indvar_flatten_next, %ifFalse ], [ 0, %.preheader.preheader ]"
ST_10 : Operation 106 [1/1] (0.00ns)   --->   "%j = phi i10 [ %j_mid2, %ifFalse ], [ 0, %.preheader.preheader ]" [axi_prova/.settings/axi_write_prova.cpp:106]
ST_10 : Operation 107 [1/1] (0.00ns)   --->   "%temp = phi i64 [ %temp_2, %ifFalse ], [ 0, %.preheader.preheader ]"
ST_10 : Operation 108 [1/1] (0.00ns)   --->   "%i = phi i4 [ %i_1, %ifFalse ], [ 0, %.preheader.preheader ]"
ST_10 : Operation 109 [1/1] (0.86ns)   --->   "%exitcond_flatten = icmp eq i13 %indvar_flatten, -4096"   --->   Core 25 'Cmp' <Latency = 0> <II = 1> <Delay = 0.85> <FuncUnit> <Opcode : 'icmp'> <InPorts = 2> <OutPorts = 1>
ST_10 : Operation 110 [1/1] (0.97ns)   --->   "%indvar_flatten_next = add i13 %indvar_flatten, 1"   --->   Core 14 'AddSub' <Latency = 0> <II = 1> <Delay = 1.20> <FuncUnit> <Opcode : 'add' 'sub'> <InPorts = 2> <OutPorts = 1>
ST_10 : Operation 111 [1/1] (0.00ns)   --->   "br i1 %exitcond_flatten, label %2, label %.preheader95"
ST_10 : Operation 112 [1/1] (0.93ns)   --->   "%j_s = add i10 %j, 1" [axi_prova/.settings/axi_write_prova.cpp:98]   --->   Core 14 'AddSub' <Latency = 0> <II = 1> <Delay = 1.20> <FuncUnit> <Opcode : 'add' 'sub'> <InPorts = 2> <OutPorts = 1>
ST_10 : Operation 113 [1/1] (0.88ns)   --->   "%tmp_4 = icmp eq i4 %i, -8" [axi_prova/.settings/axi_write_prova.cpp:106]   --->   Core 25 'Cmp' <Latency = 0> <II = 1> <Delay = 0.85> <FuncUnit> <Opcode : 'icmp'> <InPorts = 2> <OutPorts = 1>
ST_10 : Operation 114 [1/1] (0.47ns)   --->   "%j_mid2 = select i1 %tmp_4, i10 %j_s, i10 %j" [axi_prova/.settings/axi_write_prova.cpp:106]   --->   Core 26 'Sel' <Latency = 0> <II = 1> <Delay = 0.44> <FuncUnit> <Opcode : 'select'> <InPorts = 3> <OutPorts = 1>
ST_10 : Operation 115 [2/2] (0.00ns)   --->   "%tmp = call i8 @_ssdm_op_Read.axis.volatile.i8P(i8* %inputStream_V)" [axi_prova/.settings/axi_write_prova.cpp:124]   --->   Core 5 'AXI4Stream' <Latency = 0> <II = 1> <Delay = 1.00> <Adapter> <Opcode : >
ST_10 : Operation 116 [1/1] (0.86ns)   --->   "%i_op = add i4 %i, 1" [axi_prova/.settings/axi_write_prova.cpp:106]   --->   Core 14 'AddSub' <Latency = 0> <II = 1> <Delay = 1.20> <FuncUnit> <Opcode : 'add' 'sub'> <InPorts = 2> <OutPorts = 1>
ST_10 : Operation 117 [1/1] (0.45ns)   --->   "%i_1 = select i1 %tmp_4, i4 1, i4 %i_op" [axi_prova/.settings/axi_write_prova.cpp:106]   --->   Core 26 'Sel' <Latency = 0> <II = 1> <Delay = 0.44> <FuncUnit> <Opcode : 'select'> <InPorts = 3> <OutPorts = 1>

 <State 11> : 1.77ns
ST_11 : Operation 118 [1/1] (0.00ns)   --->   "%tmp_11 = call i32 (...)* @_ssdm_op_SpecRegionBegin([12 x i8]* @p_str9)" [axi_prova/.settings/axi_write_prova.cpp:107]
ST_11 : Operation 119 [1/1] (0.00ns)   --->   "call void (...)* @_ssdm_op_SpecPipeline(i32 1, i32 1, i32 1, i32 0, [1 x i8]* @p_str1) nounwind" [axi_prova/.settings/axi_write_prova.cpp:123]
ST_11 : Operation 120 [1/2] (0.00ns)   --->   "%tmp = call i8 @_ssdm_op_Read.axis.volatile.i8P(i8* %inputStream_V)" [axi_prova/.settings/axi_write_prova.cpp:124]   --->   Core 5 'AXI4Stream' <Latency = 0> <II = 1> <Delay = 1.00> <Adapter> <Opcode : >
ST_11 : Operation 121 [1/1] (0.00ns)   --->   "%tmp_12 = call i56 @_ssdm_op_PartSelect.i56.i64.i32.i32(i64 %temp, i32 8, i32 63)" [axi_prova/.settings/axi_write_prova.cpp:129]
ST_11 : Operation 122 [1/1] (0.41ns)   --->   "%temp_1 = select i1 %tmp_4, i56 0, i56 %tmp_12" [axi_prova/.settings/axi_write_prova.cpp:106]   --->   Core 26 'Sel' <Latency = 0> <II = 1> <Delay = 0.44> <FuncUnit> <Opcode : 'select'> <InPorts = 3> <OutPorts = 1>
ST_11 : Operation 123 [1/1] (0.00ns)   --->   "%temp_2 = call i64 @_ssdm_op_BitConcatenate.i64.i8.i56(i8 %tmp, i56 %temp_1)" [axi_prova/.settings/axi_write_prova.cpp:130]
ST_11 : Operation 124 [1/1] (0.00ns)   --->   "%empty = call i32 (...)* @_ssdm_op_SpecRegionEnd([12 x i8]* @p_str9, i32 %tmp_11)" [axi_prova/.settings/axi_write_prova.cpp:134]
ST_11 : Operation 125 [1/1] (0.88ns)   --->   "%ifzero = icmp eq i4 %i_1, -8" [axi_prova/.settings/axi_write_prova.cpp:106]   --->   Core 25 'Cmp' <Latency = 0> <II = 1> <Delay = 0.85> <FuncUnit> <Opcode : 'icmp'> <InPorts = 2> <OutPorts = 1>
ST_11 : Operation 126 [1/1] (0.00ns)   --->   "br i1 %ifzero, label %ifTrue, label %ifFalse" [axi_prova/.settings/axi_write_prova.cpp:106]
ST_11 : Operation 127 [1/1] (0.00ns)   --->   "%tmp_10 = zext i10 %j_mid2 to i64" [axi_prova/.settings/axi_write_prova.cpp:135]
ST_11 : Operation 128 [1/1] (0.00ns)   --->   "%buffer_addr = getelementptr inbounds [512 x i64]* %buffer, i64 0, i64 %tmp_10" [axi_prova/.settings/axi_write_prova.cpp:135]
ST_11 : Operation 129 [1/1] (1.35ns)   --->   "store i64 %temp_2, i64* %buffer_addr, align 8" [axi_prova/.settings/axi_write_prova.cpp:135]   --->   Core 41 'RAM_2P_BRAM' <Latency = 1> <II = 1> <Delay = 1.35> <Storage> <Opcode : 'load' 'store'> <Ports = 2> <Width = 64> <Depth = 512> <RAM>
ST_11 : Operation 130 [1/1] (0.00ns)   --->   "br label %ifFalse"
ST_11 : Operation 131 [1/1] (0.00ns)   --->   "br label %.preheader"

 <State 12> : 8.75ns
ST_12 : Operation 132 [1/1] (0.00ns)   --->   "%tmp_9 = sext i32 %offset1 to i64" [axi_prova/.settings/axi_write_prova.cpp:139]
ST_12 : Operation 133 [1/1] (0.00ns)   --->   "%base_ddr_addr_addr = getelementptr inbounds i64* %base_ddr_addr, i64 %tmp_9" [axi_prova/.settings/axi_write_prova.cpp:139]
ST_12 : Operation 134 [1/1] (8.75ns)   --->   "%base_ddr_addr_addr_1 = call i1 @_ssdm_op_WriteReq.m_axi.i64P(i64* %base_ddr_addr_addr, i32 512)" [axi_prova/.settings/axi_write_prova.cpp:139]   --->   Core 9 'm_axi' <Latency = 6> <II = 1> <Delay = 1.00> <Adapter> <Opcode : 'read' 'write' 'readreq' 'writereq' 'writeresp'>
ST_12 : Operation 135 [1/1] (0.75ns)   --->   "br label %burst.wr.header"

 <State 13> : 1.35ns
ST_13 : Operation 136 [1/1] (0.00ns)   --->   "%indvar = phi i10 [ 0, %2 ], [ %indvar_next, %burst.wr.body ]"
ST_13 : Operation 137 [1/1] (0.85ns)   --->   "%exitcond = icmp eq i10 %indvar, -512"   --->   Core 25 'Cmp' <Latency = 0> <II = 1> <Delay = 0.85> <FuncUnit> <Opcode : 'icmp'> <InPorts = 2> <OutPorts = 1>
ST_13 : Operation 138 [1/1] (0.00ns)   --->   "%empty_9 = call i32 (...)* @_ssdm_op_SpecLoopTripCount(i64 512, i64 512, i64 512)"
ST_13 : Operation 139 [1/1] (0.93ns)   --->   "%indvar_next = add i10 %indvar, 1"   --->   Core 14 'AddSub' <Latency = 0> <II = 1> <Delay = 1.20> <FuncUnit> <Opcode : 'add' 'sub'> <InPorts = 2> <OutPorts = 1>
ST_13 : Operation 140 [1/1] (0.00ns)   --->   "br i1 %exitcond, label %memcpy.tail, label %burst.wr.body"
ST_13 : Operation 141 [1/1] (0.00ns)   --->   "%indvar1 = zext i10 %indvar to i64"
ST_13 : Operation 142 [1/1] (0.00ns)   --->   "%buffer_addr_1 = getelementptr [512 x i64]* %buffer, i64 0, i64 %indvar1" [axi_prova/.settings/axi_write_prova.cpp:139]
ST_13 : Operation 143 [2/2] (1.35ns)   --->   "%buffer_load = load i64* %buffer_addr_1, align 8" [axi_prova/.settings/axi_write_prova.cpp:139]   --->   Core 41 'RAM_2P_BRAM' <Latency = 1> <II = 1> <Delay = 1.35> <Storage> <Opcode : 'load' 'store'> <Ports = 2> <Width = 64> <Depth = 512> <RAM>

 <State 14> : 1.35ns
ST_14 : Operation 144 [1/2] (1.35ns)   --->   "%buffer_load = load i64* %buffer_addr_1, align 8" [axi_prova/.settings/axi_write_prova.cpp:139]   --->   Core 41 'RAM_2P_BRAM' <Latency = 1> <II = 1> <Delay = 1.35> <Storage> <Opcode : 'load' 'store'> <Ports = 2> <Width = 64> <Depth = 512> <RAM>

 <State 15> : 8.75ns
ST_15 : Operation 145 [1/1] (0.00ns)   --->   "%burstwrite_rbegin = call i32 (...)* @_ssdm_op_SpecRegionBegin([18 x i8]* @burstwrite_OC_region) nounwind"
ST_15 : Operation 146 [1/1] (0.00ns)   --->   "call void (...)* @_ssdm_op_SpecPipeline(i32 1, i32 1, i32 1, i32 0, [1 x i8]* @p_str10)"
ST_15 : Operation 147 [1/1] (0.00ns)   --->   "%empty_10 = call i32 (...)* @_ssdm_op_SpecLoopName([32 x i8]* @memcpy_OC_base_ddr_a) nounwind"
ST_15 : Operation 148 [1/1] (8.75ns)   --->   "call void @_ssdm_op_Write.m_axi.i64P(i64* %base_ddr_addr_addr, i64 %buffer_load, i8 -1)" [axi_prova/.settings/axi_write_prova.cpp:139]   --->   Core 9 'm_axi' <Latency = 6> <II = 1> <Delay = 1.00> <Adapter> <Opcode : 'read' 'write' 'readreq' 'writereq' 'writeresp'>
ST_15 : Operation 149 [1/1] (0.00ns)   --->   "%burstwrite_rend = call i32 (...)* @_ssdm_op_SpecRegionEnd([18 x i8]* @burstwrite_OC_region, i32 %burstwrite_rbegin) nounwind"
ST_15 : Operation 150 [1/1] (0.00ns)   --->   "br label %burst.wr.header"

 <State 16> : 8.75ns
ST_16 : Operation 151 [5/5] (8.75ns)   --->   "%base_ddr_addr_addr_1_1 = call i1 @_ssdm_op_WriteResp.m_axi.i64P(i64* %base_ddr_addr_addr)" [axi_prova/.settings/axi_write_prova.cpp:139]   --->   Core 9 'm_axi' <Latency = 6> <II = 1> <Delay = 1.00> <Adapter> <Opcode : 'read' 'write' 'readreq' 'writereq' 'writeresp'>
ST_16 : Operation 152 [1/1] (1.20ns)   --->   "%offset_1 = add i32 %offset1, 512" [axi_prova/.settings/axi_write_prova.cpp:141]   --->   Core 14 'AddSub' <Latency = 0> <II = 1> <Delay = 1.20> <FuncUnit> <Opcode : 'add' 'sub'> <InPorts = 2> <OutPorts = 1>

 <State 17> : 8.75ns
ST_17 : Operation 153 [4/5] (8.75ns)   --->   "%base_ddr_addr_addr_1_1 = call i1 @_ssdm_op_WriteResp.m_axi.i64P(i64* %base_ddr_addr_addr)" [axi_prova/.settings/axi_write_prova.cpp:139]   --->   Core 9 'm_axi' <Latency = 6> <II = 1> <Delay = 1.00> <Adapter> <Opcode : 'read' 'write' 'readreq' 'writereq' 'writeresp'>

 <State 18> : 8.75ns
ST_18 : Operation 154 [3/5] (8.75ns)   --->   "%base_ddr_addr_addr_1_1 = call i1 @_ssdm_op_WriteResp.m_axi.i64P(i64* %base_ddr_addr_addr)" [axi_prova/.settings/axi_write_prova.cpp:139]   --->   Core 9 'm_axi' <Latency = 6> <II = 1> <Delay = 1.00> <Adapter> <Opcode : 'read' 'write' 'readreq' 'writereq' 'writeresp'>

 <State 19> : 8.75ns
ST_19 : Operation 155 [2/5] (8.75ns)   --->   "%base_ddr_addr_addr_1_1 = call i1 @_ssdm_op_WriteResp.m_axi.i64P(i64* %base_ddr_addr_addr)" [axi_prova/.settings/axi_write_prova.cpp:139]   --->   Core 9 'm_axi' <Latency = 6> <II = 1> <Delay = 1.00> <Adapter> <Opcode : 'read' 'write' 'readreq' 'writereq' 'writeresp'>

 <State 20> : 8.75ns
ST_20 : Operation 156 [1/5] (8.75ns)   --->   "%base_ddr_addr_addr_1_1 = call i1 @_ssdm_op_WriteResp.m_axi.i64P(i64* %base_ddr_addr_addr)" [axi_prova/.settings/axi_write_prova.cpp:139]   --->   Core 9 'm_axi' <Latency = 6> <II = 1> <Delay = 1.00> <Adapter> <Opcode : 'read' 'write' 'readreq' 'writereq' 'writeresp'>
ST_20 : Operation 157 [1/1] (0.00ns)   --->   "br label %1" [axi_prova/.settings/axi_write_prova.cpp:91]


============================================================
+ Verbose Summary: Timing violations
============================================================
Target clock period: 10ns, clock uncertainty: 1.25ns.

 <State 1>: 1ns
The critical path consists of the following:
	s_axi read on port 'update_intr' [17]  (1 ns)

 <State 2>: 8.75ns
The critical path consists of the following:
	bus request on port 'frame_index' (axi_prova/.settings/axi_write_prova.cpp:59) [50]  (8.75 ns)

 <State 3>: 8.75ns
The critical path consists of the following:
	'load' operation ('t.V', axi_prova/.settings/axi_write_prova.cpp:59) on static variable 'inner_index_V' [49]  (0 ns)
	bus write on port 'frame_index' (axi_prova/.settings/axi_write_prova.cpp:59) [51]  (8.75 ns)

 <State 4>: 8.75ns
The critical path consists of the following:
	bus access on port 'frame_index' (axi_prova/.settings/axi_write_prova.cpp:59) [52]  (8.75 ns)

 <State 5>: 8.75ns
The critical path consists of the following:
	bus access on port 'frame_index' (axi_prova/.settings/axi_write_prova.cpp:59) [52]  (8.75 ns)

 <State 6>: 8.75ns
The critical path consists of the following:
	bus access on port 'frame_index' (axi_prova/.settings/axi_write_prova.cpp:59) [52]  (8.75 ns)

 <State 7>: 8.75ns
The critical path consists of the following:
	bus access on port 'frame_index' (axi_prova/.settings/axi_write_prova.cpp:59) [52]  (8.75 ns)

 <State 8>: 8.75ns
The critical path consists of the following:
	bus access on port 'frame_index' (axi_prova/.settings/axi_write_prova.cpp:59) [52]  (8.75 ns)

 <State 9>: 2.21ns
The critical path consists of the following:
	'load' operation ('FRAME_BUFFER_NUMBER_s', axi_prova/.settings/axi_write_prova.cpp:145) on static variable 'FRAME_BUFFER_NUMBER_r' [144]  (0 ns)
	'add' operation ('op2', axi_prova/.settings/axi_write_prova.cpp:145) [146]  (0.907 ns)
	'icmp' operation ('tmp_5', axi_prova/.settings/axi_write_prova.cpp:145) [148]  (0.857 ns)
	'select' operation ('p_tmp_7', axi_prova/.settings/axi_write_prova.cpp:145) [150]  (0.445 ns)

 <State 10>: 1.4ns
The critical path consists of the following:
	'phi' operation ('j', axi_prova/.settings/axi_write_prova.cpp:106) with incoming values : ('j_mid2', axi_prova/.settings/axi_write_prova.cpp:106) [90]  (0 ns)
	'add' operation ('j_s', axi_prova/.settings/axi_write_prova.cpp:98) [97]  (0.934 ns)
	'select' operation ('j_mid2', axi_prova/.settings/axi_write_prova.cpp:106) [99]  (0.47 ns)

 <State 11>: 1.77ns
The critical path consists of the following:
	'select' operation ('temp', axi_prova/.settings/axi_write_prova.cpp:106) [104]  (0.416 ns)
	'store' operation (axi_prova/.settings/axi_write_prova.cpp:135) of variable 'temp', axi_prova/.settings/axi_write_prova.cpp:130 on array 'buffer', axi_prova/.settings/axi_write_prova.cpp:47 [114]  (1.35 ns)

 <State 12>: 8.75ns
The critical path consists of the following:
	'getelementptr' operation ('base_ddr_addr_addr', axi_prova/.settings/axi_write_prova.cpp:139) [120]  (0 ns)
	bus request on port 'base_ddr_addr' (axi_prova/.settings/axi_write_prova.cpp:139) [121]  (8.75 ns)

 <State 13>: 1.35ns
The critical path consists of the following:
	'phi' operation ('indvar') with incoming values : ('indvar_next') [124]  (0 ns)
	'getelementptr' operation ('buffer_addr_1', axi_prova/.settings/axi_write_prova.cpp:139) [134]  (0 ns)
	'load' operation ('buffer_load', axi_prova/.settings/axi_write_prova.cpp:139) on array 'buffer', axi_prova/.settings/axi_write_prova.cpp:47 [135]  (1.35 ns)

 <State 14>: 1.35ns
The critical path consists of the following:
	'load' operation ('buffer_load', axi_prova/.settings/axi_write_prova.cpp:139) on array 'buffer', axi_prova/.settings/axi_write_prova.cpp:47 [135]  (1.35 ns)

 <State 15>: 8.75ns
The critical path consists of the following:
	bus write on port 'base_ddr_addr' (axi_prova/.settings/axi_write_prova.cpp:139) [136]  (8.75 ns)

 <State 16>: 8.75ns
The critical path consists of the following:
	bus access on port 'base_ddr_addr' (axi_prova/.settings/axi_write_prova.cpp:139) [140]  (8.75 ns)

 <State 17>: 8.75ns
The critical path consists of the following:
	bus access on port 'base_ddr_addr' (axi_prova/.settings/axi_write_prova.cpp:139) [140]  (8.75 ns)

 <State 18>: 8.75ns
The critical path consists of the following:
	bus access on port 'base_ddr_addr' (axi_prova/.settings/axi_write_prova.cpp:139) [140]  (8.75 ns)

 <State 19>: 8.75ns
The critical path consists of the following:
	bus access on port 'base_ddr_addr' (axi_prova/.settings/axi_write_prova.cpp:139) [140]  (8.75 ns)

 <State 20>: 8.75ns
The critical path consists of the following:
	bus access on port 'base_ddr_addr' (axi_prova/.settings/axi_write_prova.cpp:139) [140]  (8.75 ns)


============================================================
+ Verbose Summary: Binding
============================================================
N/A
* FSMD analyzer results:
  - Output states:
 - Input state : 
  - Chain level:
	State 1
	State 2
	State 3
	State 4
	State 5
	State 6
	State 7
	State 8
	State 9
	State 10
	State 11
	State 12
	State 13
	State 14
	State 15
	State 16
	State 17
	State 18
	State 19
	State 20


============================================================
+ Verbose Summary: Datapath Resource usage 
============================================================
N/A
