#-----------------------------------------------------------
# Webtalk v2018.1 (64-bit)
# SW Build 2188600 on Wed Apr  4 18:39:19 MDT 2018
# 
# Start of session at: Fri Oct  9 22:58:50 2020
# Process ID: 17081
# Current directory: /media/kidre/Dati/GIT_TEST/bare-metalProva/myproj/project_1.sdk/webtalk
# Command line: wbtcv -mode batch -source sdk_webtalk.tcl
# Log file: /media/kidre/Dati/GIT_TEST/bare-metalProva/myproj/project_1.sdk/webtalk/webtalk.log
# Journal file: /media/kidre/Dati/GIT_TEST/bare-metalProva/myproj/project_1.sdk/webtalk/webtalk.jou
#-----------------------------------------------------------
source sdk_webtalk.tcl
# webtalk_init -webtalk_dir /media/kidre/Dati/GIT_TEST/bare-metalProva/myproj/project_1.sdk/webtalk
# webtalk_register_client -client project
# webtalk_add_data -client project -key date_generated -value "2020-10-09 22:58:49" -context "software_version_and_target_device"
# webtalk_add_data -client project -key product_version -value "SDK v2018.1" -context "software_version_and_target_device"
# webtalk_add_data -client project -key build_version -value "2018.1" -context "software_version_and_target_device"
# webtalk_add_data -client project -key os_platform -value "amd64" -context "software_version_and_target_device"
# webtalk_add_data -client project -key registration_id -value "" -context "software_version_and_target_device"
# webtalk_add_data -client project -key tool_flow -value "SDK" -context "software_version_and_target_device"
# webtalk_add_data -client project -key beta -value "false" -context "software_version_and_target_device"
# webtalk_add_data -client project -key route_design -value "NA" -context "software_version_and_target_device"
# webtalk_add_data -client project -key target_family -value "NA" -context "software_version_and_target_device"
# webtalk_add_data -client project -key target_device -value "NA" -context "software_version_and_target_device"
# webtalk_add_data -client project -key target_package -value "NA" -context "software_version_and_target_device"
# webtalk_add_data -client project -key target_speed -value "NA" -context "software_version_and_target_device"
# webtalk_add_data -client project -key random_id -value "sj1o1rvkspbrj249r901osar57" -context "software_version_and_target_device"
# webtalk_add_data -client project -key project_id -value "2018.1_30" -context "software_version_and_target_device"
# webtalk_add_data -client project -key project_iteration -value "30" -context "software_version_and_target_device"
# webtalk_add_data -client project -key os_name -value "Ubuntu" -context "user_environment"
# webtalk_add_data -client project -key os_release -value "Ubuntu 16.04.7 LTS" -context "user_environment"
# webtalk_add_data -client project -key cpu_name -value "Intel(R) Core(TM) i7-4720HQ CPU @ 2.60GHz" -context "user_environment"
# webtalk_add_data -client project -key cpu_speed -value "2115.330 MHz" -context "user_environment"
# webtalk_add_data -client project -key total_processors -value "1" -context "user_environment"
# webtalk_add_data -client project -key system_ram -value "8,247 GB" -context "user_environment"
# webtalk_register_client -client sdk
# webtalk_add_data -client sdk -key uid -value "1602275726000" -context "sdk\\\\bsp/1602275726000"
# webtalk_add_data -client sdk -key hwid -value "1602275609000" -context "sdk\\\\bsp/1602275726000"
# webtalk_add_data -client sdk -key os -value "standalone" -context "sdk\\\\bsp/1602275726000"
# webtalk_add_data -client sdk -key apptemplate -value "null" -context "sdk\\\\bsp/1602275726000"
# webtalk_add_data -client sdk -key RecordType -value "BSPCreation" -context "sdk\\\\bsp/1602275726000"
# webtalk_add_data -client sdk -key uid -value "1602275839000" -context "sdk\\\\application/1602275839000"
# webtalk_add_data -client sdk -key hwid -value "1602275609000" -context "sdk\\\\application/1602275839000"
# webtalk_add_data -client sdk -key bspid -value "1602275726000" -context "sdk\\\\application/1602275839000"
# webtalk_add_data -client sdk -key newbsp -value "false" -context "sdk\\\\application/1602275839000"
# webtalk_add_data -client sdk -key os -value "standalone" -context "sdk\\\\application/1602275839000"
# webtalk_add_data -client sdk -key apptemplate -value "empty_application" -context "sdk\\\\application/1602275839000"
# webtalk_add_data -client sdk -key RecordType -value "APPCreation" -context "sdk\\\\application/1602275839000"
# webtalk_add_data -client sdk -key LangUsed -value "C" -context "sdk\\\\application/1602275839000"
# webtalk_add_data -client sdk -key Procused -value "psu_cortexa53" -context "sdk\\\\application/1602275839000"
# webtalk_add_data -client sdk -key uid -value "1602276142000" -context "sdk\\\\bsp/1602276142000"
# webtalk_add_data -client sdk -key hwid -value "1602275609000" -context "sdk\\\\bsp/1602276142000"
# webtalk_add_data -client sdk -key os -value "standalone" -context "sdk\\\\bsp/1602276142000"
# webtalk_add_data -client sdk -key apptemplate -value "empty_application" -context "sdk\\\\bsp/1602276142000"
# webtalk_add_data -client sdk -key RecordType -value "BSPCreation" -context "sdk\\\\bsp/1602276142000"
# webtalk_add_data -client sdk -key uid -value "1602276144000" -context "sdk\\\\application/1602276144000"
# webtalk_add_data -client sdk -key hwid -value "1602275609000" -context "sdk\\\\application/1602276144000"
# webtalk_add_data -client sdk -key bspid -value "1602276142000" -context "sdk\\\\application/1602276144000"
# webtalk_add_data -client sdk -key newbsp -value "true" -context "sdk\\\\application/1602276144000"
# webtalk_add_data -client sdk -key os -value "standalone" -context "sdk\\\\application/1602276144000"
# webtalk_add_data -client sdk -key apptemplate -value "empty_application" -context "sdk\\\\application/1602276144000"
# webtalk_add_data -client sdk -key RecordType -value "APPCreation" -context "sdk\\\\application/1602276144000"
# webtalk_add_data -client sdk -key LangUsed -value "C" -context "sdk\\\\application/1602276144000"
# webtalk_add_data -client sdk -key Procused -value "psu_cortexa53" -context "sdk\\\\application/1602276144000"
# webtalk_add_data -client sdk -key uid -value "1602276766000" -context "sdk\\\\application/1602276766000"
# webtalk_add_data -client sdk -key hwid -value "1602275609000" -context "sdk\\\\application/1602276766000"
# webtalk_add_data -client sdk -key bspid -value "1602275726000" -context "sdk\\\\application/1602276766000"
# webtalk_add_data -client sdk -key newbsp -value "false" -context "sdk\\\\application/1602276766000"
# webtalk_add_data -client sdk -key os -value "standalone" -context "sdk\\\\application/1602276766000"
# webtalk_add_data -client sdk -key apptemplate -value "empty_application" -context "sdk\\\\application/1602276766000"
# webtalk_add_data -client sdk -key RecordType -value "APPCreation" -context "sdk\\\\application/1602276766000"
# webtalk_add_data -client sdk -key LangUsed -value "C" -context "sdk\\\\application/1602276766000"
# webtalk_add_data -client sdk -key Procused -value "psu_cortexa53" -context "sdk\\\\application/1602276766000"
# webtalk_add_data -client sdk -key projSize -value "916.2734375" -context "sdk\\\\application/1602276766000"
# webtalk_add_data -client sdk -key uid -value "NA" -context "sdk\\\\bsp/1602277129106"
# webtalk_add_data -client sdk -key RecordType -value "ToolUsage" -context "sdk\\\\bsp/1602277129106"
# webtalk_add_data -client sdk -key BootgenCount -value "0" -context "sdk\\\\bsp/1602277129106"
# webtalk_add_data -client sdk -key DebugCount -value "0" -context "sdk\\\\bsp/1602277129106"
# webtalk_add_data -client sdk -key PerfCount -value "0" -context "sdk\\\\bsp/1602277129106"
# webtalk_add_data -client sdk -key FlashCount -value "0" -context "sdk\\\\bsp/1602277129106"
# webtalk_add_data -client sdk -key CrossTriggCount -value "0" -context "sdk\\\\bsp/1602277129106"
# webtalk_add_data -client sdk -key QemuDebugCount -value "0" -context "sdk\\\\bsp/1602277129106"
# webtalk_transmit -clientid 2302985773 -regid "" -xml /media/kidre/Dati/GIT_TEST/bare-metalProva/myproj/project_1.sdk/webtalk/usage_statistics_ext_sdk.xml -html /media/kidre/Dati/GIT_TEST/bare-metalProva/myproj/project_1.sdk/webtalk/usage_statistics_ext_sdk.html -wdm /media/kidre/Dati/GIT_TEST/bare-metalProva/myproj/project_1.sdk/webtalk/sdk_webtalk.wdm -intro "<H3>SDK Usage Report</H3><BR>"
# webtalk_terminate
INFO: [Common 17-206] Exiting Webtalk at Fri Oct  9 22:58:51 2020...
