

================================================================
== Vivado HLS Report for 'ov7670_prova'
================================================================
* Date:           Mon Sep 21 11:35:33 2020

* Version:        2018.1 (Build 2188600 on Wed Apr 04 19:04:02 MDT 2018)
* Project:        filtro_prova
* Solution:       solution1
* Product family: zynquplus
* Target device:  xczu3eg-sbva484-1-e


================================================================
== Performance Estimates
================================================================
+ Timing (ns): 
    * Summary: 
    +--------+-------+----------+------------+
    |  Clock | Target| Estimated| Uncertainty|
    +--------+-------+----------+------------+
    |ap_clk  |  10.00|      8.75|        1.25|
    +--------+-------+----------+------------+

+ Latency (clock cycles): 
    * Summary: 
    +-----+-----+-----+-----+---------+
    |  Latency  |  Interval | Pipeline|
    | min | max | min | max |   Type  |
    +-----+-----+-----+-----+---------+
    |    3|    9|    3|    9|   none  |
    +-----+-----+-----+-----+---------+

    + Detail: 
        * Instance: 
        N/A

        * Loop: 
        N/A



================================================================
== Utilization Estimates
================================================================
* Summary: 
+-----------------+---------+-------+--------+-------+-----+
|       Name      | BRAM_18K| DSP48E|   FF   |  LUT  | URAM|
+-----------------+---------+-------+--------+-------+-----+
|DSP              |        -|      -|       -|      -|    -|
|Expression       |        -|      -|       0|    182|    -|
|FIFO             |        -|      -|       -|      -|    -|
|Instance         |        2|      -|     648|    868|    -|
|Memory           |        -|      -|       -|      -|    -|
|Multiplexer      |        -|      -|       -|    197|    -|
|Register         |        -|      -|     211|      -|    -|
+-----------------+---------+-------+--------+-------+-----+
|Total            |        2|      0|     859|   1247|    0|
+-----------------+---------+-------+--------+-------+-----+
|Available        |      432|    360|  141120|  70560|    0|
+-----------------+---------+-------+--------+-------+-----+
|Utilization (%)  |    ~0   |      0|   ~0   |      1|    0|
+-----------------+---------+-------+--------+-------+-----+

+ Detail: 
    * Instance: 
    +--------------------------------------------+------------------------------------------+---------+-------+-----+-----+
    |                  Instance                  |                  Module                  | BRAM_18K| DSP48E|  FF | LUT |
    +--------------------------------------------+------------------------------------------+---------+-------+-----+-----+
    |ov7670_prova_AXILiteS_s_axi_U               |ov7670_prova_AXILiteS_s_axi               |        0|      0|  100|  168|
    |ov7670_prova_outStream_grayscale_V_m_axi_U  |ov7670_prova_outStream_grayscale_V_m_axi  |        2|      0|  548|  700|
    +--------------------------------------------+------------------------------------------+---------+-------+-----+-----+
    |Total                                       |                                          |        2|      0|  648|  868|
    +--------------------------------------------+------------------------------------------+---------+-------+-----+-----+

    * DSP48: 
    N/A

    * Memory: 
    N/A

    * FIFO: 
    N/A

    * Expression: 
    +---------------------------------------+----------+-------+---+----+------------+------------+
    |             Variable Name             | Operation| DSP48E| FF| LUT| Bitwidth P0| Bitwidth P1|
    +---------------------------------------+----------+-------+---+----+------------+------------+
    |offset_fu_141_p2                       |     +    |      0|  0|  39|          32|          32|
    |tmp_8_fu_157_p2                        |     +    |      0|  0|  39|           1|          32|
    |ap_block_state10_io                    |    and   |      0|  0|   2|           1|           1|
    |ap_block_state11_io                    |    and   |      0|  0|   2|           1|           1|
    |ap_block_state2_io                     |    and   |      0|  0|   2|           1|           1|
    |ap_block_state3_io                     |    and   |      0|  0|   2|           1|           1|
    |ap_predicate_op35_write_state2         |    and   |      0|  0|   2|           1|           1|
    |ap_predicate_op57_write_state11        |    and   |      0|  0|   2|           1|           1|
    |inStream_V_V_0_load_A                  |    and   |      0|  0|   2|           1|           1|
    |inStream_V_V_0_load_B                  |    and   |      0|  0|   2|           1|           1|
    |outStream_CHROMA_V_V_1_load_A          |    and   |      0|  0|   2|           1|           1|
    |outStream_CHROMA_V_V_1_load_B          |    and   |      0|  0|   2|           1|           1|
    |outStream_LUMA_V_V_1_load_A            |    and   |      0|  0|   2|           1|           1|
    |outStream_LUMA_V_V_1_load_B            |    and   |      0|  0|   2|           1|           1|
    |inStream_V_V_0_state_cmp_full          |   icmp   |      0|  0|   8|           2|           1|
    |outStream_CHROMA_V_V_1_state_cmp_full  |   icmp   |      0|  0|   8|           2|           1|
    |outStream_LUMA_V_V_1_state_cmp_full    |   icmp   |      0|  0|   8|           2|           1|
    |tmp_3_fu_124_p2                        |   icmp   |      0|  0|  20|          32|          19|
    |ap_block_state11                       |    or    |      0|  0|   2|           1|           1|
    |t_V_fu_130_p3                          |  select  |      0|  0|  32|           1|           1|
    |tmp_s_fu_169_p2                        |    xor   |      0|  0|   2|           1|           2|
    +---------------------------------------+----------+-------+---+----+------------+------------+
    |Total                                  |          |      0|  0| 182|          86|         102|
    +---------------------------------------+----------+-------+---+----+------------+------------+

    * Multiplexer: 
    +----------------------------------------------+----+-----------+-----+-----------+
    |                     Name                     | LUT| Input Size| Bits| Total Bits|
    +----------------------------------------------+----+-----------+-----+-----------+
    |ap_NS_fsm                                     |  53|         12|    1|         12|
    |ap_sig_ioackin_outStream_grayscale_V_AWREADY  |   9|          2|    1|          2|
    |ap_sig_ioackin_outStream_grayscale_V_WREADY   |   9|          2|    1|          2|
    |inStream_V_V_0_data_out                       |   9|          2|    8|         16|
    |inStream_V_V_0_state                          |  15|          3|    2|          6|
    |inStream_V_V_TDATA_blk_n                      |   9|          2|    1|          2|
    |outStream_CHROMA_V_V_1_data_out               |   9|          2|    8|         16|
    |outStream_CHROMA_V_V_1_state                  |  15|          3|    2|          6|
    |outStream_CHROMA_V_V_TDATA_blk_n              |   9|          2|    1|          2|
    |outStream_LUMA_V_V_1_data_out                 |   9|          2|    8|         16|
    |outStream_LUMA_V_V_1_state                    |  15|          3|    2|          6|
    |outStream_LUMA_V_V_TDATA_blk_n                |   9|          2|    1|          2|
    |outStream_grayscale_V_blk_n_AW                |   9|          2|    1|          2|
    |outStream_grayscale_V_blk_n_B                 |   9|          2|    1|          2|
    |outStream_grayscale_V_blk_n_W                 |   9|          2|    1|          2|
    +----------------------------------------------+----+-----------+-----+-----------+
    |Total                                         | 197|         43|   39|         94|
    +----------------------------------------------+----+-----------+-----+-----------+

    * Register: 
    +----------------------------------------------+----+----+-----+-----------+
    |                     Name                     | FF | LUT| Bits| Const Bits|
    +----------------------------------------------+----+----+-----+-----------+
    |ap_CS_fsm                                     |  11|   0|   11|          0|
    |ap_reg_ioackin_outStream_grayscale_V_AWREADY  |   1|   0|    1|          0|
    |ap_reg_ioackin_outStream_grayscale_V_WREADY   |   1|   0|    1|          0|
    |base_address_read_reg_180                     |  64|   0|   64|          0|
    |grayscale_valid                               |   1|   0|    1|          0|
    |grayscale_valid_load_reg_195                  |   1|   0|    1|          0|
    |inStream_V_V_0_payload_A                      |   8|   0|    8|          0|
    |inStream_V_V_0_payload_B                      |   8|   0|    8|          0|
    |inStream_V_V_0_sel_rd                         |   1|   0|    1|          0|
    |inStream_V_V_0_sel_wr                         |   1|   0|    1|          0|
    |inStream_V_V_0_state                          |   2|   0|    2|          0|
    |inner_index_V                                 |  32|   0|   32|          0|
    |outStream_CHROMA_V_V_1_payload_A              |   8|   0|    8|          0|
    |outStream_CHROMA_V_V_1_payload_B              |   8|   0|    8|          0|
    |outStream_CHROMA_V_V_1_sel_rd                 |   1|   0|    1|          0|
    |outStream_CHROMA_V_V_1_sel_wr                 |   1|   0|    1|          0|
    |outStream_CHROMA_V_V_1_state                  |   2|   0|    2|          0|
    |outStream_LUMA_V_V_1_payload_A                |   8|   0|    8|          0|
    |outStream_LUMA_V_V_1_payload_B                |   8|   0|    8|          0|
    |outStream_LUMA_V_V_1_sel_rd                   |   1|   0|    1|          0|
    |outStream_LUMA_V_V_1_sel_wr                   |   1|   0|    1|          0|
    |outStream_LUMA_V_V_1_state                    |   2|   0|    2|          0|
    |outStream_grayscale_s_reg_200                 |  32|   0|   32|          0|
    |tmp_V_reg_189                                 |   8|   0|    8|          0|
    +----------------------------------------------+----+----+-----+-----------+
    |Total                                         | 211|   0|  211|          0|
    +----------------------------------------------+----+----+-----+-----------+



================================================================
== Interface
================================================================
* Summary: 
+--------------------------------------+-----+-----+------------+-----------------------+--------------+
|               RTL Ports              | Dir | Bits|  Protocol  |     Source Object     |    C Type    |
+--------------------------------------+-----+-----+------------+-----------------------+--------------+
|s_axi_AXILiteS_AWVALID                |  in |    1|    s_axi   |        AXILiteS       |    scalar    |
|s_axi_AXILiteS_AWREADY                | out |    1|    s_axi   |        AXILiteS       |    scalar    |
|s_axi_AXILiteS_AWADDR                 |  in |    5|    s_axi   |        AXILiteS       |    scalar    |
|s_axi_AXILiteS_WVALID                 |  in |    1|    s_axi   |        AXILiteS       |    scalar    |
|s_axi_AXILiteS_WREADY                 | out |    1|    s_axi   |        AXILiteS       |    scalar    |
|s_axi_AXILiteS_WDATA                  |  in |   32|    s_axi   |        AXILiteS       |    scalar    |
|s_axi_AXILiteS_WSTRB                  |  in |    4|    s_axi   |        AXILiteS       |    scalar    |
|s_axi_AXILiteS_ARVALID                |  in |    1|    s_axi   |        AXILiteS       |    scalar    |
|s_axi_AXILiteS_ARREADY                | out |    1|    s_axi   |        AXILiteS       |    scalar    |
|s_axi_AXILiteS_ARADDR                 |  in |    5|    s_axi   |        AXILiteS       |    scalar    |
|s_axi_AXILiteS_RVALID                 | out |    1|    s_axi   |        AXILiteS       |    scalar    |
|s_axi_AXILiteS_RREADY                 |  in |    1|    s_axi   |        AXILiteS       |    scalar    |
|s_axi_AXILiteS_RDATA                  | out |   32|    s_axi   |        AXILiteS       |    scalar    |
|s_axi_AXILiteS_RRESP                  | out |    2|    s_axi   |        AXILiteS       |    scalar    |
|s_axi_AXILiteS_BVALID                 | out |    1|    s_axi   |        AXILiteS       |    scalar    |
|s_axi_AXILiteS_BREADY                 |  in |    1|    s_axi   |        AXILiteS       |    scalar    |
|s_axi_AXILiteS_BRESP                  | out |    2|    s_axi   |        AXILiteS       |    scalar    |
|ap_clk                                |  in |    1| ap_ctrl_hs |      ov7670_prova     | return value |
|ap_rst_n                              |  in |    1| ap_ctrl_hs |      ov7670_prova     | return value |
|ap_start                              |  in |    1| ap_ctrl_hs |      ov7670_prova     | return value |
|ap_done                               | out |    1| ap_ctrl_hs |      ov7670_prova     | return value |
|ap_idle                               | out |    1| ap_ctrl_hs |      ov7670_prova     | return value |
|ap_ready                              | out |    1| ap_ctrl_hs |      ov7670_prova     | return value |
|inStream_V_V_TDATA                    |  in |    8|    axis    |      inStream_V_V     |    pointer   |
|inStream_V_V_TVALID                   |  in |    1|    axis    |      inStream_V_V     |    pointer   |
|inStream_V_V_TREADY                   | out |    1|    axis    |      inStream_V_V     |    pointer   |
|m_axi_outStream_grayscale_V_AWVALID   | out |    1|    m_axi   | outStream_grayscale_V |    pointer   |
|m_axi_outStream_grayscale_V_AWREADY   |  in |    1|    m_axi   | outStream_grayscale_V |    pointer   |
|m_axi_outStream_grayscale_V_AWADDR    | out |   32|    m_axi   | outStream_grayscale_V |    pointer   |
|m_axi_outStream_grayscale_V_AWID      | out |    1|    m_axi   | outStream_grayscale_V |    pointer   |
|m_axi_outStream_grayscale_V_AWLEN     | out |    8|    m_axi   | outStream_grayscale_V |    pointer   |
|m_axi_outStream_grayscale_V_AWSIZE    | out |    3|    m_axi   | outStream_grayscale_V |    pointer   |
|m_axi_outStream_grayscale_V_AWBURST   | out |    2|    m_axi   | outStream_grayscale_V |    pointer   |
|m_axi_outStream_grayscale_V_AWLOCK    | out |    2|    m_axi   | outStream_grayscale_V |    pointer   |
|m_axi_outStream_grayscale_V_AWCACHE   | out |    4|    m_axi   | outStream_grayscale_V |    pointer   |
|m_axi_outStream_grayscale_V_AWPROT    | out |    3|    m_axi   | outStream_grayscale_V |    pointer   |
|m_axi_outStream_grayscale_V_AWQOS     | out |    4|    m_axi   | outStream_grayscale_V |    pointer   |
|m_axi_outStream_grayscale_V_AWREGION  | out |    4|    m_axi   | outStream_grayscale_V |    pointer   |
|m_axi_outStream_grayscale_V_AWUSER    | out |    1|    m_axi   | outStream_grayscale_V |    pointer   |
|m_axi_outStream_grayscale_V_WVALID    | out |    1|    m_axi   | outStream_grayscale_V |    pointer   |
|m_axi_outStream_grayscale_V_WREADY    |  in |    1|    m_axi   | outStream_grayscale_V |    pointer   |
|m_axi_outStream_grayscale_V_WDATA     | out |   32|    m_axi   | outStream_grayscale_V |    pointer   |
|m_axi_outStream_grayscale_V_WSTRB     | out |    4|    m_axi   | outStream_grayscale_V |    pointer   |
|m_axi_outStream_grayscale_V_WLAST     | out |    1|    m_axi   | outStream_grayscale_V |    pointer   |
|m_axi_outStream_grayscale_V_WID       | out |    1|    m_axi   | outStream_grayscale_V |    pointer   |
|m_axi_outStream_grayscale_V_WUSER     | out |    1|    m_axi   | outStream_grayscale_V |    pointer   |
|m_axi_outStream_grayscale_V_ARVALID   | out |    1|    m_axi   | outStream_grayscale_V |    pointer   |
|m_axi_outStream_grayscale_V_ARREADY   |  in |    1|    m_axi   | outStream_grayscale_V |    pointer   |
|m_axi_outStream_grayscale_V_ARADDR    | out |   32|    m_axi   | outStream_grayscale_V |    pointer   |
|m_axi_outStream_grayscale_V_ARID      | out |    1|    m_axi   | outStream_grayscale_V |    pointer   |
|m_axi_outStream_grayscale_V_ARLEN     | out |    8|    m_axi   | outStream_grayscale_V |    pointer   |
|m_axi_outStream_grayscale_V_ARSIZE    | out |    3|    m_axi   | outStream_grayscale_V |    pointer   |
|m_axi_outStream_grayscale_V_ARBURST   | out |    2|    m_axi   | outStream_grayscale_V |    pointer   |
|m_axi_outStream_grayscale_V_ARLOCK    | out |    2|    m_axi   | outStream_grayscale_V |    pointer   |
|m_axi_outStream_grayscale_V_ARCACHE   | out |    4|    m_axi   | outStream_grayscale_V |    pointer   |
|m_axi_outStream_grayscale_V_ARPROT    | out |    3|    m_axi   | outStream_grayscale_V |    pointer   |
|m_axi_outStream_grayscale_V_ARQOS     | out |    4|    m_axi   | outStream_grayscale_V |    pointer   |
|m_axi_outStream_grayscale_V_ARREGION  | out |    4|    m_axi   | outStream_grayscale_V |    pointer   |
|m_axi_outStream_grayscale_V_ARUSER    | out |    1|    m_axi   | outStream_grayscale_V |    pointer   |
|m_axi_outStream_grayscale_V_RVALID    |  in |    1|    m_axi   | outStream_grayscale_V |    pointer   |
|m_axi_outStream_grayscale_V_RREADY    | out |    1|    m_axi   | outStream_grayscale_V |    pointer   |
|m_axi_outStream_grayscale_V_RDATA     |  in |   32|    m_axi   | outStream_grayscale_V |    pointer   |
|m_axi_outStream_grayscale_V_RLAST     |  in |    1|    m_axi   | outStream_grayscale_V |    pointer   |
|m_axi_outStream_grayscale_V_RID       |  in |    1|    m_axi   | outStream_grayscale_V |    pointer   |
|m_axi_outStream_grayscale_V_RUSER     |  in |    1|    m_axi   | outStream_grayscale_V |    pointer   |
|m_axi_outStream_grayscale_V_RRESP     |  in |    2|    m_axi   | outStream_grayscale_V |    pointer   |
|m_axi_outStream_grayscale_V_BVALID    |  in |    1|    m_axi   | outStream_grayscale_V |    pointer   |
|m_axi_outStream_grayscale_V_BREADY    | out |    1|    m_axi   | outStream_grayscale_V |    pointer   |
|m_axi_outStream_grayscale_V_BRESP     |  in |    2|    m_axi   | outStream_grayscale_V |    pointer   |
|m_axi_outStream_grayscale_V_BID       |  in |    1|    m_axi   | outStream_grayscale_V |    pointer   |
|m_axi_outStream_grayscale_V_BUSER     |  in |    1|    m_axi   | outStream_grayscale_V |    pointer   |
|enable_raw_stream                     |  in |    1|   ap_none  |   enable_raw_stream   |    scalar    |
|outStream_LUMA_V_V_TDATA              | out |    8|    axis    |   outStream_LUMA_V_V  |    pointer   |
|outStream_LUMA_V_V_TVALID             | out |    1|    axis    |   outStream_LUMA_V_V  |    pointer   |
|outStream_LUMA_V_V_TREADY             |  in |    1|    axis    |   outStream_LUMA_V_V  |    pointer   |
|outStream_CHROMA_V_V_TDATA            | out |    8|    axis    |  outStream_CHROMA_V_V |    pointer   |
|outStream_CHROMA_V_V_TVALID           | out |    1|    axis    |  outStream_CHROMA_V_V |    pointer   |
|outStream_CHROMA_V_V_TREADY           |  in |    1|    axis    |  outStream_CHROMA_V_V |    pointer   |
+--------------------------------------+-----+-----+------------+-----------------------+--------------+

